b 1
b 2
b 3
b 4
b 5
b 6
b 7
b 8
b 9
b 10
b 11
b 12
b 13
b 14
b 15
b 16
b 17
b 18
b 19
b 20
b 21
b 22
b 23
b 24
b 25
b 26
b 27
b 28
b 29
b 30
b 31
b 32
b 33
b 34
b 35
b 36
b 37
b 38
b 39
b 40
b 41
b 42
b 43
b 44
b 45
b 46
b 47
b 48
b 49
b 50
b 51
b 52
b 53
b 54
b 55
b 56
b 57
b 58
b 59
b 60
b 61
b 62
b 63
b 64
b 65
b 66
b 67
b 68
b 69
b 70
b 71
b 72
b 73
b 74
b 75
b 76
b 77
b 78
b 79
b 80
b 81
b 82
b 83
b 84
b 85
b 86
b 87
b 88
b 89
b 90
b 91
b 92
b 93
b 94
b 95
b 96
b 97
b 98
b 99
b 100
b 101
d 1 1
d 7 1
d 3 1
d 8 1
d 2 1
d 6 1
d 3 2
d 1 2
d 1 3
d 1 4
d 2 2
d 2 3
d 2 4
d 2 5
d 3 3
d 3 4
d 3 5
d 3 6
d 7 2
d 8 2
d 6 2
d 6 3
d 6 4
d 6 5
d 7 3
d 7 4
d 1 5
d 1 6
d 1 7
d 2 6
d 2 7
d 3 7
d 3 8
d 1 8
d 5 1
d 5 2
d 6 6
d 6 7
d 6 8
d 6 9
d 6 10
d 6 11
d 8 3
d 8 4
d 8 5
d 8 6
d 8 7
d 8 8
d 8 9
d 7 5
d 6 12
d 6 13
d 7 6
d 3 9
d 3 10
d 3 11
d 6 14
d 6 15
d 6 16
d 8 10
d 5 3
d 5 4
d 5 5
d 1 9
d 1 10
d 1 11
d 8 11
d 8 12
d 8 13
d 8 14
d 3 12
d 3 13
d 6 17
d 6 18
d 6 19
d 7 7
d 8 15
d 2 8
d 2 9
d 4 1
d 4 2
d 4 3
d 8 16
d 6 20
d 6 21
d 6 22
d 6 23
d 6 24
d 6 25
d 6 26
d 6 27
d 6 28
d 6 29
d 6 30
d 6 31
d 6 32
d 6 33
d 6 34
d 6 35
d 8 17
d 1 12
d 1 13
d 1 14
d 8 18
d 8 19
d 7 8
d 1 15
d 1 16
d 1 17
d 1 18
d 4 4
d 3 14
d 3 15
d 3 16
d 3 17
d 7 9
d 8 20
d 6 36
d 6 37
d 6 38
d 6 39
d 8 21
d 8 22
d 6 40
d 6 41
d 6 42
d 6 43
d 3 18
d 3 19
d 3 20
d 3 21
d 3 22
d 3 23
d 4 5
d 4 6
d 7 10
d 1 19
d 6 44
d 3 24
d 3 25
d 6 45
d 6 46
d 6 47
d 6 48
d 6 49
d 6 50
d 6 51
d 6 52
d 6 53
d 6 54
d 3 26
d 3 27
d 3 28
d 3 29
d 3 30
d 3 31
d 5 6
