My PID is 7196.
Use 'kill -SIGINT 7196 ' or 'kill -SIGTERM 7196 ' to stop processing packets.
My id is 2.
List of hosts is:
1, 127.0.0.1, 11001
2, 127.0.0.1, 11002
3, 127.0.0.1, 11003
4, 127.0.0.1, 11004
5, 127.0.0.1, 11005
6, 127.0.0.1, 11006
7, 127.0.0.1, 11007
Barrier: 127.0.0.1:10000
Signal: 127.0.0.1:11000
Output: /media/sf_CS451-2020-project/logs/proc02.output
Config: /tmp/tmp3l8apcb2
Waiting for all processes for finish initialization
Accessing barrier...
Broadcasting messages...
(2) broadcast message (0)
(2) broadcast message (1)
(2) broadcast message (2)
(2) broadcast message (3)
(2) broadcast message (4)
(2) broadcast message (5)
(2) broadcast message (6)
(2) broadcast message (7)
(2) broadcast message (8)
(2) broadcast message (9)
(2) broadcast message (10)
(2) broadcast message (11)
(2) broadcast message (12)
(2) broadcast message (13)
(2) broadcast message (14)
(2) broadcast message (15)
(2) broadcast message (16)
(2) broadcast message (17)
(2) broadcast message (18)
(2) broadcast message (19)
(2) broadcast message (20)
(2) broadcast message (21)
(2) broadcast message (22)
(2) broadcast message (23)
(2) broadcast message (24)
(2) broadcast message (25)
(2) broadcast message (26)
(2) broadcast message (27)
(2) broadcast message (28)
(2) broadcast message (29)
(2) broadcast message (30)
(2) broadcast message (31)
(2) broadcast message (32)
(2) broadcast message (33)
(2) broadcast message (34)
(2) broadcast message (35)
(2) broadcast message (36)
(2) broadcast message (37)
(2) broadcast message (38)
(2) broadcast message (39)
(2) broadcast message (40)
(2) broadcast message (41)
(2) broadcast message (42)
(2) broadcast message (43)
(2) broadcast message (44)
(2) broadcast message (45)
(2) broadcast message (46)
(2) broadcast message (47)
(2) broadcast message (48)
(2) broadcast message (49)
(2) broadcast message (50)
(2) broadcast message (51)
(2) broadcast message (52)
(2) broadcast message (53)
(2) broadcast message (54)
(2) broadcast message (55)
(2) broadcast message (56)
(2) broadcast message (57)
(2) broadcast message (58)
(2) broadcast message (59)
(2) broadcast message (60)
(2) broadcast message (61)
(2) broadcast message (62)
(2) broadcast message (63)
(2) broadcast message (64)
(2) broadcast message (65)
(2) broadcast message (66)
(2) broadcast message (67)
(2) broadcast message (68)
(2) broadcast message (69)
(2) broadcast message (70)
(2) broadcast message (71)
(2) broadcast message (72)
(2) broadcast message (73)
(2) broadcast message (74)
(2) broadcast message (75)
(2) broadcast message (76)
(2) broadcast message (77)
(2) broadcast message (78)
(2) broadcast message (79)
(2) broadcast message (80)
(2) broadcast message (81)
(2) broadcast message (82)
(2) broadcast message (83)
(2) broadcast message (84)
(2) broadcast message (85)
(2) broadcast message (86)
(2) broadcast message (87)
(2) broadcast message (88)
(2) broadcast message (89)
(2) broadcast message (90)
(2) broadcast message (91)
(2) broadcast message (92)
(2) broadcast message (93)
(2) broadcast message (94)
(2) broadcast message (95)
(2) broadcast message (96)
(2) broadcast message (97)
(2) broadcast message (98)
(2) broadcast message (99)
(2) broadcast message (100)
(2) broadcast message (101)
(2) broadcast message (102)
(2) broadcast message (103)
(2) broadcast message (104)
(2) broadcast message (105)
(2) broadcast message (106)
(2) broadcast message (107)
(2) broadcast message (108)
(2) broadcast message (109)
(2) broadcast message (110)
(2) broadcast message (111)
(2) broadcast message (112)
(2) broadcast message (113)
(2) broadcast message (114)
(2) broadcast message (115)
(2) broadcast message (116)
(2) broadcast message (117)
(2) broadcast message (118)
(2) broadcast message (119)
(2) broadcast message (120)
(2) broadcast message (121)
(2) broadcast message (122)
(2) broadcast message (123)
(2) broadcast message (124)
(2) broadcast message (125)
(2) broadcast message (126)
(2) broadcast message (127)
(2) broadcast message (128)
(2) broadcast message (129)
(2) broadcast message (130)
(2) broadcast message (131)
(2) broadcast message (132)
(2) broadcast message (133)
(2) broadcast message (134)
(2) broadcast message (135)
(2) broadcast message (136)
(2) broadcast message (137)
(2) broadcast message (138)
(2) broadcast message (139)
(2) broadcast message (140)
(2) broadcast message (141)
(2) broadcast message (142)
(2) broadcast message (143)
(2) broadcast message (144)
(2) broadcast message (145)
(2) broadcast message (146)
(2) broadcast message (147)
(2) broadcast message (148)
(2) broadcast message (149)
(2) broadcast message (150)
(2) broadcast message (151)
(2) broadcast message (152)
(2) broadcast message (153)
(2) broadcast message (154)
(2) broadcast message (155)
(2) broadcast message (156)
(2) broadcast message (157)
(2) broadcast message (158)
(2) broadcast message (159)
(2) broadcast message (160)
(2) broadcast message (161)
(2) broadcast message (162)
(2) broadcast message (163)
(2) broadcast message (164)
(2) broadcast message (165)
(2) broadcast message (166)
(2) broadcast message (167)
(2) broadcast message (168)
(2) broadcast message (169)
(2) broadcast message (170)
(2) broadcast message (171)
(2) broadcast message (172)
(2) broadcast message (173)
(2) broadcast message (174)
(2) broadcast message (175)
(2) broadcast message (176)
(2) broadcast message (177)
(2) broadcast message (178)
(2) broadcast message (179)
(2) broadcast message (180)
(2) broadcast message (181)
(2) broadcast message (182)
(2) broadcast message (183)
(2) broadcast message (184)
(2) broadcast message (185)
(2) broadcast message (186)
(2) broadcast message (187)
(2) broadcast message (188)
(2) broadcast message (189)
(2) broadcast message (190)
(2) broadcast message (191)
(2) broadcast message (192)
(2) broadcast message (193)
(2) broadcast message (194)
(2) broadcast message (195)
(2) broadcast message (196)
(2) broadcast message (197)
(2) broadcast message (198)
(2) broadcast message (199)
(2) Signaling end of broadcasting messages
Immediately stopping network packet processing.
Writing output.
b 1
b 2
b 3
b 4
b 5
b 6
b 7
b 8
b 9
b 10
b 11
b 12
b 13
b 14
b 15
b 16
b 17
b 18
b 19
b 20
b 21
b 22
b 23
b 24
b 25
b 26
b 27
b 28
b 29
b 30
b 31
b 32
b 33
b 34
b 35
b 36
b 37
b 38
b 39
b 40
b 41
b 42
b 43
b 44
b 45
b 46
b 47
b 48
b 49
b 50
b 51
b 52
b 53
b 54
b 55
b 56
b 57
b 58
b 59
b 60
b 61
b 62
b 63
b 64
b 65
b 66
b 67
b 68
b 69
b 70
b 71
b 72
b 73
b 74
b 75
b 76
b 77
b 78
b 79
b 80
b 81
b 82
b 83
b 84
b 85
b 86
b 87
b 88
b 89
b 90
b 91
b 92
b 93
b 94
b 95
b 96
b 97
b 98
b 99
b 100
b 101
b 102
b 103
b 104
b 105
b 106
b 107
b 108
b 109
b 110
b 111
b 112
b 113
b 114
b 115
b 116
b 117
b 118
b 119
b 120
b 121
b 122
b 123
b 124
b 125
b 126
b 127
b 128
b 129
b 130
b 131
b 132
b 133
b 134
b 135
b 136
b 137
b 138
b 139
b 140
b 141
b 142
b 143
b 144
b 145
b 146
b 147
b 148
b 149
b 150
b 151
b 152
b 153
b 154
b 155
b 156
b 157
b 158
b 159
b 160
b 161
b 162
b 163
b 164
b 165
b 166
b 167
b 168
b 169
b 170
b 171
b 172
b 173
b 174
b 175
b 176
b 177
b 178
b 179
b 180
b 181
b 182
b 183
b 184
b 185
b 186
b 187
b 188
b 189
b 190
b 191
b 192
b 193
b 194
b 195
b 196
b 197
b 198
b 199
b 200
d 2 1
d 2 2
