b 1
b 2
b 3
b 4
b 5
b 6
b 7
b 8
b 9
b 10
b 11
b 12
b 13
b 14
b 15
b 16
b 17
b 18
b 19
b 20
b 21
b 22
b 23
b 24
b 25
b 26
b 27
b 28
b 29
b 30
b 31
b 32
b 33
b 34
b 35
b 36
b 37
b 38
b 39
b 40
b 41
b 42
b 43
b 44
b 45
b 46
b 47
b 48
b 49
b 50
b 51
b 52
b 53
b 54
b 55
b 56
b 57
b 58
b 59
b 60
b 61
b 62
b 63
b 64
b 65
b 66
b 67
b 68
b 69
b 70
b 71
b 72
b 73
b 74
b 75
b 76
b 77
b 78
b 79
b 80
b 81
b 82
b 83
b 84
b 85
b 86
b 87
b 88
b 89
b 90
b 91
b 92
b 93
b 94
b 95
b 96
b 97
b 98
b 99
b 100
b 101
d 1 1
d 3 1
d 7 1
d 8 1
d 6 1
d 2 1
d 8 2
d 8 3
d 1 2
d 3 2
d 3 3
d 8 4
d 8 5
d 3 4
d 3 5
d 3 6
d 7 2
d 7 3
d 7 4
d 6 2
d 6 3
d 6 4
d 6 5
d 6 6
d 6 7
d 6 8
d 6 9
d 6 10
d 6 11
d 6 12
d 6 13
d 8 6
d 8 7
d 3 7
d 3 8
d 8 8
d 8 9
d 6 14
d 8 10
d 2 2
d 4 1
d 2 3
d 2 4
d 7 5
d 1 3
d 1 4
d 1 5
d 5 1
d 1 6
d 1 7
d 1 8
d 1 9
d 8 11
d 4 2
d 4 3
d 4 4
d 6 15
d 6 16
d 6 17
d 6 18
d 6 19
d 6 20
d 6 21
d 6 22
d 6 23
d 6 24
d 6 25
d 6 26
d 6 27
d 6 28
d 6 29
d 6 30
d 6 31
d 6 32
d 8 12
d 8 13
d 2 5
d 2 6
d 2 7
d 8 14
d 8 15
d 8 16
d 3 9
d 6 33
d 8 17
d 2 8
d 5 2
d 5 3
d 4 5
d 4 6
d 4 7
d 4 8
d 4 9
d 4 10
d 4 11
d 7 6
d 7 7
d 7 8
d 4 12
d 4 13
d 4 14
d 4 15
d 4 16
d 7 9
d 7 10
d 7 11
d 4 17
d 4 18
d 4 19
d 4 20
d 4 21
d 4 22
d 6 34
d 6 35
d 6 36
d 6 37
d 6 38
d 6 39
d 6 40
d 6 41
d 6 42
d 6 43
d 6 44
d 6 45
d 6 46
d 6 47
d 6 48
d 6 49
d 6 50
d 6 51
d 6 52
d 6 53
d 6 54
d 6 55
d 6 56
d 6 57
d 6 58
d 6 59
d 6 60
d 6 61
d 6 62
d 6 63
d 6 64
d 6 65
d 6 66
d 4 23
d 4 24
d 4 25
d 4 26
d 4 27
d 4 28
d 6 67
d 1 10
d 1 11
d 1 12
d 1 13
d 1 14
d 1 15
d 1 16
d 1 17
d 1 18
d 1 19
d 3 10
d 3 11
d 3 12
d 3 13
d 3 14
d 3 15
d 3 16
d 3 17
d 3 18
d 3 19
d 3 20
d 3 21
d 3 22
d 1 20
d 1 21
d 4 29
d 4 30
d 4 31
d 4 32
d 4 33
d 4 34
d 4 35
d 4 36
d 4 37
d 4 38
d 4 39
d 4 40
d 4 41
d 4 42
d 4 43
d 3 23
d 7 12
d 7 13
d 7 14
d 7 15
d 7 16
d 7 17
d 7 18
d 7 19
d 7 20
d 5 4
d 5 5
d 5 6
d 5 7
d 5 8
d 5 9
d 5 10
d 4 44
d 4 45
d 4 46
d 7 21
d 7 22
d 7 23
d 7 24
d 7 25
d 7 26
d 7 27
d 7 28
d 8 18
d 8 19
d 8 20
d 8 21
d 8 22
d 8 23
d 8 24
d 8 25
d 2 9
d 2 10
d 2 11
d 7 29
d 2 12
d 2 13
d 2 14
d 2 15
d 2 16
d 2 17
d 2 18
d 2 19
d 2 20
d 2 21
d 5 11
d 5 12
d 7 30
d 7 31
d 7 32
d 7 33
d 7 34
d 7 35
d 7 36
d 7 37
d 7 38
d 3 24
d 3 25
d 5 13
d 5 14
d 5 15
d 5 16
d 1 22
d 1 23
d 1 24
d 1 25
d 1 26
d 1 27
d 4 47
d 5 17
d 5 18
d 8 26
d 8 27
d 8 28
d 8 29
d 8 30
d 8 31
d 8 32
d 8 33
d 8 34
d 8 35
d 8 36
d 8 37
d 1 28
d 1 29
d 1 30
d 1 31
d 1 32
d 1 33
d 1 34
d 2 22
d 2 23
d 2 24
d 2 25
d 2 26
d 4 48
d 4 49
d 4 50
d 4 51
d 4 52
d 4 53
d 4 54
d 4 55
d 4 56
d 4 57
d 4 58
d 4 59
d 4 60
d 4 61
d 4 62
d 4 63
d 4 64
d 4 65
d 4 66
d 4 67
d 4 68
d 4 69
d 4 70
d 4 71
d 4 72
d 4 73
d 4 74
d 4 75
d 4 76
d 4 77
d 4 78
d 4 79
d 8 38
d 8 39
d 8 40
d 8 41
d 8 42
d 2 27
d 1 35
d 2 28
d 2 29
d 6 68
d 6 69
d 6 70
d 6 71
d 6 72
d 6 73
d 6 74
d 4 80
d 4 81
d 1 36
d 1 37
d 1 38
d 7 39
d 7 40
d 7 41
d 7 42
d 7 43
d 1 39
d 1 40
d 2 30
d 2 31
d 2 32
d 2 33
d 7 44
d 5 19
d 5 20
d 5 21
d 5 22
d 5 23
d 5 24
d 5 25
d 5 26
d 5 27
d 5 28
d 5 29
d 5 30
d 6 75
d 6 76
d 6 77
d 6 78
d 6 79
d 6 80
d 6 81
d 4 82
d 4 83
d 4 84
d 4 85
d 4 86
d 4 87
d 4 88
d 4 89
d 4 90
d 4 91
d 4 92
d 4 93
d 4 94
d 4 95
d 4 96
d 4 97
d 4 98
d 4 99
d 4 100
d 6 82
d 7 45
d 7 46
d 5 31
d 5 32
d 5 33
d 7 47
d 7 48
d 7 49
d 7 50
d 7 51
d 7 52
d 7 53
d 7 54
d 7 55
d 7 56
d 7 57
d 7 58
d 7 59
d 7 60
d 7 61
d 7 62
d 7 63
d 7 64
d 7 65
d 7 66
d 7 67
d 5 34
d 5 35
d 5 36
d 5 37
d 5 38
d 4 101
d 8 43
d 6 83
d 8 44
d 8 45
d 8 46
d 8 47
d 8 48
d 8 49
d 8 50
d 8 51
d 8 52
d 8 53
d 8 54
d 8 55
d 8 56
d 8 57
d 8 58
d 8 59
d 8 60
d 8 61
d 8 62
d 7 68
d 7 69
d 7 70
d 7 71
d 7 72
d 7 73
d 7 74
d 7 75
d 7 76
d 7 77
d 7 78
d 7 79
d 7 80
d 7 81
d 7 82
d 7 83
d 7 84
d 7 85
d 7 86
d 7 87
d 7 88
d 7 89
d 7 90
d 7 91
d 7 92
d 7 93
d 7 94
d 7 95
d 7 96
d 7 97
d 7 98
d 7 99
d 7 100
d 7 101
d 8 63
d 8 64
d 8 65
d 8 66
d 8 67
d 8 68
d 8 69
d 8 70
d 8 71
d 6 84
d 6 85
d 6 86
d 2 34
d 2 35
d 2 36
d 2 37
d 2 38
d 2 39
d 2 40
d 2 41
d 2 42
d 2 43
d 6 87
d 6 88
d 6 89
d 6 90
d 2 44
d 1 41
d 1 42
d 1 43
d 1 44
d 1 45
d 1 46
d 1 47
d 1 48
d 1 49
d 1 50
d 1 51
d 1 52
d 1 53
d 1 54
d 1 55
d 1 56
d 1 57
d 1 58
d 1 59
d 1 60
d 3 26
d 3 27
d 3 28
d 3 29
d 3 30
d 3 31
d 3 32
d 3 33
d 3 34
d 3 35
d 3 36
d 3 37
d 3 38
d 3 39
d 3 40
d 3 41
d 3 42
d 3 43
d 5 39
d 5 40
d 5 41
d 5 42
d 5 43
d 5 44
d 5 45
d 5 46
d 5 47
d 5 48
d 5 49
d 1 61
d 1 62
d 1 63
d 8 72
d 8 73
d 8 74
d 8 75
d 8 76
d 8 77
d 8 78
d 8 79
d 8 80
d 8 81
d 8 82
d 8 83
d 8 84
d 8 85
d 8 86
d 8 87
d 8 88
d 8 89
d 8 90
d 8 91
d 8 92
d 8 93
d 8 94
d 8 95
d 8 96
d 8 97
d 8 98
d 8 99
d 8 100
d 8 101
d 6 91
d 5 50
d 5 51
d 5 52
d 5 53
d 5 54
d 5 55
d 5 56
d 5 57
d 5 58
d 5 59
d 5 60
d 5 61
d 5 62
d 5 63
d 5 64
d 5 65
d 5 66
d 1 64
d 1 65
d 1 66
d 1 67
d 1 68
d 5 67
d 5 68
d 5 69
d 5 70
d 5 71
d 5 72
d 5 73
d 5 74
d 5 75
d 5 76
d 5 77
d 3 44
d 3 45
d 3 46
d 3 47
d 3 48
d 3 49
d 3 50
d 3 51
d 3 52
d 3 53
d 3 54
d 3 55
d 3 56
d 3 57
d 3 58
d 3 59
d 3 60
d 3 61
d 3 62
d 3 63
d 3 64
d 3 65
d 3 66
d 1 69
d 1 70
d 1 71
d 1 72
d 1 73
d 1 74
d 2 45
d 2 46
d 2 47
d 2 48
d 2 49
d 2 50
d 5 78
d 5 79
d 5 80
d 5 81
d 5 82
d 5 83
d 5 84
d 5 85
d 5 86
d 5 87
d 5 88
d 5 89
d 5 90
d 5 91
d 5 92
d 3 67
d 3 68
d 3 69
d 3 70
d 3 71
d 3 72
d 3 73
d 3 74
d 3 75
d 3 76
d 3 77
d 3 78
d 3 79
d 3 80
d 3 81
d 3 82
d 3 83
d 3 84
d 3 85
d 3 86
d 3 87
d 3 88
d 3 89
d 3 90
d 3 91
d 3 92
d 3 93
d 3 94
d 3 95
d 3 96
d 3 97
d 3 98
d 3 99
d 3 100
d 3 101
d 2 51
d 2 52
d 2 53
d 2 54
d 2 55
d 2 56
d 2 57
d 2 58
d 2 59
d 2 60
d 2 61
d 2 62
d 2 63
d 2 64
d 2 65
d 1 75
d 2 66
d 2 67
d 2 68
d 2 69
d 2 70
d 2 71
d 1 76
d 1 77
d 1 78
d 1 79
d 1 80
d 2 72
d 1 81
d 1 82
d 1 83
d 1 84
d 1 85
d 1 86
d 1 87
d 2 73
d 2 74
d 2 75
d 2 76
d 2 77
d 2 78
d 2 79
d 2 80
d 2 81
d 2 82
d 2 83
d 1 88
d 1 89
d 1 90
d 1 91
d 1 92
d 1 93
d 1 94
d 1 95
d 2 84
d 2 85
d 2 86
d 2 87
d 2 88
d 2 89
d 2 90
d 2 91
d 2 92
d 2 93
d 2 94
d 2 95
d 2 96
d 2 97
d 2 98
d 2 99
d 2 100
d 2 101
d 6 92
d 6 93
d 6 94
d 6 95
d 6 96
d 6 97
d 6 98
d 6 99
d 6 100
d 6 101
d 1 96
d 1 97
d 1 98
d 1 99
d 1 100
d 1 101
b 102
b 103
b 104
b 105
b 106
b 107
b 108
b 109
b 110
b 111
b 112
b 113
b 114
b 115
b 116
b 117
b 118
b 119
b 120
b 121
b 122
b 123
b 124
b 125
b 126
b 127
b 128
b 129
b 130
b 131
b 132
b 133
b 134
b 135
b 136
b 137
b 138
b 139
b 140
b 141
b 142
b 143
b 144
b 145
b 146
b 147
b 148
b 149
b 150
b 151
b 152
b 153
b 154
b 155
b 156
b 157
b 158
b 159
b 160
b 161
b 162
b 163
b 164
b 165
b 166
b 167
b 168
b 169
b 170
b 171
b 172
b 173
b 174
b 175
b 176
b 177
b 178
b 179
b 180
b 181
b 182
b 183
b 184
b 185
b 186
b 187
b 188
b 189
b 190
b 191
b 192
b 193
b 194
b 195
b 196
b 197
b 198
b 199
b 200
b 201
b 202
d 5 93
d 5 94
d 5 95
d 5 96
d 5 97
d 5 98
d 5 99
d 5 100
d 5 101
d 8 102
d 5 102
d 5 103
d 8 103
d 8 104
d 8 105
d 8 106
d 8 107
d 8 108
d 8 109
d 8 110
d 8 111
d 8 112
d 8 113
d 8 114
d 8 115
d 8 116
d 8 117
d 8 118
d 8 119
d 8 120
d 5 104
d 5 105
d 5 106
d 5 107
d 5 108
d 5 109
d 5 110
d 5 111
d 5 112
d 5 113
d 5 114
d 5 115
d 5 116
d 5 117
d 5 118
d 5 119
d 5 120
d 5 121
d 5 122
d 5 123
d 5 124
d 5 125
d 5 126
d 5 127
d 5 128
d 5 129
d 5 130
d 5 131
d 5 132
d 5 133
d 5 134
d 5 135
d 5 136
d 5 137
d 5 138
d 5 139
d 5 140
d 5 141
d 5 142
d 5 143
d 5 144
d 5 145
d 5 146
d 5 147
d 5 148
d 5 149
d 5 150
d 5 151
d 5 152
d 5 153
d 5 154
d 5 155
d 5 156
d 5 157
d 5 158
d 5 159
d 5 160
d 5 161
d 5 162
d 5 163
d 5 164
d 5 165
d 5 166
d 5 167
d 5 168
d 5 169
d 5 170
d 5 171
d 5 172
d 5 173
d 5 174
d 5 175
d 5 176
d 5 177
d 5 178
d 5 179
d 5 180
d 3 102
d 3 103
d 3 104
d 3 105
d 3 106
d 1 102
d 2 102
d 2 103
d 2 104
d 2 105
d 2 106
d 2 107
d 2 108
d 2 109
d 2 110
d 2 111
d 2 112
d 8 121
d 2 113
d 2 114
d 2 115
d 2 116
d 2 117
d 2 118
d 2 119
d 2 120
d 2 121
d 2 122
d 2 123
d 2 124
d 2 125
d 2 126
d 2 127
d 2 128
d 2 129
d 2 130
d 2 131
d 2 132
d 2 133
d 2 134
d 2 135
d 2 136
d 2 137
d 2 138
d 2 139
d 2 140
d 2 141
d 2 142
d 2 143
d 2 144
d 2 145
d 2 146
d 2 147
d 2 148
d 2 149
d 2 150
d 2 151
d 2 152
d 2 153
d 2 154
d 2 155
d 2 156
d 2 157
d 2 158
d 2 159
d 2 160
d 2 161
d 2 162
d 2 163
d 2 164
d 2 165
d 2 166
d 2 167
d 2 168
d 2 169
d 2 170
d 2 171
d 2 172
d 2 173
d 2 174
d 2 175
d 2 176
d 2 177
d 2 178
d 2 179
d 2 180
d 2 181
d 2 182
d 2 183
d 2 184
d 2 185
d 2 186
d 2 187
d 2 188
d 2 189
d 2 190
d 2 191
d 2 192
d 2 193
d 2 194
d 2 195
d 2 196
d 2 197
d 2 198
d 2 199
d 2 200
d 2 201
d 2 202
d 3 107
d 3 108
d 3 109
d 3 110
d 3 111
d 3 112
d 3 113
d 3 114
d 3 115
d 3 116
d 3 117
d 3 118
d 3 119
d 3 120
d 3 121
d 3 122
d 3 123
d 3 124
d 3 125
d 3 126
d 3 127
d 3 128
d 3 129
d 3 130
d 3 131
d 3 132
d 3 133
d 3 134
d 3 135
d 3 136
d 3 137
d 3 138
d 3 139
d 3 140
d 3 141
d 3 142
d 3 143
d 3 144
d 3 145
d 3 146
d 3 147
d 3 148
d 3 149
d 3 150
d 3 151
d 2 203
d 2 204
d 3 152
d 3 153
d 3 154
d 3 155
d 3 156
d 3 157
d 3 158
d 3 159
d 3 160
d 3 161
d 3 162
d 3 163
d 3 164
d 3 165
d 3 166
d 3 167
d 3 168
d 3 169
d 3 170
d 3 171
d 3 172
d 3 173
d 3 174
d 3 175
d 3 176
d 3 177
d 3 178
d 3 179
d 3 180
d 3 181
d 3 182
d 3 183
d 3 184
d 3 185
d 3 186
d 3 187
d 3 188
d 3 189
d 3 190
d 2 205
d 2 206
d 2 207
d 3 191
d 3 192
d 3 193
d 3 194
d 3 195
d 3 196
d 3 197
d 3 198
d 3 199
d 3 200
d 3 201
d 3 202
d 1 103
d 1 104
d 1 105
d 1 106
d 1 107
d 1 108
d 1 109
d 1 110
d 1 111
d 1 112
d 1 113
d 1 114
d 1 115
d 1 116
d 1 117
d 1 118
d 1 119
d 1 120
d 1 121
d 1 122
d 1 123
d 1 124
d 1 125
d 1 126
d 1 127
d 1 128
d 1 129
d 1 130
d 1 131
d 1 132
d 1 133
d 1 134
d 1 135
d 1 136
d 1 137
d 1 138
d 1 139
d 1 140
d 1 141
d 1 142
d 1 143
d 1 144
d 1 145
d 1 146
d 1 147
d 1 148
d 1 149
d 1 150
d 1 151
d 1 152
d 1 153
d 1 154
d 1 155
d 1 156
d 1 157
d 1 158
d 1 159
d 1 160
d 1 161
d 1 162
d 1 163
d 1 164
d 1 165
d 1 166
d 1 167
d 1 168
d 1 169
d 1 170
d 1 171
d 1 172
d 1 173
d 1 174
d 1 175
d 2 208
d 1 176
d 1 177
d 1 178
d 1 179
d 1 180
d 1 181
d 1 182
d 1 183
d 1 184
d 1 185
d 1 186
d 1 187
d 1 188
d 1 189
d 1 190
d 1 191
d 1 192
d 1 193
d 1 194
d 1 195
d 1 196
d 1 197
d 1 198
d 1 199
d 1 200
d 1 201
d 1 202
b 203
b 204
b 205
b 206
b 207
b 208
b 209
b 210
b 211
b 212
b 213
b 214
b 215
b 216
b 217
b 218
b 219
b 220
b 221
b 222
b 223
b 224
b 225
b 226
b 227
b 228
b 229
b 230
b 231
b 232
b 233
b 234
b 235
b 236
b 237
b 238
b 239
b 240
b 241
b 242
b 243
b 244
b 245
b 246
b 247
b 248
b 249
b 250
b 251
b 252
b 253
b 254
b 255
b 256
b 257
b 258
b 259
b 260
b 261
b 262
b 263
b 264
b 265
b 266
b 267
b 268
b 269
b 270
b 271
b 272
b 273
b 274
b 275
b 276
b 277
b 278
b 279
b 280
b 281
b 282
b 283
b 284
b 285
b 286
b 287
b 288
b 289
b 290
b 291
b 292
b 293
b 294
b 295
b 296
b 297
b 298
b 299
b 300
b 301
b 302
b 303
d 5 181
d 5 182
d 5 183
d 5 184
d 5 185
d 5 186
d 5 187
d 5 188
d 5 189
d 5 190
d 5 191
d 5 192
d 5 193
d 5 194
d 5 195
d 5 196
d 5 197
d 5 198
d 5 199
d 5 200
d 5 201
d 5 202
d 2 209
d 2 210
d 2 211
d 2 212
d 2 213
d 2 214
d 2 215
d 2 216
d 8 122
d 8 123
d 8 124
d 8 125
d 8 126
d 8 127
d 8 128
d 8 129
d 8 130
d 8 131
d 8 132
d 8 133
d 8 134
d 8 135
d 8 136
d 8 137
d 8 138
d 8 139
d 8 140
d 8 141
d 8 142
d 8 143
d 8 144
d 8 145
d 8 146
d 8 147
d 8 148
d 8 149
d 8 150
d 8 151
d 8 152
d 8 153
d 8 154
d 8 155
d 8 156
d 8 157
d 8 158
d 8 159
d 8 160
d 8 161
d 8 162
d 8 163
d 8 164
d 8 165
d 8 166
d 8 167
d 8 168
d 8 169
d 8 170
d 8 171
d 8 172
d 8 173
d 8 174
d 8 175
d 8 176
d 8 177
d 8 178
d 8 179
d 8 180
d 8 181
d 8 182
d 8 183
d 8 184
d 8 185
d 8 186
d 8 187
d 8 188
d 8 189
d 8 190
d 8 191
d 8 192
d 8 193
d 8 194
d 8 195
d 8 196
d 8 197
d 8 198
d 8 199
d 8 200
d 8 201
d 8 202
d 1 203
d 2 217
d 2 218
d 2 219
d 2 220
d 2 221
d 2 222
d 8 203
d 8 204
d 8 205
d 5 203
d 2 223
d 2 224
d 2 225
d 5 204
d 5 205
d 8 206
d 8 207
d 8 208
d 8 209
d 3 203
d 1 204
d 1 205
d 3 204
d 3 205
d 3 206
d 3 207
d 2 226
d 2 227
d 2 228
d 2 229
d 2 230
d 1 206
d 1 207
d 2 231
d 2 232
d 2 233
d 2 234
d 2 235
d 2 236
d 2 237
d 2 238
d 2 239
d 2 240
d 2 241
d 2 242
d 2 243
d 2 244
d 2 245
d 2 246
d 2 247
d 2 248
d 2 249
d 2 250
d 2 251
d 2 252
d 2 253
d 2 254
d 2 255
d 2 256
d 2 257
d 2 258
d 2 259
d 2 260
d 2 261
d 2 262
d 2 263
d 2 264
d 2 265
d 2 266
d 2 267
d 2 268
d 2 269
d 2 270
d 2 271
d 2 272
d 2 273
d 2 274
d 2 275
d 2 276
d 2 277
d 2 278
d 2 279
d 2 280
d 2 281
d 2 282
d 2 283
d 2 284
d 2 285
d 2 286
d 2 287
d 2 288
d 2 289
d 2 290
d 2 291
d 2 292
d 2 293
d 2 294
d 2 295
d 2 296
d 2 297
d 2 298
d 2 299
d 2 300
d 2 301
d 2 302
d 2 303
d 2 304
d 2 305
d 2 306
d 2 307
d 2 308
d 2 309
d 2 310
d 2 311
d 2 312
d 2 313
d 2 314
d 2 315
d 2 316
d 2 317
d 2 318
d 2 319
d 2 320
d 2 321
d 2 322
d 2 323
d 2 324
d 2 325
d 8 210
d 8 211
d 8 212
d 8 213
d 8 214
d 8 215
d 8 216
d 8 217
d 5 206
d 5 207
d 5 208
d 5 209
d 5 210
d 5 211
d 5 212
d 1 208
d 5 213
d 5 214
d 5 215
d 5 216
d 5 217
d 5 218
d 5 219
d 5 220
d 5 221
d 5 222
d 5 223
d 5 224
d 5 225
d 5 226
d 5 227
d 5 228
d 5 229
d 5 230
d 5 231
d 5 232
d 5 233
d 5 234
d 5 235
d 5 236
d 5 237
d 2 326
d 2 327
d 2 328
d 2 329
d 2 330
d 2 331
d 2 332
d 2 333
d 2 334
d 2 335
d 2 336
d 2 337
d 2 338
d 2 339
d 2 340
d 2 341
d 2 342
d 2 343
d 2 344
d 2 345
d 2 346
d 2 347
d 2 348
d 2 349
d 2 350
d 2 351
d 2 352
d 2 353
d 2 354
d 2 355
d 2 356
d 2 357
d 2 358
d 2 359
d 2 360
d 2 361
d 2 362
d 2 363
d 2 364
d 2 365
d 2 366
d 2 367
d 2 368
d 2 369
d 2 370
d 2 371
d 2 372
d 2 373
d 2 374
d 2 375
d 2 376
d 2 377
d 2 378
d 2 379
d 2 380
d 2 381
d 2 382
d 2 383
d 2 384
d 2 385
d 2 386
d 2 387
d 2 388
d 2 389
d 2 390
d 2 391
d 2 392
d 2 393
d 2 394
d 2 395
d 2 396
d 2 397
d 2 398
d 2 399
d 2 400
d 2 401
d 2 402
d 2 403
d 2 404
d 1 209
d 1 210
d 1 211
d 1 212
d 1 213
d 1 214
d 1 215
d 1 216
d 1 217
d 1 218
d 1 219
d 1 220
d 1 221
d 1 222
d 1 223
d 1 224
d 1 225
d 1 226
d 1 227
d 1 228
d 1 229
d 1 230
d 1 231
d 1 232
d 1 233
d 1 234
d 1 235
d 1 236
d 1 237
d 1 238
d 1 239
d 1 240
d 1 241
d 1 242
d 1 243
d 1 244
d 1 245
d 1 246
d 1 247
d 1 248
d 1 249
d 1 250
d 1 251
d 1 252
d 1 253
d 1 254
d 1 255
d 1 256
d 1 257
d 1 258
d 1 259
d 1 260
d 1 261
d 1 262
d 1 263
d 1 264
d 1 265
d 1 266
d 1 267
d 1 268
d 1 269
d 1 270
d 1 271
d 1 272
d 1 273
d 1 274
d 1 275
d 1 276
d 1 277
d 1 278
d 1 279
d 1 280
d 1 281
d 1 282
d 1 283
d 1 284
d 1 285
d 1 286
d 1 287
d 8 218
d 8 219
d 8 220
d 8 221
d 8 222
d 8 223
d 8 224
d 8 225
d 8 226
d 8 227
d 8 228
d 8 229
d 8 230
d 8 231
d 8 232
d 8 233
d 8 234
d 8 235
d 8 236
d 8 237
d 8 238
d 8 239
d 8 240
d 8 241
d 8 242
d 8 243
d 8 244
d 8 245
d 8 246
d 8 247
d 8 248
d 8 249
d 8 250
d 8 251
d 8 252
d 8 253
d 8 254
d 8 255
d 8 256
d 8 257
d 8 258
d 8 259
d 8 260
d 8 261
d 8 262
d 8 263
d 8 264
d 8 265
d 8 266
d 8 267
d 8 268
d 8 269
d 8 270
d 8 271
d 8 272
d 8 273
d 8 274
d 8 275
d 8 276
d 8 277
d 5 238
d 5 239
d 5 240
d 5 241
d 5 242
d 5 243
d 5 244
d 5 245
d 5 246
d 5 247
d 5 248
d 3 208
d 3 209
d 3 210
d 3 211
d 3 212
d 3 213
d 3 214
d 3 215
d 3 216
d 3 217
d 3 218
d 3 219
d 3 220
d 3 221
d 3 222
d 3 223
d 3 224
d 3 225
d 3 226
d 3 227
d 3 228
d 3 229
d 3 230
d 3 231
d 3 232
d 3 233
d 3 234
d 3 235
d 3 236
d 3 237
d 3 238
d 3 239
d 3 240
d 3 241
d 3 242
d 3 243
d 3 244
d 3 245
d 3 246
d 3 247
d 3 248
d 3 249
d 3 250
d 3 251
d 3 252
d 3 253
d 3 254
d 3 255
d 3 256
d 3 257
d 3 258
d 3 259
d 3 260
d 3 261
d 3 262
d 3 263
d 3 264
d 3 265
d 3 266
d 3 267
d 3 268
d 3 269
d 3 270
d 3 271
d 3 272
d 3 273
d 3 274
d 3 275
d 3 276
d 3 277
d 3 278
d 3 279
d 3 280
d 3 281
d 3 282
d 3 283
d 3 284
d 3 285
d 3 286
d 3 287
d 3 288
d 3 289
d 3 290
d 3 291
d 3 292
d 3 293
d 3 294
d 3 295
d 3 296
d 3 297
d 3 298
d 3 299
d 3 300
d 3 301
d 3 302
d 3 303
d 5 249
d 5 250
d 5 251
d 5 252
d 5 253
d 5 254
d 5 255
d 5 256
d 5 257
d 5 258
d 5 259
d 5 260
d 5 261
d 5 262
d 8 278
d 8 279
d 8 280
d 8 281
d 8 282
d 8 283
d 8 284
d 8 285
d 8 286
d 8 287
d 8 288
d 8 289
d 8 290
d 8 291
d 8 292
d 8 293
d 8 294
d 8 295
d 8 296
d 8 297
d 8 298
d 8 299
d 8 300
d 8 301
d 8 302
d 8 303
d 5 263
d 5 264
d 5 265
d 5 266
d 5 267
d 5 268
d 5 269
d 5 270
d 5 271
d 5 272
d 5 273
d 5 274
d 5 275
d 5 276
d 5 277
d 5 278
d 5 279
d 5 280
d 5 281
d 5 282
d 5 283
d 5 284
d 5 285
d 5 286
d 5 287
d 5 288
d 5 289
d 5 290
d 5 291
d 5 292
d 5 293
d 5 294
d 5 295
d 5 296
d 5 297
d 5 298
d 5 299
d 5 300
d 5 301
d 5 302
d 5 303
d 1 288
d 1 289
d 1 290
d 1 291
d 1 292
d 1 293
d 1 294
d 1 295
d 1 296
d 1 297
d 1 298
d 1 299
d 1 300
d 1 301
d 1 302
d 1 303
b 304
b 305
b 306
b 307
b 308
b 309
b 310
b 311
b 312
b 313
b 314
b 315
b 316
b 317
b 318
b 319
b 320
b 321
b 322
b 323
b 324
b 325
b 326
b 327
b 328
b 329
b 330
b 331
b 332
b 333
b 334
b 335
b 336
b 337
b 338
b 339
b 340
b 341
b 342
b 343
b 344
b 345
b 346
b 347
b 348
b 349
b 350
b 351
b 352
b 353
b 354
b 355
b 356
b 357
b 358
b 359
b 360
b 361
b 362
b 363
b 364
b 365
b 366
b 367
b 368
b 369
b 370
b 371
b 372
b 373
b 374
b 375
b 376
b 377
b 378
b 379
b 380
b 381
b 382
b 383
b 384
b 385
b 386
b 387
b 388
b 389
b 390
b 391
b 392
b 393
b 394
b 395
b 396
b 397
b 398
b 399
b 400
b 401
b 402
b 403
b 404
d 2 405
d 2 406
d 2 407
d 1 304
d 1 305
d 5 304
d 1 306
d 2 408
d 2 409
d 2 410
d 2 411
d 2 412
d 2 413
d 2 414
d 2 415
d 2 416
d 2 417
d 2 418
d 2 419
d 8 304
d 8 305
d 8 306
d 8 307
d 1 307
d 1 308
d 1 309
d 1 310
d 1 311
d 1 312
d 1 313
d 8 308
d 8 309
d 2 420
d 2 421
d 2 422
d 2 423
d 2 424
d 2 425
d 2 426
d 2 427
d 2 428
d 2 429
d 2 430
d 2 431
d 2 432
d 2 433
d 2 434
d 2 435
d 2 436
d 2 437
d 2 438
d 2 439
d 2 440
d 2 441
d 2 442
d 2 443
d 2 444
d 2 445
d 2 446
d 2 447
d 2 448
d 2 449
d 2 450
d 2 451
d 2 452
d 2 453
d 2 454
d 2 455
d 2 456
d 2 457
d 2 458
d 2 459
d 2 460
d 2 461
d 2 462
d 2 463
d 2 464
d 2 465
d 2 466
d 2 467
d 2 468
d 2 469
d 2 470
d 2 471
d 2 472
d 2 473
d 2 474
d 2 475
d 2 476
d 2 477
d 5 305
d 5 306
d 5 307
d 5 308
d 5 309
d 5 310
d 5 311
d 5 312
d 3 304
d 3 305
d 3 306
d 3 307
d 3 308
d 3 309
d 3 310
d 3 311
d 3 312
d 3 313
d 3 314
d 3 315
d 3 316
d 3 317
d 3 318
d 3 319
d 3 320
d 3 321
d 3 322
d 3 323
d 3 324
d 3 325
d 3 326
d 3 327
d 3 328
d 3 329
d 3 330
d 3 331
d 3 332
d 3 333
d 3 334
d 3 335
d 3 336
d 3 337
d 3 338
d 3 339
d 2 478
d 2 479
d 2 480
d 2 481
d 2 482
d 2 483
d 2 484
d 2 485
d 2 486
d 2 487
d 2 488
d 2 489
d 2 490
d 2 491
d 8 310
d 8 311
d 8 312
d 8 313
d 8 314
d 8 315
d 8 316
d 2 492
d 2 493
d 2 494
d 2 495
d 2 496
d 2 497
d 2 498
d 2 499
d 2 500
d 2 501
d 2 502
d 2 503
d 2 504
d 2 505
d 5 313
d 5 314
d 5 315
d 5 316
d 5 317
d 8 317
d 8 318
d 8 319
d 8 320
d 8 321
d 8 322
d 5 318
d 5 319
d 5 320
d 5 321
d 5 322
d 5 323
d 5 324
d 5 325
d 5 326
d 5 327
d 5 328
d 5 329
d 5 330
d 5 331
d 5 332
d 5 333
d 5 334
d 3 340
d 3 341
d 3 342
d 3 343
d 3 344
d 3 345
d 3 346
d 3 347
d 3 348
d 3 349
d 3 350
d 3 351
d 3 352
d 3 353
d 3 354
d 3 355
d 3 356
d 3 357
d 3 358
d 3 359
d 3 360
d 3 361
d 3 362
d 3 363
d 3 364
d 3 365
d 3 366
d 3 367
d 3 368
d 3 369
d 3 370
d 3 371
d 3 372
d 3 373
d 3 374
d 3 375
d 3 376
d 3 377
d 3 378
d 3 379
d 3 380
d 3 381
d 3 382
d 3 383
d 3 384
d 1 314
d 1 315
d 1 316
d 1 317
d 1 318
d 1 319
d 1 320
d 1 321
d 1 322
d 1 323
d 1 324
d 1 325
d 1 326
d 1 327
d 1 328
d 1 329
d 1 330
d 1 331
d 1 332
d 1 333
d 1 334
d 1 335
d 1 336
d 1 337
d 1 338
d 1 339
d 1 340
d 1 341
d 1 342
d 1 343
d 1 344
d 1 345
d 1 346
d 1 347
d 1 348
d 1 349
d 1 350
d 1 351
d 1 352
d 1 353
d 1 354
d 1 355
d 1 356
d 1 357
d 1 358
d 1 359
d 1 360
d 1 361
d 1 362
d 1 363
d 1 364
d 1 365
d 1 366
d 1 367
d 1 368
d 1 369
d 1 370
d 1 371
d 1 372
d 1 373
d 1 374
d 1 375
d 1 376
d 1 377
d 1 378
d 1 379
d 1 380
d 1 381
d 1 382
d 1 383
d 1 384
d 1 385
d 1 386
d 1 387
d 1 388
d 1 389
d 1 390
d 1 391
d 1 392
d 1 393
d 1 394
d 1 395
d 8 323
d 8 324
d 8 325
d 8 326
d 8 327
d 8 328
d 8 329
d 8 330
d 8 331
d 8 332
d 8 333
d 8 334
d 8 335
d 8 336
d 8 337
d 8 338
d 8 339
d 8 340
d 8 341
d 8 342
d 8 343
d 8 344
d 8 345
d 8 346
d 8 347
d 8 348
d 8 349
d 8 350
d 8 351
d 8 352
d 8 353
d 8 354
d 8 355
d 8 356
d 8 357
d 8 358
d 8 359
d 8 360
d 8 361
d 8 362
d 8 363
d 8 364
d 8 365
d 8 366
d 8 367
d 8 368
d 8 369
d 8 370
d 8 371
d 8 372
d 8 373
d 8 374
d 8 375
d 8 376
d 8 377
d 8 378
d 8 379
d 8 380
d 8 381
d 8 382
d 8 383
d 8 384
d 8 385
d 8 386
d 8 387
d 8 388
d 8 389
d 8 390
d 8 391
d 8 392
d 8 393
d 8 394
d 8 395
d 8 396
d 8 397
d 8 398
d 8 399
d 8 400
d 8 401
d 8 402
d 8 403
d 8 404
d 5 335
d 5 336
d 5 337
d 5 338
d 5 339
d 5 340
d 5 341
d 5 342
d 5 343
d 5 344
d 5 345
d 5 346
d 5 347
d 5 348
d 5 349
d 5 350
d 5 351
d 5 352
d 5 353
d 5 354
d 5 355
d 5 356
d 5 357
d 5 358
d 5 359
d 5 360
d 5 361
d 5 362
d 5 363
d 5 364
d 5 365
d 5 366
d 5 367
d 5 368
d 5 369
d 5 370
d 5 371
d 5 372
d 5 373
d 5 374
d 5 375
d 5 376
d 5 377
d 5 378
d 5 379
d 5 380
d 5 381
d 5 382
d 5 383
d 5 384
d 5 385
d 5 386
d 5 387
d 5 388
d 5 389
d 5 390
d 5 391
d 5 392
d 5 393
d 5 394
d 5 395
d 5 396
d 5 397
d 5 398
d 5 399
d 5 400
d 5 401
d 5 402
d 5 403
d 5 404
d 3 385
d 3 386
d 3 387
d 3 388
d 3 389
d 3 390
d 3 391
d 3 392
d 3 393
d 3 394
d 3 395
d 3 396
d 3 397
d 3 398
d 3 399
d 3 400
d 3 401
d 3 402
d 3 403
d 3 404
d 1 396
d 1 397
d 1 398
d 1 399
d 1 400
d 1 401
d 1 402
d 1 403
d 1 404
b 405
b 406
b 407
b 408
b 409
b 410
b 411
b 412
b 413
b 414
b 415
b 416
b 417
b 418
b 419
b 420
b 421
b 422
b 423
b 424
b 425
b 426
b 427
b 428
b 429
b 430
b 431
b 432
b 433
b 434
b 435
b 436
b 437
b 438
b 439
b 440
b 441
b 442
b 443
b 444
b 445
b 446
b 447
b 448
b 449
b 450
b 451
b 452
b 453
b 454
b 455
b 456
b 457
b 458
b 459
b 460
b 461
b 462
b 463
b 464
b 465
b 466
b 467
b 468
b 469
b 470
b 471
b 472
b 473
b 474
b 475
b 476
b 477
b 478
b 479
b 480
b 481
b 482
b 483
b 484
b 485
b 486
b 487
b 488
b 489
b 490
b 491
b 492
b 493
b 494
b 495
b 496
b 497
b 498
b 499
b 500
b 501
b 502
b 503
b 504
b 505
d 2 506
d 2 507
d 2 508
d 2 509
d 3 405
d 3 406
d 5 405
d 8 405
d 2 510
d 3 407
d 3 408
d 3 409
d 3 410
d 3 411
d 3 412
d 3 413
d 3 414
d 3 415
d 3 416
d 3 417
d 3 418
d 2 511
d 5 406
d 5 407
d 5 408
d 5 409
d 5 410
d 5 411
d 1 405
d 1 406
d 1 407
d 1 408
d 3 419
d 3 420
d 3 421
d 3 422
d 3 423
d 3 424
d 3 425
d 3 426
d 3 427
d 3 428
d 3 429
d 3 430
d 3 431
d 3 432
d 3 433
d 3 434
d 1 409
d 1 410
d 1 411
d 1 412
d 1 413
d 1 414
d 1 415
d 1 416
d 1 417
d 1 418
d 1 419
d 1 420
d 1 421
d 1 422
d 1 423
d 5 412
d 5 413
d 5 414
d 5 415
d 5 416
d 5 417
d 5 418
d 5 419
d 5 420
d 5 421
d 5 422
d 5 423
d 5 424
d 5 425
d 5 426
d 5 427
d 5 428
d 5 429
d 5 430
d 5 431
d 2 512
d 2 513
d 2 514
d 2 515
d 2 516
d 2 517
d 2 518
d 2 519
d 2 520
d 2 521
d 2 522
d 2 523
d 2 524
d 2 525
d 2 526
d 2 527
d 2 528
d 2 529
d 2 530
d 2 531
d 2 532
d 2 533
d 2 534
d 2 535
d 2 536
d 2 537
d 2 538
d 2 539
d 2 540
d 2 541
d 2 542
d 2 543
d 2 544
d 2 545
d 2 546
d 2 547
d 2 548
d 2 549
d 2 550
d 2 551
d 2 552
d 2 553
d 1 424
d 1 425
d 1 426
d 1 427
d 1 428
d 1 429
d 1 430
d 1 431
d 1 432
d 1 433
d 1 434
d 1 435
d 1 436
d 3 435
d 3 436
d 3 437
d 3 438
d 3 439
d 3 440
d 3 441
d 3 442
d 3 443
d 3 444
d 3 445
d 3 446
d 3 447
d 3 448
d 3 449
d 3 450
d 3 451
d 3 452
d 3 453
d 3 454
d 3 455
d 3 456
d 3 457
d 3 458
d 3 459
d 3 460
d 3 461
d 3 462
d 3 463
d 3 464
d 3 465
d 5 432
d 5 433
d 5 434
d 5 435
d 3 466
d 3 467
d 3 468
d 3 469
d 3 470
d 3 471
d 3 472
d 3 473
d 3 474
d 3 475
d 3 476
d 3 477
d 3 478
d 3 479
d 3 480
d 5 436
d 5 437
d 5 438
d 5 439
d 5 440
d 5 441
d 5 442
d 5 443
d 5 444
d 5 445
d 5 446
d 5 447
d 5 448
d 5 449
d 5 450
d 5 451
d 5 452
d 5 453
d 5 454
d 5 455
d 5 456
d 5 457
d 5 458
d 5 459
d 5 460
d 5 461
d 5 462
d 1 437
d 1 438
d 1 439
d 1 440
d 1 441
d 1 442
d 1 443
d 1 444
d 1 445
d 1 446
d 1 447
d 1 448
d 1 449
d 1 450
d 1 451
d 1 452
d 2 554
d 2 555
d 2 556
d 2 557
d 2 558
d 2 559
d 2 560
d 2 561
d 2 562
d 2 563
d 2 564
d 2 565
d 2 566
d 2 567
d 2 568
d 2 569
d 2 570
d 2 571
d 2 572
d 2 573
d 2 574
d 2 575
d 2 576
d 2 577
d 2 578
d 2 579
d 2 580
d 2 581
d 2 582
d 2 583
d 2 584
d 2 585
d 2 586
d 2 587
d 2 588
d 2 589
d 2 590
d 2 591
d 2 592
d 2 593
d 2 594
d 2 595
d 2 596
d 2 597
d 2 598
d 2 599
d 2 600
d 2 601
d 2 602
d 2 603
d 2 604
d 2 605
d 2 606
d 2 607
d 3 481
d 3 482
d 3 483
d 3 484
d 3 485
d 3 486
d 3 487
d 3 488
d 3 489
d 3 490
d 3 491
d 3 492
d 3 493
d 3 494
d 3 495
d 3 496
d 3 497
d 8 406
d 8 407
d 8 408
d 8 409
d 8 410
d 8 411
d 8 412
d 8 413
d 8 414
d 8 415
d 8 416
d 8 417
d 8 418
d 8 419
d 8 420
d 8 421
d 8 422
d 8 423
d 8 424
d 8 425
d 8 426
d 8 427
d 8 428
d 8 429
d 8 430
d 8 431
d 8 432
d 8 433
d 8 434
d 8 435
d 8 436
d 8 437
d 8 438
d 8 439
d 8 440
d 8 441
d 8 442
d 8 443
d 8 444
d 8 445
d 8 446
d 8 447
d 8 448
d 8 449
d 8 450
d 8 451
d 8 452
d 8 453
d 8 454
d 8 455
d 8 456
d 8 457
d 8 458
d 8 459
d 8 460
d 8 461
d 8 462
d 8 463
d 8 464
d 8 465
d 8 466
d 8 467
d 8 468
d 8 469
d 8 470
d 8 471
d 8 472
d 8 473
d 8 474
d 8 475
d 8 476
d 8 477
d 8 478
d 8 479
d 8 480
d 8 481
d 8 482
d 8 483
d 8 484
d 8 485
d 8 486
d 8 487
d 8 488
d 8 489
d 8 490
d 8 491
d 8 492
d 8 493
d 8 494
d 8 495
d 8 496
d 8 497
d 8 498
d 8 499
d 8 500
d 8 501
d 8 502
d 8 503
d 8 504
d 8 505
d 5 463
d 5 464
d 5 465
d 5 466
d 5 467
d 5 468
d 5 469
d 5 470
d 5 471
d 5 472
d 5 473
d 5 474
d 5 475
d 5 476
d 5 477
d 5 478
d 5 479
d 5 480
d 5 481
d 5 482
d 5 483
d 5 484
d 5 485
d 5 486
d 5 487
d 5 488
d 5 489
d 5 490
d 5 491
d 5 492
d 5 493
d 5 494
d 5 495
d 5 496
d 5 497
d 5 498
d 5 499
d 5 500
d 5 501
d 5 502
d 3 498
d 3 499
d 3 500
d 3 501
d 3 502
d 3 503
d 3 504
d 3 505
d 1 453
d 1 454
d 1 455
d 1 456
d 1 457
d 1 458
d 1 459
d 1 460
d 1 461
d 1 462
d 1 463
d 1 464
d 1 465
d 1 466
d 1 467
d 1 468
d 1 469
d 1 470
d 1 471
d 1 472
d 1 473
d 1 474
d 1 475
d 1 476
d 1 477
d 1 478
d 1 479
d 5 503
d 5 504
d 5 505
d 1 480
d 1 481
d 1 482
d 1 483
d 1 484
d 1 485
d 1 486
d 1 487
d 1 488
d 1 489
d 1 490
d 1 491
d 1 492
d 1 493
d 1 494
d 1 495
d 1 496
d 1 497
d 1 498
d 1 499
d 1 500
d 1 501
d 1 502
d 1 503
d 1 504
d 1 505
b 506
b 507
b 508
b 509
b 510
b 511
b 512
b 513
b 514
b 515
b 516
b 517
b 518
b 519
b 520
b 521
b 522
b 523
b 524
b 525
b 526
b 527
b 528
b 529
b 530
b 531
b 532
b 533
b 534
b 535
b 536
b 537
b 538
b 539
b 540
b 541
b 542
b 543
b 544
b 545
b 546
b 547
b 548
b 549
b 550
b 551
b 552
b 553
b 554
b 555
b 556
b 557
b 558
b 559
b 560
b 561
b 562
b 563
b 564
b 565
b 566
b 567
b 568
b 569
b 570
b 571
b 572
b 573
b 574
b 575
b 576
b 577
b 578
b 579
b 580
b 581
b 582
b 583
b 584
b 585
b 586
b 587
b 588
b 589
b 590
b 591
b 592
b 593
b 594
b 595
b 596
b 597
b 598
b 599
b 600
b 601
b 602
b 603
b 604
b 605
b 606
d 8 506
d 8 507
d 1 506
d 8 508
d 3 506
d 3 507
d 3 508
d 3 509
d 1 507
d 1 508
d 1 509
d 1 510
d 1 511
d 1 512
d 1 513
d 1 514
d 1 515
d 1 516
d 1 517
d 1 518
d 1 519
d 1 520
d 1 521
d 1 522
d 1 523
d 1 524
d 1 525
d 1 526
d 1 527
d 1 528
d 1 529
d 1 530
d 1 531
d 1 532
d 1 533
d 1 534
d 1 535
d 1 536
d 1 537
d 2 608
d 2 609
d 2 610
d 2 611
d 2 612
d 2 613
d 2 614
d 2 615
d 2 616
d 2 617
d 2 618
d 2 619
d 2 620
d 2 621
d 2 622
d 2 623
d 2 624
d 2 625
d 2 626
d 2 627
d 2 628
d 2 629
d 2 630
d 2 631
d 2 632
d 2 633
d 2 634
d 2 635
d 2 636
d 2 637
d 2 638
d 2 639
d 2 640
d 2 641
d 2 642
d 2 643
d 2 644
d 2 645
d 2 646
d 2 647
d 2 648
d 2 649
d 2 650
d 2 651
d 2 652
d 2 653
d 2 654
d 2 655
d 2 656
d 2 657
d 2 658
d 2 659
d 2 660
d 2 661
d 2 662
d 2 663
d 2 664
d 2 665
d 2 666
d 2 667
d 2 668
d 2 669
d 2 670
d 2 671
d 2 672
d 2 673
d 2 674
d 2 675
d 2 676
d 2 677
d 2 678
d 2 679
d 2 680
d 2 681
d 2 682
d 2 683
d 2 684
d 2 685
d 2 686
d 2 687
d 2 688
d 2 689
d 2 690
d 2 691
d 2 692
d 2 693
d 2 694
d 5 506
d 3 510
d 3 511
d 3 512
d 1 538
d 1 539
d 1 540
d 1 541
d 1 542
d 1 543
d 1 544
d 1 545
d 1 546
d 1 547
d 1 548
d 1 549
d 1 550
d 1 551
d 1 552
d 1 553
d 1 554
d 1 555
d 1 556
d 1 557
d 1 558
d 1 559
d 1 560
d 1 561
d 1 562
d 1 563
d 1 564
d 1 565
d 1 566
d 1 567
d 1 568
d 1 569
d 1 570
d 1 571
d 1 572
d 1 573
d 1 574
d 1 575
d 1 576
d 1 577
d 1 578
d 1 579
d 1 580
d 1 581
d 1 582
d 1 583
d 1 584
d 1 585
d 1 586
d 1 587
d 1 588
d 1 589
d 1 590
d 1 591
d 1 592
d 1 593
d 1 594
d 1 595
d 1 596
d 1 597
d 1 598
d 1 599
d 1 600
d 1 601
d 1 602
d 1 603
d 1 604
d 1 605
d 1 606
b 607
b 608
b 609
b 610
b 611
b 612
b 613
b 614
b 615
b 616
b 617
b 618
b 619
b 620
b 621
b 622
b 623
b 624
b 625
b 626
b 627
b 628
b 629
b 630
b 631
b 632
b 633
b 634
b 635
b 636
b 637
b 638
b 639
b 640
b 641
b 642
b 643
b 644
b 645
b 646
b 647
b 648
b 649
b 650
b 651
b 652
b 653
b 654
b 655
b 656
b 657
b 658
b 659
b 660
b 661
b 662
b 663
b 664
b 665
b 666
b 667
b 668
b 669
b 670
b 671
b 672
b 673
b 674
b 675
b 676
b 677
b 678
b 679
b 680
b 681
b 682
b 683
b 684
b 685
b 686
b 687
b 688
b 689
b 690
b 691
b 692
b 693
b 694
b 695
b 696
b 697
b 698
b 699
b 700
b 701
b 702
b 703
b 704
b 705
b 706
b 707
d 5 507
d 5 508
d 3 513
d 3 514
d 3 515
d 3 516
d 3 517
d 3 518
d 3 519
d 3 520
d 3 521
d 3 522
d 3 523
d 3 524
d 3 525
d 3 526
d 3 527
d 3 528
d 3 529
d 3 530
d 3 531
d 3 532
d 3 533
d 3 534
d 3 535
d 3 536
d 3 537
d 3 538
d 3 539
d 3 540
d 3 541
d 3 542
d 3 543
d 3 544
d 3 545
d 3 546
d 3 547
d 3 548
d 3 549
d 3 550
d 3 551
d 3 552
d 3 553
d 3 554
d 3 555
d 3 556
d 3 557
d 2 695
d 2 696
d 2 697
d 2 698
d 2 699
d 2 700
d 2 701
d 2 702
d 2 703
d 2 704
d 2 705
d 2 706
d 2 707
d 3 558
d 3 559
d 3 560
d 3 561
d 8 509
d 8 510
d 3 562
d 1 607
d 8 511
d 8 512
d 8 513
d 8 514
d 8 515
d 8 516
d 8 517
d 8 518
d 8 519
d 8 520
d 8 521
d 8 522
d 8 523
d 8 524
d 8 525
d 8 526
d 8 527
d 8 528
d 8 529
d 8 530
d 8 531
d 8 532
d 8 533
d 8 534
d 8 535
d 8 536
d 8 537
d 8 538
d 8 539
d 8 540
d 8 541
d 8 542
d 3 563
d 3 564
d 3 565
d 3 566
d 3 567
d 3 568
d 3 569
d 3 570
d 3 571
d 3 572
d 3 573
d 3 574
d 3 575
d 3 576
d 3 577
d 3 578
d 3 579
d 3 580
d 3 581
d 3 582
d 3 583
d 3 584
d 3 585
d 3 586
d 3 587
d 3 588
d 3 589
d 3 590
d 3 591
d 3 592
d 3 593
d 3 594
d 3 595
d 3 596
d 3 597
d 3 598
d 3 599
d 3 600
d 3 601
d 3 602
d 3 603
d 3 604
d 3 605
d 3 606
d 8 543
d 8 544
d 8 545
d 8 546
d 8 547
d 8 548
d 8 549
d 8 550
d 8 551
d 8 552
d 8 553
d 8 554
d 1 608
d 1 609
d 5 509
d 5 510
d 5 511
d 5 512
d 5 513
d 5 514
d 5 515
d 5 516
d 5 517
d 5 518
d 5 519
d 5 520
d 5 521
d 5 522
d 5 523
d 5 524
d 5 525
d 5 526
d 5 527
d 5 528
d 5 529
d 5 530
d 5 531
d 5 532
d 5 533
d 5 534
d 5 535
d 5 536
d 5 537
d 5 538
d 5 539
d 5 540
d 5 541
d 5 542
d 5 543
d 5 544
d 5 545
d 5 546
d 5 547
d 5 548
d 5 549
d 5 550
d 5 551
d 5 552
d 5 553
d 5 554
d 5 555
d 5 556
d 5 557
d 5 558
d 5 559
d 5 560
d 5 561
d 5 562
d 5 563
d 5 564
d 5 565
d 5 566
d 5 567
d 5 568
d 5 569
d 5 570
d 5 571
d 5 572
d 5 573
d 5 574
d 5 575
d 5 576
d 5 577
d 5 578
d 5 579
d 5 580
d 5 581
d 5 582
d 5 583
d 5 584
d 5 585
d 5 586
d 5 587
d 5 588
d 5 589
d 5 590
d 5 591
d 5 592
d 5 593
d 5 594
d 5 595
d 1 610
d 1 611
d 1 612
d 1 613
d 1 614
d 1 615
d 1 616
d 1 617
d 1 618
d 1 619
d 1 620
d 1 621
d 1 622
d 1 623
d 1 624
d 1 625
d 1 626
d 1 627
d 1 628
d 1 629
d 8 555
d 8 556
d 8 557
d 8 558
d 8 559
d 8 560
d 8 561
d 8 562
d 8 563
d 8 564
d 8 565
d 8 566
d 8 567
d 8 568
d 8 569
d 8 570
d 8 571
d 8 572
d 8 573
d 8 574
d 8 575
d 8 576
d 8 577
d 8 578
d 8 579
d 8 580
d 8 581
d 8 582
d 8 583
d 8 584
d 8 585
d 8 586
d 8 587
d 8 588
d 8 589
d 8 590
d 8 591
d 8 592
d 8 593
d 8 594
d 8 595
d 8 596
d 8 597
d 8 598
d 8 599
d 8 600
d 8 601
d 8 602
d 8 603
d 8 604
d 8 605
d 8 606
d 1 630
d 1 631
d 1 632
d 1 633
d 5 596
d 5 597
d 5 598
d 5 599
d 5 600
d 5 601
d 5 602
d 5 603
d 5 604
d 5 605
d 5 606
d 1 634
d 1 635
d 1 636
d 1 637
d 1 638
d 1 639
d 1 640
d 1 641
d 1 642
d 1 643
d 1 644
d 1 645
d 1 646
d 1 647
d 1 648
d 1 649
d 1 650
d 1 651
d 1 652
d 1 653
d 1 654
d 3 607
d 3 608
d 3 609
d 1 655
d 1 656
d 1 657
d 1 658
d 1 659
d 1 660
d 1 661
d 1 662
d 1 663
d 1 664
d 1 665
d 1 666
d 1 667
d 1 668
d 1 669
d 1 670
d 1 671
d 1 672
d 1 673
d 1 674
d 1 675
d 1 676
d 1 677
d 1 678
d 1 679
d 1 680
d 1 681
d 1 682
d 1 683
d 1 684
d 1 685
d 1 686
d 1 687
d 1 688
d 1 689
d 1 690
d 1 691
d 1 692
d 1 693
d 1 694
d 1 695
d 1 696
d 1 697
d 1 698
d 1 699
d 1 700
d 1 701
d 1 702
d 1 703
d 1 704
d 1 705
d 1 706
d 1 707
b 708
b 709
b 710
b 711
b 712
b 713
b 714
b 715
b 716
b 717
b 718
b 719
b 720
b 721
b 722
b 723
b 724
b 725
b 726
b 727
b 728
b 729
b 730
b 731
b 732
b 733
b 734
b 735
b 736
b 737
b 738
b 739
b 740
b 741
b 742
b 743
b 744
b 745
b 746
b 747
b 748
b 749
b 750
b 751
b 752
b 753
b 754
b 755
b 756
b 757
b 758
b 759
b 760
b 761
b 762
b 763
b 764
b 765
b 766
b 767
b 768
b 769
b 770
b 771
b 772
b 773
b 774
b 775
b 776
b 777
b 778
b 779
b 780
b 781
b 782
b 783
b 784
b 785
b 786
b 787
b 788
b 789
b 790
b 791
b 792
b 793
b 794
b 795
b 796
b 797
b 798
b 799
b 800
b 801
b 802
b 803
b 804
b 805
b 806
b 807
b 808
d 5 607
d 3 610
d 3 611
d 3 612
d 3 613
d 3 614
d 3 615
d 3 616
d 3 617
d 3 618
d 3 619
d 3 620
d 3 621
d 3 622
d 3 623
d 2 708
d 2 709
d 8 607
d 8 608
d 8 609
d 8 610
d 1 708
d 8 611
d 8 612
d 8 613
d 8 614
d 5 608
d 5 609
d 5 610
d 5 611
d 5 612
d 5 613
d 5 614
d 5 615
d 5 616
d 5 617
d 5 618
d 5 619
d 5 620
d 5 621
d 5 622
d 5 623
d 5 624
d 5 625
d 5 626
d 5 627
d 5 628
d 8 615
d 8 616
d 8 617
d 8 618
d 8 619
d 8 620
d 8 621
d 8 622
d 3 624
d 3 625
d 3 626
d 3 627
d 3 628
d 3 629
d 3 630
d 3 631
d 3 632
d 3 633
d 3 634
d 3 635
d 3 636
d 3 637
d 3 638
d 3 639
d 3 640
d 3 641
d 1 709
d 1 710
d 1 711
d 1 712
d 1 713
d 1 714
d 1 715
d 3 642
d 1 716
d 1 717
d 1 718
d 1 719
d 5 629
d 5 630
d 5 631
d 5 632
d 1 720
d 1 721
d 2 710
d 2 711
d 2 712
d 5 633
d 5 634
d 5 635
d 5 636
d 5 637
d 5 638
d 5 639
d 5 640
d 5 641
d 5 642
d 5 643
d 5 644
d 5 645
d 5 646
d 5 647
d 5 648
d 5 649
d 5 650
d 8 623
d 8 624
d 8 625
d 8 626
d 8 627
d 8 628
d 8 629
d 8 630
d 8 631
d 8 632
d 8 633
d 8 634
d 8 635
d 8 636
d 8 637
d 8 638
d 8 639
d 8 640
d 8 641
d 8 642
d 8 643
d 1 722
d 1 723
d 1 724
d 8 644
d 8 645
d 8 646
d 8 647
d 8 648
d 8 649
d 8 650
d 8 651
d 8 652
d 8 653
d 8 654
d 8 655
d 8 656
d 8 657
d 8 658
d 8 659
d 8 660
d 8 661
d 8 662
d 8 663
d 8 664
d 8 665
d 8 666
d 8 667
d 8 668
d 8 669
d 8 670
d 8 671
d 8 672
d 8 673
d 8 674
d 8 675
d 8 676
d 8 677
d 8 678
d 8 679
d 8 680
d 8 681
d 8 682
d 8 683
d 8 684
d 8 685
d 8 686
d 8 687
d 8 688
d 8 689
d 8 690
d 8 691
d 8 692
d 8 693
d 8 694
d 8 695
d 8 696
d 8 697
d 8 698
d 8 699
d 8 700
d 8 701
d 8 702
d 8 703
d 8 704
d 8 705
d 8 706
d 8 707
d 1 725
d 1 726
d 1 727
d 1 728
d 1 729
d 1 730
d 1 731
d 1 732
d 1 733
d 1 734
d 1 735
d 1 736
d 1 737
d 1 738
d 1 739
d 1 740
d 1 741
d 1 742
d 1 743
d 1 744
d 1 745
d 1 746
d 1 747
d 1 748
d 1 749
d 1 750
d 1 751
d 1 752
d 1 753
d 2 713
d 2 714
d 2 715
d 5 651
d 5 652
d 5 653
d 5 654
d 5 655
d 5 656
d 5 657
d 5 658
d 5 659
d 5 660
d 5 661
d 5 662
d 5 663
d 5 664
d 5 665
d 5 666
d 5 667
d 5 668
d 5 669
d 5 670
d 5 671
d 5 672
d 5 673
d 5 674
d 5 675
d 5 676
d 5 677
d 5 678
d 5 679
d 5 680
d 5 681
d 5 682
d 5 683
d 5 684
d 5 685
d 5 686
d 5 687
d 5 688
d 5 689
d 5 690
d 5 691
d 5 692
d 5 693
d 5 694
d 5 695
d 5 696
d 5 697
d 5 698
d 5 699
d 5 700
d 5 701
d 5 702
d 5 703
d 5 704
d 5 705
d 5 706
d 5 707
d 2 716
d 2 717
d 2 718
d 2 719
d 3 643
d 3 644
d 3 645
d 3 646
d 3 647
d 3 648
d 3 649
d 3 650
d 3 651
d 3 652
d 3 653
d 3 654
d 3 655
d 3 656
d 3 657
d 3 658
d 3 659
d 3 660
d 3 661
d 3 662
d 3 663
d 3 664
d 3 665
d 3 666
d 3 667
d 3 668
d 3 669
d 3 670
d 3 671
d 3 672
d 3 673
d 3 674
d 3 675
d 3 676
d 3 677
d 3 678
d 3 679
d 3 680
d 3 681
d 3 682
d 3 683
d 3 684
d 3 685
d 3 686
d 3 687
d 3 688
d 3 689
d 3 690
d 3 691
d 3 692
d 3 693
d 3 694
d 3 695
d 3 696
d 3 697
d 3 698
d 3 699
d 3 700
d 3 701
d 3 702
d 3 703
d 3 704
d 3 705
d 3 706
d 3 707
d 1 754
d 1 755
d 1 756
d 1 757
d 1 758
d 1 759
d 1 760
d 1 761
d 1 762
d 1 763
d 1 764
d 1 765
d 1 766
d 1 767
d 1 768
d 1 769
d 1 770
d 1 771
d 1 772
d 1 773
d 1 774
d 1 775
d 1 776
d 1 777
d 1 778
d 1 779
d 1 780
d 1 781
d 1 782
d 1 783
d 1 784
d 1 785
d 1 786
d 1 787
d 1 788
d 1 789
d 1 790
d 1 791
d 1 792
d 1 793
d 1 794
d 1 795
d 1 796
d 1 797
d 1 798
d 1 799
d 1 800
d 1 801
d 1 802
d 1 803
d 1 804
d 1 805
d 1 806
d 1 807
d 1 808
b 809
b 810
b 811
b 812
b 813
b 814
b 815
b 816
b 817
b 818
b 819
b 820
b 821
b 822
b 823
b 824
b 825
b 826
b 827
b 828
b 829
b 830
b 831
b 832
b 833
b 834
b 835
b 836
b 837
b 838
b 839
b 840
b 841
b 842
b 843
b 844
b 845
b 846
b 847
b 848
b 849
b 850
b 851
b 852
b 853
b 854
b 855
b 856
b 857
b 858
b 859
b 860
b 861
b 862
b 863
b 864
b 865
b 866
b 867
b 868
b 869
b 870
b 871
b 872
b 873
b 874
b 875
b 876
b 877
b 878
b 879
b 880
b 881
b 882
b 883
b 884
b 885
b 886
b 887
b 888
b 889
b 890
b 891
b 892
b 893
b 894
b 895
b 896
b 897
b 898
b 899
b 900
b 901
b 902
b 903
b 904
b 905
b 906
b 907
b 908
b 909
d 2 720
d 2 721
d 2 722
d 2 723
d 2 724
d 2 725
d 2 726
d 2 727
d 2 728
d 2 729
d 2 730
d 2 731
d 2 732
d 2 733
d 2 734
d 2 735
d 2 736
d 2 737
d 2 738
d 2 739
d 2 740
d 2 741
d 2 742
d 2 743
d 2 744
d 2 745
d 2 746
d 2 747
d 2 748
d 2 749
d 2 750
d 2 751
d 2 752
d 2 753
d 2 754
d 2 755
d 2 756
d 2 757
d 2 758
d 2 759
d 2 760
d 2 761
d 2 762
d 2 763
d 2 764
d 2 765
d 2 766
d 2 767
d 2 768
d 2 769
d 2 770
d 2 771
d 2 772
d 2 773
d 1 809
d 1 810
d 1 811
d 1 812
d 1 813
d 1 814
d 2 774
d 2 775
d 2 776
d 2 777
d 2 778
d 2 779
d 2 780
d 2 781
d 2 782
d 2 783
d 2 784
d 2 785
d 2 786
d 2 787
d 2 788
d 2 789
d 2 790
d 2 791
d 2 792
d 2 793
d 2 794
d 2 795
d 2 796
d 2 797
d 2 798
d 2 799
d 2 800
d 2 801
d 2 802
d 2 803
d 2 804
d 2 805
d 2 806
d 2 807
d 2 808
d 2 809
d 2 810
d 2 811
d 2 812
d 2 813
d 2 814
d 2 815
d 2 816
d 2 817
d 2 818
d 2 819
d 2 820
d 2 821
d 2 822
d 2 823
d 2 824
d 2 825
d 2 826
d 2 827
d 2 828
d 2 829
d 2 830
d 2 831
d 2 832
d 2 833
d 2 834
d 2 835
d 2 836
d 2 837
d 2 838
d 2 839
d 2 840
d 2 841
d 2 842
d 2 843
d 3 708
d 3 709
d 3 710
d 3 711
d 3 712
d 3 713
d 3 714
d 3 715
d 3 716
d 3 717
d 3 718
d 3 719
d 3 720
d 3 721
d 3 722
d 3 723
d 3 724
d 3 725
d 3 726
d 3 727
d 3 728
d 3 729
d 2 844
d 2 845
d 2 846
d 2 847
d 2 848
d 2 849
d 2 850
d 2 851
d 2 852
d 2 853
d 2 854
d 2 855
d 2 856
d 2 857
d 2 858
d 2 859
d 2 860
d 2 861
d 2 862
d 2 863
d 2 864
d 2 865
d 2 866
d 2 867
d 2 868
d 2 869
d 2 870
d 2 871
d 2 872
d 2 873
d 2 874
d 2 875
d 2 876
d 2 877
d 2 878
d 2 879
d 3 730
d 3 731
d 3 732
d 3 733
d 3 734
d 3 735
d 3 736
d 3 737
d 3 738
d 3 739
d 3 740
d 3 741
d 3 742
d 3 743
d 3 744
d 3 745
d 3 746
d 3 747
d 3 748
d 3 749
d 3 750
d 3 751
d 3 752
d 3 753
d 3 754
d 3 755
d 3 756
d 3 757
d 3 758
d 3 759
d 3 760
d 3 761
d 1 815
d 1 816
d 1 817
d 1 818
d 1 819
d 1 820
d 1 821
d 1 822
d 1 823
d 1 824
d 1 825
d 1 826
d 1 827
d 1 828
d 1 829
d 1 830
d 1 831
d 1 832
d 1 833
d 1 834
d 1 835
d 1 836
d 1 837
d 1 838
d 1 839
d 1 840
d 1 841
d 1 842
d 1 843
d 1 844
d 1 845
d 1 846
d 1 847
d 1 848
d 1 849
d 1 850
d 1 851
d 1 852
d 1 853
d 1 854
d 1 855
d 1 856
d 1 857
d 1 858
d 1 859
d 1 860
d 1 861
d 1 862
d 1 863
d 1 864
d 1 865
d 1 866
d 1 867
d 1 868
d 1 869
d 1 870
d 1 871
d 1 872
d 1 873
d 1 874
d 1 875
d 1 876
d 1 877
d 1 878
d 1 879
d 1 880
d 1 881
d 1 882
d 1 883
d 1 884
d 1 885
d 1 886
d 1 887
d 1 888
d 1 889
d 1 890
d 1 891
d 1 892
d 1 893
d 1 894
d 1 895
d 2 880
d 2 881
d 2 882
d 2 883
d 3 762
d 3 763
d 3 764
d 3 765
d 3 766
d 3 767
d 3 768
d 3 769
d 3 770
d 5 708
d 2 884
d 2 885
d 2 886
d 2 887
d 2 888
d 2 889
d 8 708
d 8 709
d 5 709
d 5 710
d 1 896
d 5 711
d 5 712
d 5 713
d 5 714
d 5 715
d 5 716
d 5 717
d 3 771
d 3 772
d 3 773
d 3 774
d 3 775
d 3 776
d 3 777
d 3 778
d 3 779
d 3 780
d 3 781
d 3 782
d 3 783
d 3 784
d 3 785
d 3 786
d 3 787
d 3 788
d 3 789
d 3 790
d 3 791
d 3 792
d 3 793
d 3 794
d 3 795
d 3 796
d 3 797
d 5 718
d 5 719
d 5 720
d 5 721
d 5 722
d 5 723
d 5 724
d 5 725
d 5 726
d 5 727
d 5 728
d 8 710
d 1 897
d 1 898
d 1 899
d 1 900
d 5 729
d 5 730
d 5 731
d 5 732
d 5 733
d 5 734
d 5 735
d 2 890
d 2 891
d 2 892
d 2 893
d 2 894
d 2 895
d 2 896
d 2 897
d 2 898
d 2 899
d 2 900
d 2 901
d 2 902
d 2 903
d 2 904
d 2 905
d 2 906
d 2 907
d 2 908
d 2 909
d 2 910
d 2 911
d 2 912
d 2 913
d 2 914
d 2 915
d 2 916
d 2 917
d 2 918
d 2 919
d 2 920
d 2 921
d 2 922
d 2 923
d 2 924
d 2 925
d 2 926
d 2 927
d 2 928
d 2 929
d 2 930
d 2 931
d 2 932
d 2 933
d 2 934
d 2 935
d 2 936
d 2 937
d 2 938
d 2 939
d 2 940
d 2 941
d 2 942
d 2 943
d 2 944
d 2 945
d 2 946
d 2 947
d 2 948
d 2 949
d 1 901
d 1 902
d 1 903
d 1 904
d 1 905
d 1 906
d 2 950
d 2 951
d 2 952
d 2 953
d 2 954
d 2 955
d 2 956
d 2 957
d 2 958
d 2 959
d 2 960
d 2 961
d 2 962
d 2 963
d 2 964
d 2 965
d 2 966
d 2 967
d 2 968
d 2 969
d 2 970
d 2 971
d 2 972
d 2 973
d 2 974
d 2 975
d 2 976
d 2 977
d 2 978
d 2 979
d 2 980
d 2 981
d 2 982
d 2 983
d 2 984
d 2 985
d 2 986
d 2 987
d 2 988
d 2 989
d 2 990
d 2 991
d 2 992
d 2 993
d 2 994
d 2 995
d 2 996
d 2 997
d 2 998
d 2 999
d 2 1000
d 2 1001
d 2 1002
d 2 1003
d 2 1004
d 2 1005
d 2 1006
d 2 1007
d 2 1008
d 2 1009
d 2 1010
d 1 907
d 1 908
d 3 798
d 3 799
d 3 800
d 3 801
d 3 802
d 3 803
d 3 804
d 3 805
d 3 806
d 3 807
d 3 808
d 3 809
d 8 711
d 8 712
d 8 713
d 8 714
d 8 715
d 8 716
d 8 717
d 8 718
d 8 719
d 8 720
d 8 721
d 8 722
d 8 723
d 8 724
d 8 725
d 8 726
d 8 727
d 8 728
d 8 729
d 8 730
d 8 731
d 8 732
d 8 733
d 8 734
d 8 735
d 8 736
d 8 737
d 8 738
d 8 739
d 8 740
d 8 741
d 8 742
d 8 743
d 8 744
d 8 745
d 8 746
d 8 747
d 8 748
d 8 749
d 8 750
d 8 751
d 8 752
d 8 753
d 8 754
d 8 755
d 8 756
d 8 757
d 8 758
d 8 759
d 8 760
d 8 761
d 8 762
d 8 763
d 8 764
d 8 765
d 8 766
d 8 767
d 8 768
d 8 769
d 8 770
d 8 771
d 8 772
d 8 773
d 8 774
d 8 775
d 8 776
d 8 777
d 8 778
d 8 779
d 8 780
d 8 781
d 8 782
d 8 783
d 8 784
d 8 785
d 8 786
d 8 787
d 8 788
d 8 789
d 8 790
d 8 791
d 8 792
d 8 793
d 8 794
d 8 795
d 8 796
d 8 797
d 8 798
d 8 799
d 8 800
d 8 801
d 8 802
d 8 803
d 8 804
d 8 805
d 8 806
d 8 807
d 8 808
d 8 809
d 8 810
d 8 811
d 8 812
d 8 813
d 8 814
d 8 815
d 8 816
d 8 817
d 8 818
d 8 819
d 8 820
d 8 821
d 8 822
d 8 823
d 5 736
d 5 737
d 1 909
b 910
b 911
b 912
b 913
b 914
b 915
b 916
b 917
b 918
b 919
b 920
b 921
b 922
b 923
b 924
b 925
b 926
b 927
b 928
b 929
b 930
b 931
b 932
b 933
b 934
b 935
b 936
b 937
b 938
b 939
b 940
b 941
b 942
b 943
b 944
b 945
b 946
b 947
b 948
b 949
b 950
b 951
b 952
b 953
b 954
b 955
b 956
b 957
b 958
b 959
b 960
b 961
b 962
b 963
b 964
b 965
b 966
b 967
b 968
b 969
b 970
b 971
b 972
b 973
b 974
b 975
b 976
b 977
b 978
b 979
b 980
b 981
b 982
b 983
b 984
b 985
b 986
b 987
b 988
b 989
b 990
b 991
b 992
b 993
b 994
b 995
b 996
b 997
b 998
b 999
b 1000
b 1001
b 1002
b 1003
b 1004
b 1005
b 1006
b 1007
b 1008
b 1009
b 1010
d 5 738
d 5 739
d 5 740
d 5 741
d 5 742
d 5 743
d 5 744
d 5 745
d 5 746
d 5 747
d 5 748
d 5 749
d 8 824
d 5 750
d 5 751
d 5 752
d 5 753
d 5 754
d 5 755
d 5 756
d 5 757
d 5 758
d 5 759
d 5 760
d 5 761
d 5 762
d 5 763
d 5 764
d 5 765
d 5 766
d 5 767
d 5 768
d 5 769
d 5 770
d 5 771
d 5 772
d 5 773
d 5 774
d 5 775
d 5 776
d 5 777
d 5 778
d 5 779
d 5 780
d 5 781
d 5 782
d 5 783
d 5 784
d 5 785
d 5 786
d 5 787
d 5 788
d 5 789
d 5 790
d 5 791
d 5 792
d 5 793
d 5 794
d 5 795
d 5 796
d 5 797
d 5 798
d 5 799
d 5 800
d 5 801
d 5 802
d 5 803
d 5 804
d 5 805
d 5 806
d 5 807
d 5 808
d 5 809
d 5 810
d 5 811
d 8 825
d 8 826
d 3 810
d 3 811
d 3 812
d 3 813
d 3 814
d 3 815
d 3 816
d 3 817
d 3 818
d 3 819
d 3 820
d 3 821
d 3 822
d 3 823
d 3 824
d 3 825
d 3 826
d 3 827
d 3 828
d 3 829
d 3 830
d 3 831
d 3 832
d 3 833
d 3 834
d 3 835
d 3 836
d 3 837
d 3 838
d 3 839
d 3 840
d 3 841
d 3 842
d 3 843
d 3 844
d 3 845
d 3 846
d 3 847
d 3 848
d 3 849
d 3 850
d 3 851
d 3 852
d 3 853
d 3 854
d 3 855
d 3 856
d 3 857
d 3 858
d 3 859
d 3 860
d 3 861
d 3 862
d 3 863
d 3 864
d 3 865
d 3 866
d 3 867
d 3 868
d 3 869
d 3 870
d 3 871
d 3 872
d 3 873
d 3 874
d 3 875
d 3 876
d 3 877
d 3 878
d 3 879
d 3 880
d 3 881
d 3 882
d 3 883
d 3 884
d 3 885
d 3 886
d 3 887
d 3 888
d 3 889
d 3 890
d 3 891
d 3 892
d 3 893
d 3 894
d 3 895
d 3 896
d 3 897
d 3 898
d 3 899
d 3 900
d 3 901
d 3 902
d 3 903
d 3 904
d 3 905
d 3 906
d 3 907
d 3 908
d 3 909
d 1 910
d 1 911
d 1 912
d 8 827
d 8 828
d 8 829
d 8 830
d 8 831
d 8 832
d 8 833
d 8 834
d 8 835
d 8 836
d 8 837
d 8 838
d 8 839
d 8 840
d 8 841
d 8 842
d 8 843
d 8 844
d 8 845
d 8 846
d 8 847
d 8 848
d 5 812
d 5 813
d 5 814
d 5 815
d 8 849
d 8 850
d 8 851
d 8 852
d 8 853
d 8 854
d 8 855
d 8 856
d 8 857
d 8 858
d 8 859
d 8 860
d 8 861
d 8 862
d 8 863
d 8 864
d 8 865
d 8 866
d 8 867
d 8 868
d 8 869
d 8 870
d 8 871
d 8 872
d 8 873
d 8 874
d 8 875
d 8 876
d 8 877
d 8 878
d 8 879
d 8 880
d 8 881
d 8 882
d 8 883
d 8 884
d 8 885
d 8 886
d 8 887
d 8 888
d 8 889
d 8 890
d 8 891
d 8 892
d 8 893
d 8 894
d 8 895
d 8 896
d 8 897
d 8 898
d 8 899
d 8 900
d 8 901
d 8 902
d 8 903
d 8 904
d 8 905
d 8 906
d 8 907
d 8 908
d 8 909
d 2 1011
d 1 913
d 1 914
d 1 915
d 1 916
d 1 917
d 1 918
d 5 816
d 5 817
d 5 818
d 5 819
d 5 820
d 2 1012
d 2 1013
d 2 1014
d 2 1015
d 2 1016
d 2 1017
d 2 1018
d 2 1019
d 2 1020
d 2 1021
d 2 1022
d 2 1023
d 2 1024
d 2 1025
d 2 1026
d 3 910
d 2 1027
d 5 821
d 2 1028
d 5 822
d 5 823
d 2 1029
d 2 1030
d 2 1031
d 2 1032
d 2 1033
d 8 910
d 5 824
d 5 825
d 8 911
d 5 826
d 5 827
d 5 828
d 5 829
d 5 830
d 5 831
d 5 832
d 5 833
d 5 834
d 2 1034
d 2 1035
d 2 1036
d 1 919
d 1 920
d 1 921
d 1 922
d 1 923
d 1 924
d 1 925
d 1 926
d 1 927
d 1 928
d 1 929
d 1 930
d 1 931
d 1 932
d 1 933
d 1 934
d 1 935
d 1 936
d 1 937
d 1 938
d 1 939
d 1 940
d 1 941
d 1 942
d 1 943
d 1 944
d 1 945
d 1 946
d 1 947
d 1 948
d 1 949
d 1 950
d 1 951
d 1 952
d 1 953
d 1 954
d 1 955
d 1 956
d 1 957
d 1 958
d 1 959
d 1 960
d 1 961
d 1 962
d 1 963
d 1 964
d 1 965
d 1 966
d 1 967
d 1 968
d 1 969
d 1 970
d 1 971
d 1 972
d 1 973
d 1 974
d 1 975
d 1 976
d 1 977
d 1 978
d 1 979
d 1 980
d 1 981
d 1 982
d 1 983
d 1 984
d 1 985
d 1 986
d 1 987
d 1 988
d 1 989
d 1 990
d 1 991
d 1 992
d 1 993
d 1 994
d 1 995
d 1 996
d 1 997
d 1 998
d 1 999
d 1 1000
d 1 1001
d 1 1002
d 1 1003
d 1 1004
d 1 1005
d 1 1006
d 1 1007
d 1 1008
d 1 1009
d 1 1010
b 1011
b 1012
b 1013
b 1014
b 1015
b 1016
b 1017
b 1018
b 1019
b 1020
b 1021
b 1022
b 1023
b 1024
b 1025
b 1026
b 1027
b 1028
b 1029
b 1030
b 1031
b 1032
b 1033
b 1034
b 1035
b 1036
b 1037
b 1038
b 1039
b 1040
b 1041
b 1042
b 1043
b 1044
b 1045
b 1046
b 1047
b 1048
b 1049
b 1050
b 1051
b 1052
b 1053
b 1054
b 1055
b 1056
b 1057
b 1058
b 1059
b 1060
b 1061
b 1062
b 1063
b 1064
b 1065
b 1066
b 1067
b 1068
b 1069
b 1070
b 1071
b 1072
b 1073
b 1074
b 1075
b 1076
b 1077
b 1078
b 1079
b 1080
b 1081
b 1082
b 1083
b 1084
b 1085
b 1086
b 1087
b 1088
b 1089
b 1090
b 1091
b 1092
b 1093
b 1094
b 1095
b 1096
b 1097
b 1098
b 1099
b 1100
b 1101
b 1102
b 1103
b 1104
b 1105
b 1106
b 1107
b 1108
b 1109
b 1110
b 1111
d 8 912
d 8 913
d 8 914
d 8 915
d 8 916
d 8 917
d 8 918
d 8 919
d 8 920
d 8 921
d 1 1011
d 2 1037
d 2 1038
d 2 1039
d 2 1040
d 2 1041
d 2 1042
d 2 1043
d 2 1044
d 2 1045
d 2 1046
d 2 1047
d 2 1048
d 2 1049
d 2 1050
d 2 1051
d 2 1052
d 2 1053
d 2 1054
d 2 1055
d 2 1056
d 2 1057
d 2 1058
d 2 1059
d 2 1060
d 2 1061
d 2 1062
d 2 1063
d 2 1064
d 2 1065
d 2 1066
d 2 1067
d 2 1068
d 2 1069
d 2 1070
d 2 1071
d 2 1072
d 2 1073
d 2 1074
d 2 1075
d 2 1076
d 2 1077
d 2 1078
d 2 1079
d 2 1080
d 2 1081
d 2 1082
d 2 1083
d 2 1084
d 2 1085
d 2 1086
d 2 1087
d 2 1088
d 2 1089
d 2 1090
d 2 1091
d 2 1092
d 2 1093
d 2 1094
d 2 1095
d 2 1096
d 2 1097
d 2 1098
d 2 1099
d 2 1100
d 2 1101
d 2 1102
d 2 1103
d 2 1104
d 2 1105
d 2 1106
d 2 1107
d 2 1108
d 2 1109
d 2 1110
d 2 1111
d 2 1112
d 2 1113
d 2 1114
d 2 1115
d 3 911
d 3 912
d 3 913
d 3 914
d 3 915
d 3 916
d 3 917
d 3 918
d 3 919
d 3 920
d 3 921
d 3 922
d 3 923
d 3 924
d 3 925
d 3 926
d 3 927
d 3 928
d 3 929
d 3 930
d 3 931
d 3 932
d 3 933
d 3 934
d 3 935
d 3 936
d 3 937
d 3 938
d 3 939
d 3 940
d 3 941
d 3 942
d 3 943
d 3 944
d 3 945
d 3 946
d 3 947
d 3 948
d 3 949
d 3 950
d 3 951
d 3 952
d 3 953
d 3 954
d 3 955
d 3 956
d 3 957
d 3 958
d 3 959
d 3 960
d 3 961
d 3 962
d 3 963
d 3 964
d 3 965
d 3 966
d 3 967
d 5 835
d 5 836
d 5 837
d 5 838
d 5 839
d 5 840
d 5 841
d 5 842
d 5 843
d 5 844
d 5 845
d 1 1012
d 1 1013
d 1 1014
d 1 1015
d 1 1016
d 1 1017
d 1 1018
d 1 1019
d 1 1020
d 1 1021
d 2 1116
d 2 1117
d 2 1118
d 2 1119
d 2 1120
d 5 846
d 5 847
d 5 848
d 5 849
d 5 850
d 5 851
d 5 852
d 5 853
d 5 854
d 5 855
d 5 856
d 5 857
d 5 858
d 5 859
d 5 860
d 5 861
d 5 862
d 5 863
d 5 864
d 5 865
d 5 866
d 5 867
d 5 868
d 5 869
d 5 870
d 5 871
d 5 872
d 5 873
d 5 874
d 5 875
d 5 876
d 5 877
d 5 878
d 5 879
d 5 880
d 5 881
d 5 882
d 5 883
d 5 884
d 5 885
d 5 886
d 5 887
d 5 888
d 5 889
d 5 890
d 5 891
d 5 892
d 5 893
d 5 894
d 5 895
d 5 896
d 5 897
d 5 898
d 5 899
d 5 900
d 5 901
d 5 902
d 5 903
d 5 904
d 5 905
d 5 906
d 5 907
d 5 908
d 5 909
d 5 910
d 5 911
d 5 912
d 5 913
d 5 914
d 5 915
d 2 1121
d 8 922
d 8 923
d 8 924
d 8 925
d 8 926
d 8 927
d 8 928
d 8 929
d 8 930
d 8 931
d 8 932
d 8 933
d 8 934
d 8 935
d 8 936
d 8 937
d 8 938
d 8 939
d 8 940
d 8 941
d 3 968
d 3 969
d 3 970
d 3 971
d 3 972
d 3 973
d 3 974
d 3 975
d 3 976
d 3 977
d 3 978
d 3 979
d 5 916
d 5 917
d 5 918
d 5 919
d 5 920
d 5 921
d 5 922
d 5 923
d 5 924
d 3 980
d 3 981
d 3 982
d 3 983
d 3 984
d 3 985
d 3 986
d 3 987
d 3 988
d 3 989
d 3 990
d 3 991
d 3 992
d 3 993
d 3 994
d 3 995
d 3 996
d 3 997
d 3 998
d 3 999
d 3 1000
d 3 1001
d 3 1002
d 3 1003
d 3 1004
d 3 1005
d 3 1006
d 3 1007
d 3 1008
d 3 1009
d 3 1010
d 5 925
d 5 926
d 5 927
d 5 928
d 5 929
d 5 930
d 5 931
d 5 932
d 5 933
d 5 934
d 5 935
d 5 936
d 5 937
d 5 938
d 5 939
d 5 940
d 5 941
d 5 942
d 5 943
d 5 944
d 5 945
d 5 946
d 5 947
d 5 948
d 5 949
d 5 950
d 5 951
d 5 952
d 5 953
d 8 942
d 8 943
d 8 944
d 8 945
d 8 946
d 8 947
d 8 948
d 8 949
d 8 950
d 8 951
d 1 1022
d 1 1023
d 1 1024
d 8 952
d 8 953
d 8 954
d 8 955
d 8 956
d 8 957
d 8 958
d 8 959
d 8 960
d 8 961
d 8 962
d 8 963
d 8 964
d 8 965
d 8 966
d 8 967
d 8 968
d 8 969
d 8 970
d 8 971
d 8 972
d 8 973
d 8 974
d 8 975
d 8 976
d 8 977
d 8 978
d 8 979
d 8 980
d 8 981
d 8 982
d 8 983
d 8 984
d 8 985
d 8 986
d 8 987
d 8 988
d 8 989
d 8 990
d 8 991
d 8 992
d 8 993
d 8 994
d 8 995
d 8 996
d 8 997
d 8 998
d 8 999
d 8 1000
d 8 1001
d 8 1002
d 8 1003
d 8 1004
d 8 1005
d 8 1006
d 8 1007
d 8 1008
d 8 1009
d 8 1010
d 1 1025
d 1 1026
d 5 954
d 5 955
d 5 956
d 5 957
d 5 958
d 5 959
d 5 960
d 5 961
d 5 962
d 5 963
d 5 964
d 5 965
d 5 966
d 5 967
d 5 968
d 5 969
d 5 970
d 5 971
d 5 972
d 5 973
d 5 974
d 5 975
d 5 976
d 5 977
d 5 978
d 5 979
d 5 980
d 5 981
d 5 982
d 5 983
d 5 984
d 5 985
d 5 986
d 1 1027
d 1 1028
d 1 1029
d 1 1030
d 1 1031
d 1 1032
d 1 1033
d 1 1034
d 1 1035
d 1 1036
d 1 1037
d 1 1038
d 1 1039
d 1 1040
d 1 1041
d 1 1042
d 1 1043
d 1 1044
d 1 1045
d 1 1046
d 1 1047
d 1 1048
d 1 1049
d 1 1050
d 1 1051
d 1 1052
d 1 1053
d 1 1054
d 1 1055
d 1 1056
d 1 1057
d 1 1058
d 1 1059
d 1 1060
d 1 1061
d 1 1062
d 1 1063
d 1 1064
d 1 1065
d 1 1066
d 1 1067
d 1 1068
d 1 1069
d 1 1070
d 1 1071
d 1 1072
d 1 1073
d 1 1074
d 1 1075
d 1 1076
d 1 1077
d 1 1078
d 1 1079
d 1 1080
d 1 1081
d 1 1082
d 1 1083
d 1 1084
d 1 1085
d 1 1086
d 1 1087
d 1 1088
d 1 1089
d 1 1090
d 1 1091
d 1 1092
d 1 1093
d 1 1094
d 1 1095
d 1 1096
d 1 1097
d 1 1098
d 1 1099
d 1 1100
d 1 1101
d 1 1102
d 1 1103
d 1 1104
d 1 1105
d 1 1106
d 1 1107
d 1 1108
d 1 1109
d 1 1110
d 1 1111
b 1112
b 1113
b 1114
b 1115
b 1116
b 1117
b 1118
b 1119
b 1120
b 1121
b 1122
b 1123
b 1124
b 1125
b 1126
b 1127
b 1128
b 1129
b 1130
b 1131
b 1132
b 1133
b 1134
b 1135
b 1136
b 1137
b 1138
b 1139
b 1140
b 1141
b 1142
b 1143
b 1144
b 1145
b 1146
b 1147
b 1148
b 1149
b 1150
b 1151
b 1152
b 1153
b 1154
b 1155
b 1156
b 1157
b 1158
b 1159
b 1160
b 1161
b 1162
b 1163
b 1164
b 1165
b 1166
b 1167
b 1168
b 1169
b 1170
b 1171
b 1172
b 1173
b 1174
b 1175
b 1176
b 1177
b 1178
b 1179
b 1180
b 1181
b 1182
b 1183
b 1184
b 1185
b 1186
b 1187
b 1188
b 1189
b 1190
b 1191
b 1192
b 1193
b 1194
b 1195
b 1196
b 1197
b 1198
b 1199
b 1200
b 1201
b 1202
b 1203
b 1204
b 1205
b 1206
b 1207
b 1208
b 1209
b 1210
b 1211
b 1212
d 5 987
d 5 988
d 3 1011
d 5 989
d 5 990
d 5 991
d 5 992
d 1 1112
d 5 993
d 5 994
d 5 995
d 5 996
d 5 997
d 5 998
d 5 999
d 5 1000
d 5 1001
d 5 1002
d 5 1003
d 5 1004
d 5 1005
d 5 1006
d 5 1007
d 5 1008
d 5 1009
d 5 1010
d 1 1113
d 1 1114
d 8 1011
d 8 1012
d 8 1013
d 8 1014
d 3 1012
d 3 1013
d 8 1015
d 3 1014
d 3 1015
d 3 1016
d 3 1017
d 3 1018
d 3 1019
d 3 1020
d 3 1021
d 3 1022
d 3 1023
d 3 1024
d 3 1025
d 3 1026
d 3 1027
d 3 1028
d 3 1029
d 3 1030
d 3 1031
d 3 1032
d 3 1033
d 3 1034
d 3 1035
d 3 1036
d 3 1037
d 3 1038
d 3 1039
d 3 1040
d 3 1041
d 3 1042
d 3 1043
d 3 1044
d 3 1045
d 8 1016
d 8 1017
d 5 1011
d 3 1046
d 3 1047
d 3 1048
d 3 1049
d 3 1050
d 3 1051
d 3 1052
d 3 1053
d 3 1054
d 3 1055
d 3 1056
d 3 1057
d 3 1058
d 3 1059
d 3 1060
d 3 1061
d 3 1062
d 3 1063
d 3 1064
d 3 1065
d 3 1066
d 3 1067
d 3 1068
d 3 1069
d 3 1070
d 3 1071
d 3 1072
d 3 1073
d 3 1074
d 3 1075
d 3 1076
d 3 1077
d 3 1078
d 3 1079
d 3 1080
d 3 1081
d 3 1082
d 3 1083
d 3 1084
d 3 1085
d 3 1086
d 3 1087
d 3 1088
d 3 1089
d 3 1090
d 3 1091
d 3 1092
d 3 1093
d 3 1094
d 3 1095
d 3 1096
d 3 1097
d 3 1098
d 3 1099
d 3 1100
d 3 1101
d 3 1102
d 3 1103
d 3 1104
d 3 1105
d 3 1106
d 3 1107
d 3 1108
d 3 1109
d 3 1110
d 3 1111
d 5 1012
d 5 1013
d 5 1014
d 8 1018
d 8 1019
d 8 1020
d 8 1021
d 8 1022
d 8 1023
d 8 1024
d 2 1122
d 2 1123
d 2 1124
d 2 1125
d 2 1126
d 2 1127
d 2 1128
d 2 1129
d 2 1130
d 2 1131
d 2 1132
d 2 1133
d 2 1134
d 2 1135
d 2 1136
d 2 1137
d 2 1138
d 2 1139
d 2 1140
d 2 1141
d 2 1142
d 2 1143
d 2 1144
d 2 1145
d 2 1146
d 2 1147
d 2 1148
d 2 1149
d 2 1150
d 2 1151
d 2 1152
d 2 1153
d 2 1154
d 2 1155
d 2 1156
d 2 1157
d 2 1158
d 2 1159
d 2 1160
d 2 1161
d 2 1162
d 2 1163
d 2 1164
d 2 1165
d 2 1166
d 2 1167
d 2 1168
d 2 1169
d 2 1170
d 2 1171
d 2 1172
d 2 1173
d 2 1174
d 2 1175
d 2 1176
d 2 1177
d 2 1178
d 2 1179
d 2 1180
d 2 1181
d 2 1182
d 2 1183
d 2 1184
d 2 1185
d 2 1186
d 2 1187
d 2 1188
d 2 1189
d 2 1190
d 2 1191
d 2 1192
d 2 1193
d 2 1194
d 2 1195
d 2 1196
d 2 1197
d 2 1198
d 2 1199
d 2 1200
d 2 1201
d 2 1202
d 2 1203
d 2 1204
d 2 1205
d 2 1206
d 2 1207
d 2 1208
d 2 1209
d 2 1210
d 2 1211
d 2 1212
d 2 1213
d 2 1214
d 2 1215
d 2 1216
d 2 1217
d 2 1218
d 2 1219
d 2 1220
d 2 1221
d 2 1222
d 2 1223
d 2 1224
d 2 1225
d 2 1226
d 2 1227
d 2 1228
d 2 1229
d 2 1230
d 2 1231
d 2 1232
d 2 1233
d 2 1234
d 2 1235
d 2 1236
d 2 1237
d 2 1238
d 2 1239
d 2 1240
d 2 1241
d 2 1242
d 2 1243
d 2 1244
d 2 1245
d 2 1246
d 2 1247
d 2 1248
d 2 1249
d 2 1250
d 5 1015
d 5 1016
d 5 1017
d 2 1251
d 2 1252
d 2 1253
d 2 1254
d 2 1255
d 2 1256
d 2 1257
d 2 1258
d 2 1259
d 2 1260
d 2 1261
d 2 1262
d 2 1263
d 2 1264
d 2 1265
d 2 1266
d 2 1267
d 5 1018
d 5 1019
d 5 1020
d 5 1021
d 5 1022
d 5 1023
d 5 1024
d 5 1025
d 5 1026
d 5 1027
d 5 1028
d 5 1029
d 5 1030
d 5 1031
d 5 1032
d 5 1033
d 5 1034
d 5 1035
d 5 1036
d 2 1268
d 2 1269
d 1 1115
d 1 1116
d 1 1117
d 1 1118
d 1 1119
d 1 1120
d 1 1121
d 1 1122
d 1 1123
d 1 1124
d 1 1125
d 1 1126
d 1 1127
d 1 1128
d 1 1129
d 1 1130
d 1 1131
d 1 1132
d 1 1133
d 1 1134
d 1 1135
d 1 1136
d 1 1137
d 1 1138
d 1 1139
d 1 1140
d 1 1141
d 1 1142
d 1 1143
d 1 1144
d 1 1145
d 1 1146
d 8 1025
d 8 1026
d 1 1147
d 8 1027
d 8 1028
d 8 1029
d 8 1030
d 8 1031
d 8 1032
d 8 1033
d 8 1034
d 8 1035
d 8 1036
d 8 1037
d 8 1038
d 8 1039
d 8 1040
d 8 1041
d 8 1042
d 8 1043
d 8 1044
d 8 1045
d 8 1046
d 8 1047
d 8 1048
d 8 1049
d 8 1050
d 8 1051
d 8 1052
d 8 1053
d 8 1054
d 8 1055
d 8 1056
d 8 1057
d 8 1058
d 8 1059
d 8 1060
d 8 1061
d 8 1062
d 2 1270
d 2 1271
d 2 1272
d 2 1273
d 2 1274
d 2 1275
d 2 1276
d 2 1277
d 2 1278
d 2 1279
d 2 1280
d 2 1281
d 2 1282
d 2 1283
d 2 1284
d 2 1285
d 2 1286
d 2 1287
d 2 1288
d 2 1289
d 2 1290
d 2 1291
d 2 1292
d 2 1293
d 2 1294
d 2 1295
d 2 1296
d 2 1297
d 2 1298
d 2 1299
d 2 1300
d 2 1301
d 2 1302
d 2 1303
d 2 1304
d 2 1305
d 2 1306
d 2 1307
d 2 1308
d 2 1309
d 2 1310
d 2 1311
d 2 1312
d 2 1313
d 1 1148
d 1 1149
d 1 1150
d 1 1151
d 1 1152
d 1 1153
d 1 1154
d 1 1155
d 1 1156
d 1 1157
d 1 1158
d 1 1159
d 1 1160
d 1 1161
d 1 1162
d 1 1163
d 1 1164
d 1 1165
d 1 1166
d 1 1167
d 1 1168
d 1 1169
d 1 1170
d 1 1171
d 1 1172
d 1 1173
d 1 1174
d 1 1175
d 1 1176
d 1 1177
d 1 1178
d 1 1179
d 1 1180
d 1 1181
d 1 1182
d 1 1183
d 1 1184
d 1 1185
d 1 1186
d 8 1063
d 1 1187
d 1 1188
d 1 1189
d 1 1190
d 1 1191
d 1 1192
d 1 1193
d 1 1194
d 1 1195
d 1 1196
d 1 1197
d 1 1198
d 1 1199
d 1 1200
d 1 1201
d 1 1202
d 1 1203
d 1 1204
d 1 1205
d 1 1206
d 1 1207
d 1 1208
d 1 1209
d 1 1210
d 1 1211
d 1 1212
b 1213
b 1214
b 1215
b 1216
b 1217
b 1218
b 1219
b 1220
b 1221
b 1222
b 1223
b 1224
b 1225
b 1226
b 1227
b 1228
b 1229
b 1230
b 1231
b 1232
b 1233
b 1234
b 1235
b 1236
b 1237
b 1238
b 1239
b 1240
b 1241
b 1242
b 1243
b 1244
b 1245
b 1246
b 1247
b 1248
b 1249
b 1250
b 1251
b 1252
b 1253
b 1254
b 1255
b 1256
b 1257
b 1258
b 1259
b 1260
b 1261
b 1262
b 1263
b 1264
b 1265
b 1266
b 1267
b 1268
b 1269
b 1270
b 1271
b 1272
b 1273
b 1274
b 1275
b 1276
b 1277
b 1278
b 1279
b 1280
b 1281
b 1282
b 1283
b 1284
b 1285
b 1286
b 1287
b 1288
b 1289
b 1290
b 1291
b 1292
b 1293
b 1294
b 1295
b 1296
b 1297
b 1298
b 1299
b 1300
b 1301
b 1302
b 1303
b 1304
b 1305
b 1306
b 1307
b 1308
b 1309
b 1310
b 1311
b 1312
b 1313
d 8 1064
d 8 1065
d 8 1066
d 8 1067
d 8 1068
d 8 1069
d 8 1070
d 8 1071
d 8 1072
d 8 1073
d 8 1074
d 8 1075
d 8 1076
d 8 1077
d 8 1078
d 8 1079
d 8 1080
d 8 1081
d 8 1082
d 8 1083
d 8 1084
d 8 1085
d 8 1086
d 8 1087
d 8 1088
d 8 1089
d 8 1090
d 8 1091
d 8 1092
d 8 1093
d 8 1094
d 8 1095
d 8 1096
d 8 1097
d 8 1098
d 8 1099
d 8 1100
d 8 1101
d 8 1102
d 8 1103
d 8 1104
d 8 1105
d 8 1106
d 8 1107
d 8 1108
d 8 1109
d 8 1110
d 8 1111
d 5 1037
d 5 1038
d 5 1039
d 5 1040
d 5 1041
d 5 1042
d 2 1314
d 5 1043
d 5 1044
d 5 1045
d 5 1046
d 5 1047
d 5 1048
d 5 1049
d 5 1050
d 5 1051
d 5 1052
d 5 1053
d 5 1054
d 5 1055
d 5 1056
d 5 1057
d 5 1058
d 5 1059
d 5 1060
d 5 1061
d 5 1062
d 5 1063
d 5 1064
d 5 1065
d 5 1066
d 5 1067
d 5 1068
d 5 1069
d 5 1070
d 5 1071
d 5 1072
d 5 1073
d 5 1074
d 5 1075
d 5 1076
d 5 1077
d 5 1078
d 5 1079
d 5 1080
d 5 1081
d 5 1082
d 5 1083
d 5 1084
d 5 1085
d 5 1086
d 5 1087
d 5 1088
d 5 1089
d 5 1090
d 5 1091
d 5 1092
d 5 1093
d 5 1094
d 5 1095
d 5 1096
d 5 1097
d 5 1098
d 5 1099
d 5 1100
d 5 1101
d 5 1102
d 5 1103
d 5 1104
d 5 1105
d 5 1106
d 5 1107
d 5 1108
d 5 1109
d 5 1110
d 5 1111
d 2 1315
d 2 1316
d 2 1317
d 2 1318
d 2 1319
d 2 1320
d 2 1321
d 2 1322
d 2 1323
d 2 1324
d 2 1325
d 2 1326
d 2 1327
d 2 1328
d 2 1329
d 2 1330
d 2 1331
d 2 1332
d 2 1333
d 2 1334
d 2 1335
d 2 1336
d 2 1337
d 2 1338
d 1 1213
d 1 1214
d 1 1215
d 2 1339
d 2 1340
d 2 1341
d 2 1342
d 2 1343
d 2 1344
d 2 1345
d 2 1346
d 2 1347
d 2 1348
d 2 1349
d 2 1350
d 2 1351
d 2 1352
d 2 1353
d 2 1354
d 5 1112
d 1 1216
d 1 1217
d 1 1218
d 1 1219
d 1 1220
d 2 1355
d 2 1356
d 2 1357
d 2 1358
d 2 1359
d 2 1360
d 2 1361
d 5 1113
d 5 1114
d 1 1221
d 1 1222
d 1 1223
d 1 1224
d 1 1225
d 1 1226
d 1 1227
d 1 1228
d 1 1229
d 1 1230
d 8 1112
d 8 1113
d 8 1114
d 8 1115
d 8 1116
d 8 1117
d 8 1118
d 8 1119
d 8 1120
d 8 1121
d 5 1115
d 5 1116
d 5 1117
d 5 1118
d 5 1119
d 5 1120
d 5 1121
d 5 1122
d 5 1123
d 5 1124
d 5 1125
d 5 1126
d 5 1127
d 5 1128
d 5 1129
d 5 1130
d 5 1131
d 5 1132
d 5 1133
d 5 1134
d 5 1135
d 5 1136
d 5 1137
d 5 1138
d 5 1139
d 5 1140
d 5 1141
d 5 1142
d 5 1143
d 5 1144
d 5 1145
d 5 1146
d 5 1147
d 5 1148
d 5 1149
d 5 1150
d 5 1151
d 5 1152
d 5 1153
d 5 1154
d 5 1155
d 5 1156
d 5 1157
d 5 1158
d 5 1159
d 5 1160
d 5 1161
d 5 1162
d 5 1163
d 5 1164
d 5 1165
d 5 1166
d 1 1231
d 1 1232
d 1 1233
d 1 1234
d 1 1235
d 1 1236
d 1 1237
d 1 1238
d 1 1239
d 1 1240
d 1 1241
d 1 1242
d 1 1243
d 3 1112
d 8 1122
d 8 1123
d 8 1124
d 8 1125
d 8 1126
d 8 1127
d 8 1128
d 8 1129
d 8 1130
d 8 1131
d 8 1132
d 8 1133
d 8 1134
d 8 1135
d 8 1136
d 8 1137
d 8 1138
d 8 1139
d 8 1140
d 8 1141
d 8 1142
d 8 1143
d 8 1144
d 8 1145
d 8 1146
d 8 1147
d 8 1148
d 8 1149
d 8 1150
d 8 1151
d 8 1152
d 8 1153
d 8 1154
d 8 1155
d 8 1156
d 8 1157
d 8 1158
d 8 1159
d 8 1160
d 8 1161
d 8 1162
d 8 1163
d 8 1164
d 8 1165
d 8 1166
d 5 1167
d 5 1168
d 5 1169
d 8 1167
d 8 1168
d 8 1169
d 8 1170
d 5 1170
d 5 1171
d 5 1172
d 5 1173
d 5 1174
d 5 1175
d 5 1176
d 5 1177
d 5 1178
d 5 1179
d 5 1180
d 5 1181
d 5 1182
d 5 1183
d 5 1184
d 5 1185
d 5 1186
d 5 1187
d 5 1188
d 5 1189
d 5 1190
d 5 1191
d 5 1192
d 5 1193
d 5 1194
d 5 1195
d 5 1196
d 3 1113
d 5 1197
d 5 1198
d 5 1199
d 5 1200
d 5 1201
d 5 1202
d 5 1203
d 5 1204
d 5 1205
d 5 1206
d 5 1207
d 5 1208
d 5 1209
d 5 1210
d 5 1211
d 5 1212
d 5 1213
d 5 1214
d 5 1215
d 5 1216
d 5 1217
d 5 1218
d 5 1219
d 5 1220
d 5 1221
d 5 1222
d 5 1223
d 5 1224
d 5 1225
d 5 1226
d 5 1227
d 5 1228
d 5 1229
d 5 1230
d 5 1231
d 5 1232
d 5 1233
d 5 1234
d 5 1235
d 5 1236
d 5 1237
d 5 1238
d 5 1239
d 5 1240
d 5 1241
d 5 1242
d 5 1243
d 5 1244
d 5 1245
d 5 1246
d 5 1247
d 5 1248
d 5 1249
d 5 1250
d 5 1251
d 5 1252
d 5 1253
d 5 1254
d 5 1255
d 5 1256
d 5 1257
d 5 1258
d 5 1259
d 5 1260
d 5 1261
d 5 1262
d 5 1263
d 5 1264
d 3 1114
d 3 1115
d 3 1116
d 3 1117
d 3 1118
d 3 1119
d 3 1120
d 3 1121
d 3 1122
d 3 1123
d 3 1124
d 3 1125
d 3 1126
d 3 1127
d 3 1128
d 3 1129
d 3 1130
d 3 1131
d 3 1132
d 3 1133
d 3 1134
d 3 1135
d 3 1136
d 3 1137
d 3 1138
d 3 1139
d 3 1140
d 3 1141
d 3 1142
d 8 1171
d 8 1172
d 8 1173
d 8 1174
d 8 1175
d 8 1176
d 8 1177
d 8 1178
d 8 1179
d 8 1180
d 8 1181
d 8 1182
d 8 1183
d 8 1184
d 8 1185
d 8 1186
d 8 1187
d 8 1188
d 8 1189
d 8 1190
d 8 1191
d 8 1192
d 8 1193
d 8 1194
d 8 1195
d 8 1196
d 8 1197
d 8 1198
d 8 1199
d 8 1200
d 8 1201
d 8 1202
d 8 1203
d 8 1204
d 8 1205
d 8 1206
d 8 1207
d 8 1208
d 8 1209
d 8 1210
d 8 1211
d 8 1212
d 3 1143
d 3 1144
d 3 1145
d 3 1146
d 3 1147
d 3 1148
d 5 1265
d 5 1266
d 5 1267
d 5 1268
d 5 1269
d 5 1270
d 5 1271
d 5 1272
d 5 1273
d 5 1274
d 5 1275
d 5 1276
d 5 1277
d 5 1278
d 5 1279
d 5 1280
d 5 1281
d 5 1282
d 5 1283
d 5 1284
d 5 1285
d 5 1286
d 1 1244
d 1 1245
d 1 1246
d 1 1247
d 1 1248
d 1 1249
d 1 1250
d 1 1251
d 1 1252
d 1 1253
d 1 1254
d 1 1255
d 1 1256
d 1 1257
d 1 1258
d 1 1259
d 1 1260
d 1 1261
d 1 1262
d 1 1263
d 1 1264
d 1 1265
d 1 1266
d 1 1267
d 1 1268
d 1 1269
d 1 1270
d 1 1271
d 1 1272
d 1 1273
d 1 1274
d 1 1275
d 1 1276
d 1 1277
d 1 1278
d 1 1279
d 1 1280
d 1 1281
d 1 1282
d 1 1283
d 1 1284
d 1 1285
d 1 1286
d 1 1287
d 1 1288
d 1 1289
d 1 1290
d 1 1291
d 1 1292
d 1 1293
d 1 1294
d 1 1295
d 1 1296
d 1 1297
d 1 1298
d 1 1299
d 1 1300
d 1 1301
d 1 1302
d 1 1303
d 1 1304
d 1 1305
d 1 1306
d 1 1307
d 1 1308
d 1 1309
d 1 1310
d 1 1311
d 1 1312
d 1 1313
b 1314
b 1315
b 1316
b 1317
b 1318
b 1319
b 1320
b 1321
b 1322
b 1323
b 1324
b 1325
b 1326
b 1327
b 1328
b 1329
b 1330
b 1331
b 1332
b 1333
b 1334
b 1335
b 1336
b 1337
b 1338
b 1339
b 1340
b 1341
b 1342
b 1343
b 1344
b 1345
b 1346
b 1347
b 1348
b 1349
b 1350
b 1351
b 1352
b 1353
b 1354
b 1355
b 1356
b 1357
b 1358
b 1359
b 1360
b 1361
d 5 1287
d 5 1288
d 5 1289
d 5 1290
d 5 1291
d 5 1292
d 5 1293
d 5 1294
d 5 1295
d 5 1296
d 5 1297
d 5 1298
d 5 1299
d 5 1300
d 5 1301
d 5 1302
d 5 1303
d 5 1304
d 5 1305
d 5 1306
d 5 1307
d 5 1308
d 5 1309
d 5 1310
d 5 1311
d 5 1312
d 5 1313
d 3 1149
d 3 1150
d 3 1151
d 3 1152
d 3 1153
d 3 1154
d 3 1155
d 3 1156
d 3 1157
d 3 1158
d 1 1314
d 1 1315
d 3 1159
d 3 1160
d 3 1161
d 3 1162
d 3 1163
d 3 1164
d 3 1165
d 3 1166
d 3 1167
d 3 1168
d 3 1169
d 3 1170
d 3 1171
d 3 1172
d 3 1173
d 3 1174
d 3 1175
d 3 1176
d 3 1177
d 3 1178
d 3 1179
d 3 1180
d 3 1181
d 3 1182
d 3 1183
d 3 1184
d 3 1185
d 3 1186
d 3 1187
d 3 1188
d 3 1189
d 3 1190
d 3 1191
d 3 1192
d 3 1193
d 3 1194
d 3 1195
d 3 1196
d 3 1197
d 3 1198
d 3 1199
d 3 1200
d 3 1201
d 3 1202
d 3 1203
d 3 1204
d 3 1205
d 3 1206
d 3 1207
d 3 1208
d 3 1209
d 3 1210
d 3 1211
d 3 1212
d 1 1316
d 1 1317
d 1 1318
d 8 1213
d 5 1314
d 1 1319
d 1 1320
d 1 1321
d 1 1322
d 1 1323
d 1 1324
d 1 1325
d 3 1213
d 3 1214
d 5 1315
d 5 1316
d 1 1326
d 1 1327
d 1 1328
d 1 1329
d 1 1330
d 1 1331
d 1 1332
d 1 1333
d 1 1334
d 1 1335
d 1 1336
d 1 1337
d 1 1338
d 1 1339
d 1 1340
d 1 1341
d 1 1342
d 1 1343
d 1 1344
d 1 1345
d 1 1346
d 1 1347
d 1 1348
d 1 1349
d 1 1350
d 1 1351
d 1 1352
d 1 1353
d 1 1354
d 1 1355
d 1 1356
d 3 1215
d 3 1216
d 5 1317
d 8 1214
d 8 1215
d 8 1216
d 1 1357
d 1 1358
d 1 1359
d 1 1360
d 1 1361
d 8 1217
d 8 1218
d 8 1219
d 8 1220
d 8 1221
d 8 1222
d 8 1223
d 8 1224
d 8 1225
d 8 1226
d 8 1227
d 8 1228
d 5 1318
d 5 1319
d 5 1320
d 5 1321
d 5 1322
d 5 1323
d 5 1324
d 5 1325
d 5 1326
d 5 1327
d 5 1328
d 5 1329
d 5 1330
d 5 1331
d 5 1332
d 5 1333
d 5 1334
d 5 1335
d 5 1336
d 5 1337
d 5 1338
d 5 1339
d 5 1340
d 5 1341
d 5 1342
d 5 1343
d 5 1344
d 5 1345
d 5 1346
d 5 1347
d 5 1348
d 5 1349
d 5 1350
d 5 1351
d 5 1352
d 5 1353
d 5 1354
d 5 1355
d 5 1356
d 5 1357
d 5 1358
d 3 1217
d 3 1218
d 3 1219
d 3 1220
d 3 1221
d 5 1359
d 3 1222
d 8 1229
d 8 1230
d 8 1231
d 8 1232
d 8 1233
d 8 1234
d 8 1235
d 8 1236
d 8 1237
d 8 1238
d 8 1239
d 8 1240
d 8 1241
d 8 1242
d 5 1360
d 5 1361
d 3 1223
d 3 1224
d 3 1225
d 3 1226
d 3 1227
d 3 1228
d 3 1229
d 3 1230
d 3 1231
d 3 1232
d 3 1233
d 3 1234
d 3 1235
d 3 1236
d 3 1237
d 3 1238
d 3 1239
d 3 1240
d 3 1241
d 3 1242
d 3 1243
d 3 1244
d 3 1245
d 8 1243
d 8 1244
d 8 1245
d 8 1246
d 8 1247
d 8 1248
d 8 1249
d 8 1250
d 8 1251
d 8 1252
d 3 1246
d 3 1247
d 3 1248
d 3 1249
d 3 1250
d 3 1251
d 3 1252
d 3 1253
d 3 1254
d 3 1255
d 3 1256
d 3 1257
d 3 1258
d 3 1259
d 3 1260
d 3 1261
d 3 1262
d 3 1263
d 3 1264
d 3 1265
d 3 1266
d 3 1267
d 3 1268
d 3 1269
d 3 1270
d 3 1271
d 3 1272
d 3 1273
d 3 1274
d 3 1275
d 3 1276
d 3 1277
d 3 1278
d 3 1279
d 3 1280
d 3 1281
d 3 1282
d 3 1283
d 3 1284
d 3 1285
d 3 1286
d 3 1287
d 3 1288
d 3 1289
d 3 1290
d 3 1291
d 3 1292
d 3 1293
d 3 1294
d 3 1295
d 3 1296
d 3 1297
d 3 1298
d 3 1299
d 3 1300
d 3 1301
d 3 1302
d 3 1303
d 3 1304
d 3 1305
d 3 1306
d 3 1307
d 3 1308
d 3 1309
d 3 1310
d 3 1311
d 3 1312
d 3 1313
d 8 1253
d 8 1254
d 8 1255
d 8 1256
d 8 1257
d 8 1258
d 8 1259
d 8 1260
d 8 1261
d 8 1262
d 8 1263
d 8 1264
d 8 1265
d 8 1266
d 8 1267
d 8 1268
d 8 1269
d 8 1270
d 8 1271
d 8 1272
d 8 1273
d 8 1274
d 8 1275
d 8 1276
d 8 1277
d 8 1278
d 8 1279
d 8 1280
d 8 1281
d 8 1282
d 8 1283
d 8 1284
d 8 1285
d 8 1286
d 8 1287
d 8 1288
d 8 1289
d 8 1290
d 8 1291
d 8 1292
d 8 1293
d 8 1294
d 8 1295
d 8 1296
d 8 1297
d 8 1298
d 8 1299
d 8 1300
d 8 1301
d 8 1302
d 8 1303
d 8 1304
d 8 1305
d 8 1306
d 8 1307
d 8 1308
d 8 1309
d 8 1310
d 8 1311
d 8 1312
d 8 1313
d 8 1314
d 8 1315
d 8 1316
d 8 1317
d 8 1318
d 8 1319
d 8 1320
d 8 1321
d 8 1322
d 8 1323
d 8 1324
d 8 1325
d 8 1326
d 8 1327
d 8 1328
d 3 1314
d 3 1315
d 8 1329
d 8 1330
d 8 1331
d 8 1332
d 8 1333
d 8 1334
d 8 1335
d 8 1336
d 3 1316
d 8 1337
d 8 1338
d 8 1339
d 8 1340
d 3 1317
d 3 1318
d 3 1319
d 3 1320
d 3 1321
d 3 1322
d 3 1323
d 3 1324
d 3 1325
d 3 1326
d 3 1327
d 3 1328
d 3 1329
d 3 1330
d 3 1331
d 3 1332
d 3 1333
d 3 1334
d 3 1335
d 3 1336
d 3 1337
d 3 1338
d 3 1339
d 3 1340
d 3 1341
d 3 1342
d 3 1343
d 3 1344
d 3 1345
d 3 1346
d 3 1347
d 3 1348
d 3 1349
d 3 1350
d 3 1351
d 3 1352
d 3 1353
d 3 1354
d 3 1355
d 3 1356
d 3 1357
d 3 1358
d 3 1359
d 3 1360
d 3 1361
d 8 1341
d 8 1342
d 8 1343
d 8 1344
d 8 1345
d 8 1346
d 8 1347
d 8 1348
d 8 1349
d 8 1350
d 8 1351
d 8 1352
d 8 1353
d 8 1354
d 8 1355
d 8 1356
d 8 1357
d 8 1358
d 8 1359
d 8 1360
d 8 1361
