b 1
b 2
b 3
b 4
b 5
b 6
b 7
b 8
b 9
b 10
b 11
b 12
b 13
b 14
b 15
b 16
b 17
b 18
b 19
b 20
b 21
b 22
b 23
b 24
b 25
b 26
b 27
b 28
b 29
b 30
b 31
b 32
b 33
b 34
b 35
b 36
b 37
b 38
b 39
b 40
b 41
b 42
b 43
b 44
b 45
b 46
b 47
b 48
b 49
b 50
b 51
b 52
b 53
b 54
b 55
b 56
b 57
b 58
b 59
b 60
b 61
b 62
b 63
b 64
b 65
b 66
b 67
b 68
b 69
b 70
b 71
b 72
b 73
b 74
b 75
b 76
b 77
b 78
b 79
b 80
b 81
b 82
b 83
b 84
b 85
b 86
b 87
b 88
b 89
b 90
b 91
b 92
b 93
b 94
b 95
b 96
b 97
b 98
b 99
b 100
b 101
d 3 1
d 4 1
d 6 1
d 10 1
d 10 2
d 6 2
d 6 3
d 1 1
d 5 1
d 7 1
d 7 2
d 3 2
d 3 3
d 3 4
d 7 3
d 3 5
d 4 2
d 1 2
d 10 3
d 10 4
d 10 5
d 1 3
d 2 1
d 6 4
d 6 5
d 6 6
d 6 7
d 6 8
d 6 9
d 6 10
d 4 3
d 4 4
d 9 1
d 10 6
d 10 7
d 10 8
d 4 5
d 6 11
d 8 1
d 8 2
d 3 6
d 3 7
d 3 8
d 3 9
d 5 2
d 5 3
d 2 2
d 2 3
d 10 9
d 10 10
d 10 11
d 10 12
d 8 3
d 8 4
d 8 5
d 8 6
d 2 4
d 5 4
d 3 10
d 1 4
d 1 5
d 4 6
d 4 7
d 4 8
d 5 5
d 5 6
d 5 7
d 7 4
d 7 5
d 7 6
d 7 7
d 7 8
d 2 5
d 2 6
d 2 7
d 2 8
d 8 7
d 8 8
d 8 9
d 10 13
d 10 14
d 10 15
d 10 16
d 2 9
d 2 10
d 2 11
d 2 12
d 2 13
d 3 11
d 6 12
d 6 13
d 6 14
d 6 15
d 3 12
d 2 14
d 6 16
d 6 17
d 6 18
d 4 9
d 4 10
d 4 11
d 4 12
d 4 13
d 4 14
d 6 19
d 6 20
d 6 21
d 6 22
d 6 23
d 1 6
d 8 10
d 8 11
d 9 2
d 3 13
d 3 14
d 6 24
d 3 15
d 9 3
d 9 4
d 9 5
d 4 15
d 4 16
d 4 17
d 3 16
d 3 17
d 3 18
d 3 19
d 7 9
d 1 7
d 1 8
d 7 10
d 7 11
d 7 12
d 7 13
d 7 14
d 7 15
d 3 20
d 10 17
d 10 18
d 10 19
d 10 20
d 10 21
d 10 22
d 10 23
d 5 8
d 7 16
d 7 17
d 7 18
d 7 19
d 7 20
d 7 21
d 7 22
d 7 23
d 7 24
d 7 25
d 10 24
d 10 25
d 7 26
d 7 27
d 7 28
d 7 29
d 7 30
d 7 31
d 7 32
d 10 26
d 10 27
d 10 28
d 10 29
d 10 30
d 2 15
d 2 16
d 2 17
d 2 18
d 2 19
d 2 20
d 8 12
d 8 13
d 8 14
d 8 15
d 8 16
d 8 17
d 3 21
d 3 22
d 7 33
d 7 34
d 7 35
d 7 36
d 7 37
d 7 38
d 7 39
d 7 40
d 7 41
d 7 42
d 2 21
d 7 43
d 7 44
d 7 45
d 7 46
d 7 47
d 3 23
d 3 24
d 3 25
d 3 26
d 8 18
d 3 27
d 8 19
d 7 48
d 7 49
d 7 50
d 7 51
d 7 52
d 7 53
d 2 22
d 6 25
d 6 26
d 6 27
d 6 28
d 6 29
d 7 54
d 3 28
d 3 29
d 1 9
d 1 10
d 1 11
d 1 12
d 3 30
d 3 31
d 3 32
d 3 33
d 3 34
d 3 35
d 3 36
d 3 37
d 3 38
d 3 39
d 3 40
d 3 41
d 3 42
d 3 43
d 8 20
d 8 21
d 8 22
d 8 23
d 8 24
d 8 25
d 8 26
d 8 27
d 8 28
d 8 29
d 8 30
d 3 44
d 6 30
d 6 31
d 6 32
d 6 33
d 6 34
d 6 35
d 6 36
d 6 37
d 6 38
d 6 39
d 6 40
d 6 41
d 6 42
d 7 55
d 7 56
d 7 57
d 7 58
d 7 59
d 7 60
d 6 43
d 3 45
d 3 46
d 3 47
d 3 48
d 3 49
d 3 50
d 3 51
d 3 52
d 8 31
d 8 32
d 8 33
d 8 34
d 8 35
d 8 36
d 8 37
d 8 38
d 8 39
d 8 40
d 8 41
d 7 61
d 7 62
d 7 63
d 9 6
d 9 7
d 9 8
d 9 9
d 9 10
d 9 11
d 9 12
d 9 13
d 9 14
d 9 15
d 9 16
d 9 17
d 9 18
d 9 19
d 9 20
d 9 21
d 9 22
d 9 23
d 9 24
d 9 25
d 9 26
d 7 64
d 7 65
d 7 66
d 7 67
d 7 68
d 7 69
d 7 70
d 7 71
d 7 72
d 7 73
d 7 74
d 7 75
d 10 31
d 10 32
d 10 33
d 10 34
d 10 35
d 10 36
d 10 37
d 10 38
d 10 39
d 10 40
d 10 41
d 10 42
d 10 43
d 10 44
d 10 45
d 10 46
d 10 47
d 10 48
d 10 49
d 10 50
d 10 51
d 10 52
d 10 53
d 10 54
d 10 55
d 10 56
d 10 57
d 10 58
d 10 59
d 10 60
d 10 61
d 10 62
d 10 63
d 10 64
d 10 65
d 10 66
d 10 67
d 10 68
d 10 69
d 10 70
d 10 71
d 10 72
d 10 73
d 10 74
d 10 75
d 10 76
d 10 77
d 10 78
d 10 79
d 10 80
d 10 81
d 10 82
d 10 83
d 10 84
d 10 85
d 10 86
d 7 76
d 7 77
d 7 78
d 7 79
d 7 80
d 7 81
d 7 82
d 7 83
d 7 84
d 7 85
d 7 86
d 7 87
d 7 88
d 7 89
d 7 90
d 7 91
d 6 44
d 6 45
d 6 46
d 6 47
d 6 48
d 3 53
d 10 87
d 10 88
d 10 89
d 10 90
d 10 91
d 10 92
d 10 93
d 10 94
d 10 95
d 10 96
d 10 97
d 10 98
d 10 99
d 10 100
d 10 101
d 2 23
d 2 24
d 2 25
d 2 26
d 2 27
d 2 28
d 2 29
d 2 30
d 2 31
d 2 32
d 7 92
d 7 93
d 7 94
d 7 95
d 7 96
d 7 97
d 3 54
d 3 55
d 3 56
d 3 57
d 3 58
d 3 59
d 3 60
d 3 61
d 3 62
d 3 63
d 3 64
d 7 98
d 7 99
d 3 65
d 3 66
d 3 67
d 3 68
d 3 69
d 3 70
d 3 71
d 6 49
d 6 50
d 6 51
d 6 52
d 6 53
d 6 54
d 6 55
d 6 56
d 6 57
d 6 58
d 6 59
d 6 60
d 6 61
d 6 62
d 6 63
d 6 64
d 6 65
d 6 66
d 6 67
d 6 68
d 6 69
d 6 70
d 6 71
d 6 72
d 6 73
d 6 74
d 6 75
d 6 76
d 6 77
d 6 78
d 6 79
d 6 80
d 6 81
d 6 82
d 6 83
d 6 84
d 6 85
d 6 86
d 6 87
d 6 88
d 6 89
d 6 90
d 6 91
d 6 92
d 6 93
d 6 94
d 6 95
d 6 96
d 6 97
d 6 98
d 6 99
d 6 100
d 6 101
d 5 9
d 5 10
d 5 11
d 5 12
d 5 13
d 5 14
d 5 15
d 5 16
d 5 17
d 5 18
d 5 19
d 5 20
d 5 21
d 5 22
d 5 23
d 5 24
d 5 25
d 5 26
d 5 27
d 5 28
d 5 29
d 2 33
d 2 34
d 2 35
d 2 36
d 2 37
d 2 38
d 2 39
d 2 40
d 2 41
d 2 42
d 2 43
d 2 44
d 2 45
d 2 46
d 2 47
d 2 48
d 2 49
d 2 50
d 2 51
d 2 52
d 2 53
d 2 54
d 2 55
d 1 13
d 1 14
d 1 15
d 1 16
d 1 17
d 1 18
d 1 19
d 1 20
d 1 21
d 1 22
d 1 23
d 1 24
d 1 25
d 1 26
d 1 27
d 1 28
d 1 29
d 1 30
d 1 31
d 1 32
d 1 33
d 1 34
d 1 35
d 1 36
d 1 37
d 1 38
d 1 39
d 1 40
d 1 41
d 4 18
d 4 19
d 4 20
d 4 21
d 4 22
d 4 23
d 4 24
d 4 25
d 4 26
d 4 27
d 4 28
d 4 29
d 4 30
d 4 31
d 4 32
d 4 33
d 4 34
d 4 35
d 4 36
d 4 37
d 4 38
d 4 39
d 4 40
d 4 41
d 4 42
d 4 43
d 4 44
d 2 56
d 2 57
d 2 58
d 2 59
d 2 60
d 2 61
d 2 62
d 9 27
d 9 28
d 9 29
d 9 30
d 9 31
d 9 32
d 9 33
d 9 34
d 9 35
d 9 36
d 9 37
d 9 38
d 9 39
d 9 40
d 9 41
d 9 42
d 9 43
d 9 44
d 9 45
d 9 46
d 9 47
d 9 48
d 9 49
d 9 50
d 9 51
d 9 52
d 9 53
d 9 54
d 9 55
d 9 56
d 9 57
d 4 45
d 4 46
d 4 47
d 4 48
d 4 49
d 4 50
d 1 42
d 1 43
d 1 44
d 1 45
d 1 46
d 1 47
d 1 48
d 1 49
d 1 50
d 1 51
d 1 52
d 1 53
d 1 54
d 1 55
d 1 56
d 1 57
d 1 58
d 1 59
d 1 60
d 1 61
d 1 62
d 1 63
d 1 64
d 1 65
d 1 66
d 1 67
d 1 68
d 1 69
d 1 70
d 1 71
d 1 72
d 1 73
d 1 74
d 1 75
d 1 76
d 1 77
d 1 78
d 1 79
d 1 80
d 1 81
d 1 82
d 1 83
d 1 84
d 1 85
d 1 86
d 1 87
d 1 88
d 1 89
d 1 90
d 1 91
d 1 92
d 1 93
d 1 94
d 1 95
d 1 96
d 1 97
d 1 98
d 1 99
d 1 100
d 1 101
d 9 58
d 9 59
d 9 60
d 9 61
d 9 62
d 9 63
d 9 64
d 9 65
d 9 66
d 9 67
d 9 68
d 9 69
d 9 70
d 9 71
d 9 72
d 9 73
d 9 74
d 9 75
d 9 76
d 9 77
d 9 78
d 9 79
d 9 80
d 9 81
d 9 82
d 9 83
d 9 84
d 9 85
d 9 86
d 9 87
d 9 88
d 9 89
d 9 90
d 9 91
d 9 92
d 9 93
d 9 94
d 2 63
d 2 64
d 8 42
d 8 43
d 8 44
d 8 45
d 8 46
d 8 47
d 8 48
d 8 49
d 8 50
d 8 51
d 8 52
d 8 53
d 8 54
d 8 55
d 8 56
d 8 57
d 8 58
d 8 59
d 8 60
d 8 61
d 8 62
d 8 63
d 8 64
d 8 65
d 8 66
d 8 67
d 8 68
d 8 69
d 8 70
d 8 71
d 8 72
d 8 73
d 8 74
d 8 75
d 8 76
d 8 77
d 1 102
d 1 103
d 1 104
d 1 105
d 1 106
d 1 107
d 1 108
d 4 51
d 4 52
d 4 53
d 4 54
d 4 55
d 4 56
d 4 57
d 4 58
d 4 59
d 4 60
d 4 61
d 2 65
d 2 66
d 2 67
d 2 68
d 2 69
d 2 70
d 2 71
d 2 72
d 2 73
d 2 74
d 2 75
d 2 76
d 2 77
d 2 78
d 2 79
d 2 80
d 2 81
d 2 82
d 2 83
d 2 84
d 2 85
d 2 86
d 2 87
d 2 88
d 2 89
d 2 90
d 2 91
d 2 92
d 2 93
d 2 94
d 2 95
d 2 96
d 2 97
d 2 98
d 2 99
d 2 100
d 2 101
d 2 102
d 2 103
d 2 104
d 2 105
d 2 106
d 5 30
d 5 31
d 5 32
d 5 33
d 5 34
d 5 35
d 5 36
d 5 37
d 5 38
d 5 39
d 5 40
d 5 41
d 5 42
d 5 43
d 5 44
d 5 45
d 5 46
d 5 47
d 5 48
d 5 49
d 5 50
d 5 51
d 5 52
d 5 53
d 5 54
d 5 55
d 5 56
d 5 57
d 5 58
d 5 59
d 5 60
d 5 61
d 5 62
d 5 63
d 5 64
d 5 65
d 5 66
d 5 67
d 5 68
d 5 69
d 5 70
d 5 71
d 5 72
d 5 73
d 5 74
d 5 75
d 5 76
d 5 77
d 5 78
d 5 79
d 5 80
d 5 81
d 5 82
d 5 83
d 5 84
d 5 85
d 5 86
d 5 87
d 5 88
d 5 89
d 5 90
d 5 91
d 5 92
d 5 93
d 5 94
d 5 95
d 5 96
d 5 97
d 5 98
d 5 99
d 5 100
d 5 101
d 2 107
d 4 62
d 4 63
d 4 64
d 4 65
d 4 66
d 4 67
d 4 68
d 4 69
d 4 70
d 4 71
d 4 72
d 4 73
d 4 74
d 4 75
d 4 76
d 4 77
d 4 78
d 4 79
d 4 80
d 4 81
d 4 82
d 4 83
d 4 84
d 4 85
d 4 86
d 4 87
d 4 88
d 4 89
d 4 90
d 4 91
d 4 92
d 4 93
d 4 94
d 4 95
d 4 96
d 4 97
d 4 98
d 4 99
d 4 100
d 4 101
d 4 102
d 4 103
d 4 104
d 4 105
d 4 106
d 4 107
d 4 108
d 2 108
d 2 109
d 2 110
d 2 111
d 2 112
d 9 95
d 9 96
d 9 97
d 9 98
d 9 99
d 9 100
d 9 101
b 102
b 103
b 104
b 105
b 106
b 107
b 108
b 109
b 110
b 111
b 112
b 113
b 114
b 115
b 116
b 117
b 118
b 119
b 120
b 121
b 122
b 123
b 124
b 125
b 126
b 127
b 128
b 129
b 130
b 131
b 132
b 133
b 134
b 135
b 136
b 137
b 138
b 139
b 140
b 141
b 142
b 143
b 144
b 145
b 146
b 147
b 148
b 149
b 150
b 151
b 152
b 153
b 154
b 155
b 156
b 157
b 158
b 159
b 160
b 161
b 162
b 163
b 164
b 165
b 166
b 167
b 168
b 169
b 170
b 171
b 172
b 173
b 174
b 175
b 176
b 177
b 178
b 179
b 180
b 181
b 182
b 183
b 184
b 185
b 186
b 187
b 188
b 189
b 190
b 191
b 192
b 193
b 194
b 195
b 196
b 197
b 198
b 199
b 200
b 201
b 202
d 4 109
d 8 78
d 8 79
d 8 80
d 8 81
d 8 82
d 8 83
d 8 84
d 8 85
d 8 86
d 8 87
d 8 88
d 8 89
d 8 90
d 8 91
d 8 92
d 8 93
d 8 94
d 8 95
d 8 96
d 8 97
d 8 98
d 8 99
d 8 100
d 8 101
d 8 102
d 8 103
d 8 104
d 8 105
d 8 106
d 8 107
d 8 108
d 8 109
d 8 110
d 8 111
d 8 112
d 8 113
d 8 114
d 8 115
d 8 116
d 8 117
d 8 118
d 8 119
d 8 120
d 8 121
d 8 122
d 8 123
d 8 124
d 8 125
d 8 126
d 8 127
d 8 128
d 8 129
d 8 130
d 8 131
d 8 132
d 8 133
d 8 134
d 8 135
d 8 136
d 8 137
d 8 138
d 8 139
d 8 140
d 8 141
d 8 142
d 8 143
d 8 144
d 8 145
d 8 146
d 8 147
d 8 148
d 8 149
d 8 150
d 8 151
d 8 152
d 8 153
d 8 154
d 8 155
d 8 156
d 8 157
d 8 158
d 8 159
d 8 160
d 8 161
d 8 162
d 8 163
d 8 164
d 8 165
d 8 166
d 8 167
d 8 168
d 8 169
d 8 170
d 8 171
d 8 172
d 8 173
d 8 174
d 8 175
d 8 176
d 8 177
d 8 178
d 8 179
d 8 180
d 8 181
d 8 182
d 8 183
d 8 184
d 8 185
d 8 186
d 8 187
d 8 188
d 8 189
d 8 190
d 8 191
d 8 192
d 8 193
d 8 194
d 8 195
d 8 196
d 8 197
d 8 198
d 8 199
d 8 200
d 8 201
d 8 202
d 8 203
d 8 204
d 8 205
d 8 206
d 8 207
d 8 208
d 8 209
d 8 210
d 8 211
d 8 212
d 8 213
d 2 113
d 4 110
d 2 114
d 2 115
d 2 116
d 4 111
d 4 112
d 4 113
d 4 114
d 1 109
d 1 110
d 9 102
d 9 103
d 9 104
d 9 105
d 9 106
d 1 111
d 2 117
d 2 118
d 2 119
d 2 120
d 9 107
d 9 108
d 9 109
d 4 115
d 4 116
d 1 112
d 1 113
d 1 114
d 1 115
d 1 116
d 1 117
d 1 118
d 2 121
d 2 122
d 2 123
d 2 124
d 2 125
d 2 126
d 2 127
d 2 128
d 2 129
d 2 130
d 2 131
d 2 132
d 2 133
d 2 134
d 2 135
d 2 136
d 2 137
d 2 138
d 2 139
d 2 140
d 2 141
d 2 142
d 2 143
d 2 144
d 2 145
d 2 146
d 2 147
d 2 148
d 2 149
d 2 150
d 2 151
d 2 152
d 2 153
d 2 154
d 2 155
d 2 156
d 2 157
d 2 158
d 2 159
d 2 160
d 2 161
d 2 162
d 2 163
d 2 164
d 2 165
d 2 166
d 2 167
d 2 168
d 2 169
d 2 170
d 2 171
d 2 172
d 2 173
d 2 174
d 2 175
d 2 176
d 2 177
d 2 178
d 2 179
d 4 117
d 4 118
d 2 180
d 2 181
d 2 182
d 2 183
d 2 184
d 2 185
d 2 186
d 2 187
d 2 188
d 2 189
d 2 190
d 2 191
d 2 192
d 2 193
d 2 194
d 2 195
d 2 196
d 2 197
d 2 198
d 2 199
d 2 200
d 2 201
d 2 202
d 9 110
d 9 111
d 9 112
d 9 113
d 9 114
d 9 115
d 9 116
d 9 117
d 9 118
d 9 119
d 9 120
d 9 121
d 9 122
d 9 123
d 9 124
d 9 125
d 9 126
d 8 214
d 8 215
d 8 216
d 9 127
d 9 128
d 1 119
d 1 120
d 1 121
d 1 122
d 9 129
d 1 123
d 1 124
d 1 125
d 8 217
d 4 119
d 4 120
d 4 121
d 4 122
d 4 123
d 8 218
d 8 219
d 8 220
d 8 221
d 8 222
d 2 203
d 9 130
d 9 131
d 2 204
d 8 223
d 8 224
d 8 225
d 8 226
d 8 227
d 1 126
d 1 127
d 1 128
d 9 132
d 9 133
d 9 134
d 9 135
d 9 136
d 9 137
d 9 138
d 9 139
d 9 140
d 9 141
d 9 142
d 9 143
d 9 144
d 9 145
d 2 205
d 2 206
d 2 207
d 2 208
d 2 209
d 2 210
d 9 146
d 9 147
d 9 148
d 8 228
d 8 229
d 8 230
d 8 231
d 8 232
d 8 233
d 8 234
d 8 235
d 8 236
d 8 237
d 8 238
d 8 239
d 8 240
d 8 241
d 8 242
d 8 243
d 8 244
d 8 245
d 8 246
d 8 247
d 8 248
d 8 249
d 8 250
d 8 251
d 8 252
d 8 253
d 8 254
d 8 255
d 8 256
d 8 257
d 8 258
d 8 259
d 8 260
d 8 261
d 8 262
d 8 263
d 8 264
d 8 265
d 8 266
d 8 267
d 8 268
d 8 269
d 8 270
d 8 271
d 8 272
d 8 273
d 8 274
d 8 275
d 8 276
d 8 277
d 1 129
d 1 130
d 1 131
d 1 132
d 1 133
d 1 134
d 1 135
d 1 136
d 1 137
d 1 138
d 1 139
d 1 140
d 1 141
d 1 142
d 1 143
d 1 144
d 1 145
d 1 146
d 1 147
d 1 148
d 1 149
d 1 150
d 1 151
d 1 152
d 1 153
d 1 154
d 1 155
d 1 156
d 1 157
d 1 158
d 1 159
d 1 160
d 1 161
d 1 162
d 1 163
d 1 164
d 1 165
d 1 166
d 1 167
d 1 168
d 1 169
d 1 170
d 1 171
d 1 172
d 1 173
d 1 174
d 1 175
d 1 176
d 1 177
d 1 178
d 1 179
d 1 180
d 1 181
d 1 182
d 1 183
d 1 184
d 1 185
d 1 186
d 1 187
d 1 188
d 1 189
d 1 190
d 1 191
d 1 192
d 1 193
d 1 194
d 1 195
d 1 196
d 1 197
d 1 198
d 1 199
d 1 200
d 1 201
d 1 202
d 8 278
d 8 279
d 8 280
d 8 281
d 8 282
d 8 283
d 8 284
d 8 285
d 8 286
d 8 287
d 8 288
d 8 289
d 8 290
d 8 291
d 8 292
d 8 293
d 8 294
d 8 295
d 8 296
d 8 297
d 8 298
d 8 299
d 8 300
d 8 301
d 8 302
d 8 303
d 9 149
d 9 150
d 9 151
d 9 152
d 9 153
d 9 154
d 9 155
d 9 156
d 4 124
d 4 125
d 4 126
d 4 127
d 4 128
d 9 157
d 9 158
d 9 159
d 9 160
d 9 161
d 9 162
d 9 163
d 9 164
d 9 165
d 9 166
d 9 167
d 9 168
d 9 169
d 9 170
d 9 171
d 9 172
d 9 173
d 9 174
d 9 175
d 9 176
d 9 177
d 9 178
d 9 179
d 9 180
d 9 181
d 9 182
d 9 183
d 9 184
d 9 185
d 9 186
d 9 187
d 9 188
d 9 189
d 9 190
d 9 191
d 9 192
d 9 193
d 9 194
d 9 195
d 9 196
d 9 197
d 9 198
d 9 199
d 9 200
d 9 201
d 9 202
b 203
b 204
b 205
b 206
b 207
b 208
b 209
b 210
b 211
b 212
b 213
b 214
b 215
b 216
b 217
b 218
b 219
b 220
b 221
b 222
b 223
b 224
b 225
b 226
b 227
b 228
b 229
b 230
b 231
b 232
b 233
b 234
b 235
b 236
b 237
b 238
b 239
b 240
b 241
b 242
b 243
b 244
b 245
b 246
b 247
b 248
b 249
b 250
b 251
b 252
b 253
b 254
b 255
b 256
b 257
b 258
b 259
b 260
b 261
b 262
b 263
b 264
b 265
b 266
b 267
b 268
b 269
b 270
b 271
b 272
b 273
b 274
b 275
b 276
b 277
b 278
b 279
b 280
b 281
b 282
b 283
b 284
b 285
b 286
b 287
b 288
b 289
b 290
b 291
b 292
b 293
b 294
b 295
b 296
b 297
b 298
b 299
b 300
b 301
b 302
b 303
d 1 203
d 1 204
d 1 205
d 1 206
d 1 207
d 1 208
d 4 129
d 9 203
d 1 209
d 4 130
d 1 210
d 1 211
d 1 212
d 1 213
d 1 214
d 4 131
d 4 132
d 4 133
d 4 134
d 4 135
d 4 136
d 4 137
d 4 138
d 4 139
d 4 140
d 4 141
d 4 142
d 4 143
d 4 144
d 4 145
d 4 146
d 4 147
d 4 148
d 4 149
d 4 150
d 4 151
d 4 152
d 4 153
d 4 154
d 4 155
d 4 156
d 4 157
d 4 158
d 4 159
d 4 160
d 4 161
d 4 162
d 4 163
d 4 164
d 4 165
d 4 166
d 4 167
d 4 168
d 4 169
d 4 170
d 4 171
d 4 172
d 4 173
d 4 174
d 4 175
d 4 176
d 4 177
d 4 178
d 4 179
d 4 180
d 4 181
d 4 182
d 4 183
d 4 184
d 4 185
d 4 186
d 4 187
d 4 188
d 9 204
d 9 205
d 8 304
d 1 215
d 1 216
d 1 217
d 1 218
d 1 219
d 1 220
d 1 221
d 1 222
d 1 223
d 1 224
d 1 225
d 1 226
d 4 189
d 4 190
d 4 191
d 4 192
d 4 193
d 4 194
d 4 195
d 4 196
d 4 197
d 4 198
d 4 199
d 4 200
d 4 201
d 4 202
d 8 305
d 8 306
d 8 307
d 8 308
d 8 309
d 8 310
d 1 227
d 2 211
d 2 212
d 2 213
d 2 214
d 2 215
d 2 216
d 2 217
d 2 218
d 2 219
d 9 206
d 8 311
d 1 228
d 1 229
d 1 230
d 2 220
d 2 221
d 2 222
d 2 223
d 2 224
d 2 225
d 2 226
d 2 227
d 2 228
d 2 229
d 2 230
d 2 231
d 2 232
d 2 233
d 2 234
d 2 235
d 2 236
d 4 203
d 4 204
d 1 231
d 1 232
d 1 233
d 1 234
d 1 235
d 1 236
d 1 237
d 1 238
d 1 239
d 1 240
d 1 241
d 1 242
d 1 243
d 1 244
d 1 245
d 1 246
d 1 247
d 1 248
d 1 249
d 1 250
d 1 251
d 1 252
d 1 253
d 1 254
d 1 255
d 1 256
d 1 257
d 1 258
d 1 259
d 1 260
d 1 261
d 1 262
d 1 263
d 1 264
d 1 265
d 1 266
d 1 267
d 1 268
d 1 269
d 1 270
d 1 271
d 1 272
d 1 273
d 1 274
d 1 275
d 1 276
d 1 277
d 1 278
d 1 279
d 1 280
d 1 281
d 1 282
d 1 283
d 1 284
d 8 312
d 8 313
d 8 314
d 8 315
d 8 316
d 8 317
d 9 207
d 9 208
d 9 209
d 9 210
d 9 211
d 9 212
d 9 213
d 9 214
d 8 318
d 8 319
d 8 320
d 4 205
d 8 321
d 8 322
d 8 323
d 8 324
d 1 285
d 1 286
d 1 287
d 1 288
d 1 289
d 1 290
d 1 291
d 1 292
d 1 293
d 1 294
d 1 295
d 1 296
d 1 297
d 1 298
d 1 299
d 1 300
d 1 301
d 1 302
d 1 303
d 1 304
d 1 305
d 1 306
d 8 325
d 4 206
d 4 207
d 4 208
d 4 209
d 4 210
d 4 211
d 4 212
d 4 213
d 4 214
d 1 307
d 9 215
d 9 216
d 9 217
d 9 218
d 9 219
d 9 220
d 9 221
d 9 222
d 9 223
d 9 224
d 9 225
d 9 226
d 9 227
d 9 228
d 4 215
d 4 216
d 4 217
d 4 218
d 4 219
d 4 220
d 4 221
d 4 222
d 4 223
d 4 224
d 4 225
d 4 226
d 4 227
d 4 228
d 4 229
d 4 230
d 4 231
d 4 232
d 4 233
d 4 234
d 4 235
d 4 236
d 4 237
d 4 238
d 4 239
d 4 240
d 4 241
d 4 242
d 4 243
d 4 244
d 4 245
d 4 246
d 4 247
d 4 248
d 4 249
d 4 250
d 4 251
d 4 252
d 4 253
d 4 254
d 4 255
d 4 256
d 4 257
d 4 258
d 4 259
d 4 260
d 4 261
d 4 262
d 4 263
d 4 264
d 4 265
d 4 266
d 4 267
d 4 268
d 4 269
d 4 270
d 4 271
d 4 272
d 4 273
d 4 274
d 4 275
d 4 276
d 4 277
d 4 278
d 4 279
d 4 280
d 4 281
d 4 282
d 4 283
d 4 284
d 4 285
d 4 286
d 4 287
d 4 288
d 4 289
d 4 290
d 4 291
d 4 292
d 4 293
d 4 294
d 4 295
d 4 296
d 4 297
d 4 298
d 4 299
d 4 300
d 4 301
d 4 302
d 4 303
d 9 229
d 9 230
d 9 231
d 9 232
d 9 233
d 9 234
d 9 235
d 9 236
d 9 237
d 9 238
d 9 239
d 9 240
d 9 241
d 9 242
d 9 243
d 9 244
d 9 245
d 9 246
d 9 247
d 9 248
d 9 249
d 9 250
d 9 251
d 9 252
d 9 253
d 9 254
d 9 255
d 9 256
d 9 257
d 9 258
d 9 259
d 9 260
d 9 261
d 9 262
d 9 263
d 9 264
d 9 265
d 9 266
d 9 267
d 9 268
d 9 269
d 9 270
d 9 271
d 9 272
d 9 273
d 9 274
d 9 275
d 9 276
d 9 277
d 9 278
d 9 279
d 9 280
d 9 281
d 9 282
d 9 283
d 9 284
d 9 285
d 9 286
d 9 287
d 9 288
d 9 289
d 9 290
d 9 291
d 9 292
d 9 293
d 9 294
d 9 295
d 9 296
d 9 297
d 9 298
d 9 299
d 9 300
d 9 301
d 9 302
d 9 303
b 304
b 305
b 306
b 307
b 308
b 309
b 310
b 311
b 312
b 313
b 314
b 315
b 316
b 317
b 318
b 319
b 320
b 321
b 322
b 323
b 324
b 325
b 326
b 327
b 328
b 329
b 330
b 331
b 332
b 333
b 334
b 335
b 336
b 337
b 338
b 339
b 340
b 341
b 342
b 343
b 344
b 345
b 346
b 347
b 348
b 349
b 350
b 351
b 352
b 353
b 354
b 355
b 356
b 357
b 358
b 359
b 360
b 361
b 362
b 363
b 364
b 365
b 366
b 367
b 368
b 369
b 370
b 371
b 372
b 373
b 374
b 375
b 376
b 377
b 378
b 379
b 380
b 381
b 382
b 383
b 384
b 385
b 386
b 387
b 388
b 389
b 390
b 391
b 392
b 393
b 394
b 395
b 396
b 397
b 398
b 399
b 400
b 401
b 402
b 403
b 404
d 8 326
d 8 327
d 8 328
d 2 237
d 2 238
d 2 239
d 2 240
d 2 241
d 2 242
d 2 243
d 2 244
d 2 245
d 2 246
d 2 247
d 2 248
d 2 249
d 2 250
d 2 251
d 2 252
d 2 253
d 2 254
d 2 255
d 2 256
d 2 257
d 2 258
d 2 259
d 2 260
d 2 261
d 2 262
d 2 263
d 2 264
d 2 265
d 2 266
d 2 267
d 2 268
d 2 269
d 2 270
d 2 271
d 2 272
d 2 273
d 2 274
d 2 275
d 2 276
d 2 277
d 2 278
d 2 279
d 2 280
d 2 281
d 2 282
d 2 283
d 2 284
d 2 285
d 2 286
d 2 287
d 2 288
d 2 289
d 2 290
d 2 291
d 2 292
d 2 293
d 2 294
d 2 295
d 2 296
d 2 297
d 2 298
d 2 299
d 2 300
d 2 301
d 2 302
d 2 303
d 2 304
d 2 305
d 2 306
d 2 307
d 2 308
d 2 309
d 2 310
d 2 311
d 2 312
d 2 313
d 2 314
d 2 315
d 2 316
d 2 317
d 2 318
d 2 319
d 2 320
d 2 321
d 2 322
d 2 323
d 2 324
d 2 325
d 2 326
d 2 327
d 2 328
d 2 329
d 2 330
d 2 331
d 2 332
d 8 329
d 8 330
d 8 331
d 9 304
d 8 332
d 8 333
d 8 334
d 8 335
d 2 333
d 2 334
d 2 335
d 2 336
d 2 337
d 2 338
d 2 339
d 9 305
d 9 306
d 9 307
d 9 308
d 9 309
d 9 310
d 9 311
d 8 336
d 8 337
d 8 338
d 8 339
d 8 340
d 8 341
d 8 342
d 8 343
d 8 344
d 8 345
d 8 346
d 8 347
d 8 348
d 8 349
d 8 350
d 8 351
d 8 352
d 8 353
d 8 354
d 8 355
d 8 356
d 8 357
d 8 358
d 8 359
d 8 360
d 8 361
d 8 362
d 8 363
d 8 364
d 8 365
d 8 366
d 8 367
d 8 368
d 8 369
d 8 370
d 8 371
d 8 372
d 8 373
d 8 374
d 8 375
d 8 376
d 8 377
d 8 378
d 8 379
d 8 380
d 8 381
d 8 382
d 8 383
d 8 384
d 8 385
d 8 386
d 8 387
d 8 388
d 8 389
d 8 390
d 8 391
d 8 392
d 8 393
d 8 394
d 8 395
d 8 396
d 8 397
d 8 398
d 8 399
d 8 400
d 8 401
d 8 402
d 8 403
d 8 404
d 9 312
d 9 313
d 9 314
d 9 315
d 9 316
d 9 317
d 9 318
d 9 319
d 9 320
d 9 321
d 9 322
d 9 323
d 9 324
d 2 340
d 9 325
d 8 405
d 8 406
d 8 407
d 8 408
d 8 409
d 8 410
d 8 411
d 8 412
d 8 413
d 8 414
d 8 415
d 1 308
d 1 309
d 1 310
d 1 311
d 9 326
d 9 327
d 9 328
d 9 329
d 9 330
d 9 331
d 9 332
d 9 333
d 9 334
d 9 335
d 2 341
d 2 342
d 2 343
d 2 344
d 2 345
d 2 346
d 2 347
d 8 416
d 8 417
d 9 336
d 9 337
d 9 338
d 2 348
d 2 349
d 9 339
d 9 340
d 8 418
d 9 341
d 9 342
d 2 350
d 2 351
d 2 352
d 2 353
d 2 354
d 2 355
d 2 356
d 2 357
d 2 358
d 2 359
d 2 360
d 8 419
d 8 420
d 9 343
d 9 344
d 9 345
d 9 346
d 9 347
d 9 348
d 2 361
d 2 362
d 2 363
d 2 364
d 2 365
d 2 366
d 2 367
d 2 368
d 2 369
d 2 370
d 2 371
d 2 372
d 2 373
d 2 374
d 2 375
d 2 376
d 2 377
d 2 378
d 2 379
d 2 380
d 2 381
d 2 382
d 2 383
d 2 384
d 2 385
d 2 386
d 2 387
d 2 388
d 2 389
d 2 390
d 2 391
d 2 392
d 2 393
d 2 394
d 2 395
d 2 396
d 2 397
d 2 398
d 2 399
d 2 400
d 2 401
d 2 402
d 2 403
d 2 404
d 8 421
d 8 422
d 8 423
d 8 424
d 8 425
d 8 426
d 1 312
d 1 313
d 8 427
d 8 428
d 8 429
d 8 430
d 8 431
d 8 432
d 8 433
d 1 314
d 1 315
d 1 316
d 1 317
d 1 318
d 1 319
d 8 434
d 8 435
d 8 436
d 8 437
d 8 438
d 8 439
d 8 440
d 9 349
d 9 350
d 9 351
d 9 352
d 9 353
d 9 354
d 9 355
d 9 356
d 9 357
d 1 320
d 1 321
d 1 322
d 1 323
d 1 324
d 8 441
d 8 442
d 8 443
d 8 444
d 1 325
d 1 326
d 9 358
d 9 359
d 9 360
d 9 361
d 9 362
d 9 363
d 9 364
d 9 365
d 9 366
d 9 367
d 9 368
d 9 369
d 9 370
d 9 371
d 9 372
d 9 373
d 9 374
d 9 375
d 9 376
d 9 377
d 9 378
d 9 379
d 9 380
d 9 381
d 9 382
d 9 383
d 9 384
d 9 385
d 9 386
d 9 387
d 9 388
d 9 389
d 9 390
d 9 391
d 9 392
d 9 393
d 9 394
d 9 395
d 9 396
d 9 397
d 9 398
d 9 399
d 9 400
d 9 401
d 9 402
d 9 403
d 9 404
b 405
b 406
b 407
b 408
b 409
b 410
b 411
b 412
b 413
b 414
b 415
b 416
b 417
b 418
b 419
b 420
b 421
b 422
b 423
b 424
b 425
b 426
b 427
b 428
b 429
b 430
b 431
b 432
b 433
b 434
b 435
b 436
b 437
b 438
b 439
b 440
b 441
b 442
b 443
b 444
b 445
b 446
b 447
b 448
b 449
b 450
b 451
b 452
b 453
b 454
b 455
b 456
b 457
b 458
b 459
b 460
b 461
b 462
b 463
b 464
b 465
b 466
b 467
b 468
b 469
b 470
b 471
b 472
b 473
b 474
b 475
b 476
b 477
b 478
b 479
b 480
b 481
b 482
b 483
b 484
b 485
b 486
b 487
b 488
b 489
b 490
b 491
b 492
b 493
b 494
b 495
b 496
b 497
b 498
b 499
b 500
b 501
b 502
b 503
b 504
b 505
d 8 445
d 8 446
d 1 327
d 1 328
d 9 405
d 8 447
d 8 448
d 4 304
d 4 305
d 4 306
d 4 307
d 4 308
d 4 309
d 4 310
d 4 311
d 4 312
d 1 329
d 8 449
d 8 450
d 8 451
d 8 452
d 8 453
d 4 313
d 4 314
d 4 315
d 9 406
d 9 407
d 1 330
d 1 331
d 1 332
d 1 333
d 1 334
d 1 335
d 1 336
d 1 337
d 1 338
d 1 339
d 1 340
d 1 341
d 1 342
d 1 343
d 1 344
d 1 345
d 1 346
d 1 347
d 1 348
d 1 349
d 1 350
d 1 351
d 1 352
d 1 353
d 1 354
d 1 355
d 1 356
d 1 357
d 1 358
d 1 359
d 1 360
d 1 361
d 1 362
d 1 363
d 1 364
d 1 365
d 1 366
d 1 367
d 1 368
d 1 369
d 1 370
d 1 371
d 1 372
d 1 373
d 1 374
d 1 375
d 1 376
d 1 377
d 1 378
d 1 379
d 1 380
d 1 381
d 1 382
d 1 383
d 1 384
d 1 385
d 1 386
d 1 387
d 1 388
d 1 389
d 1 390
d 1 391
d 1 392
d 1 393
d 1 394
d 1 395
d 1 396
d 1 397
d 1 398
d 1 399
d 1 400
d 1 401
d 1 402
d 1 403
d 1 404
d 1 405
d 1 406
d 1 407
d 1 408
d 1 409
d 4 316
d 4 317
d 4 318
d 4 319
d 4 320
d 4 321
d 4 322
d 8 454
d 8 455
d 8 456
d 8 457
d 8 458
d 8 459
d 8 460
d 8 461
d 8 462
d 8 463
d 8 464
d 8 465
d 8 466
d 8 467
d 8 468
d 8 469
d 8 470
d 8 471
d 8 472
d 8 473
d 8 474
d 8 475
d 8 476
d 8 477
d 8 478
d 8 479
d 8 480
d 8 481
d 8 482
d 8 483
d 8 484
d 8 485
d 8 486
d 8 487
d 8 488
d 8 489
d 8 490
d 8 491
d 8 492
d 8 493
d 8 494
d 8 495
d 8 496
d 8 497
d 8 498
d 8 499
d 8 500
d 8 501
d 8 502
d 8 503
d 8 504
d 8 505
d 2 405
d 8 506
d 8 507
d 2 406
d 8 508
d 2 407
d 8 509
d 8 510
d 8 511
d 2 408
d 2 409
d 2 410
d 2 411
d 2 412
d 2 413
d 2 414
d 2 415
d 2 416
d 2 417
d 2 418
d 2 419
d 2 420
d 2 421
d 2 422
d 2 423
d 2 424
d 2 425
d 2 426
d 2 427
d 2 428
d 2 429
d 2 430
d 2 431
d 2 432
d 2 433
d 2 434
d 2 435
d 2 436
d 2 437
d 2 438
d 2 439
d 2 440
d 2 441
d 2 442
d 2 443
d 2 444
d 2 445
d 2 446
d 2 447
d 2 448
d 2 449
d 2 450
d 2 451
d 2 452
d 2 453
d 2 454
d 2 455
d 2 456
d 2 457
d 2 458
d 2 459
d 2 460
d 4 323
d 4 324
d 4 325
d 4 326
d 4 327
d 4 328
d 4 329
d 4 330
d 4 331
d 4 332
d 4 333
d 4 334
d 4 335
d 4 336
d 4 337
d 4 338
d 4 339
d 4 340
d 4 341
d 4 342
d 4 343
d 4 344
d 4 345
d 4 346
d 4 347
d 4 348
d 4 349
d 4 350
d 4 351
d 4 352
d 4 353
d 4 354
d 4 355
d 4 356
d 4 357
d 4 358
d 4 359
d 4 360
d 4 361
d 4 362
d 4 363
d 4 364
d 4 365
d 4 366
d 4 367
d 4 368
d 4 369
d 4 370
d 4 371
d 4 372
d 4 373
d 4 374
d 4 375
d 4 376
d 4 377
d 4 378
d 4 379
d 4 380
d 4 381
d 4 382
d 4 383
d 4 384
d 4 385
d 4 386
d 4 387
d 4 388
d 4 389
d 4 390
d 4 391
d 4 392
d 4 393
d 4 394
d 4 395
d 4 396
d 4 397
d 4 398
d 4 399
d 4 400
d 4 401
d 2 461
d 2 462
d 2 463
d 2 464
d 2 465
d 2 466
d 2 467
d 2 468
d 2 469
d 2 470
d 2 471
d 2 472
d 2 473
d 2 474
d 2 475
d 2 476
d 2 477
d 2 478
d 2 479
d 2 480
d 2 481
d 2 482
d 2 483
d 2 484
d 2 485
d 2 486
d 2 487
d 2 488
d 2 489
d 2 490
d 2 491
d 2 492
d 2 493
d 2 494
d 2 495
d 2 496
d 2 497
d 2 498
d 2 499
d 2 500
d 2 501
d 2 502
d 2 503
d 2 504
d 2 505
d 8 512
d 8 513
d 2 506
d 8 514
d 8 515
d 2 507
d 2 508
d 1 410
d 1 411
d 1 412
d 1 413
d 1 414
d 1 415
d 1 416
d 1 417
d 1 418
d 1 419
d 1 420
d 1 421
d 1 422
d 1 423
d 1 424
d 1 425
d 1 426
d 1 427
d 1 428
d 1 429
d 1 430
d 1 431
d 1 432
d 1 433
d 1 434
d 1 435
d 1 436
d 1 437
d 1 438
d 1 439
d 1 440
d 1 441
d 1 442
d 1 443
d 1 444
d 1 445
d 1 446
d 1 447
d 1 448
d 1 449
d 1 450
d 1 451
d 1 452
d 1 453
d 1 454
d 1 455
d 1 456
d 1 457
d 1 458
d 1 459
d 1 460
d 8 516
d 8 517
d 8 518
d 2 509
d 2 510
d 2 511
d 2 512
d 2 513
d 8 519
d 2 514
d 8 520
d 8 521
d 8 522
d 8 523
d 8 524
d 5 102
d 5 103
d 2 515
d 2 516
d 5 104
d 5 105
d 5 106
d 2 517
d 2 518
d 2 519
d 2 520
d 2 521
d 2 522
d 2 523
d 2 524
d 2 525
d 2 526
d 2 527
d 2 528
d 2 529
d 2 530
d 2 531
d 9 408
d 9 409
d 9 410
d 9 411
d 9 412
d 9 413
d 9 414
d 9 415
d 9 416
d 9 417
d 9 418
d 9 419
d 9 420
d 9 421
d 9 422
d 9 423
d 9 424
d 9 425
d 9 426
d 9 427
d 9 428
d 9 429
d 9 430
d 9 431
d 9 432
d 9 433
d 9 434
d 9 435
d 9 436
d 9 437
d 9 438
d 9 439
d 9 440
d 9 441
d 9 442
d 9 443
d 9 444
d 9 445
d 9 446
d 9 447
d 9 448
d 9 449
d 9 450
d 5 107
d 5 108
d 5 109
d 5 110
d 5 111
d 8 525
d 8 526
d 8 527
d 8 528
d 9 451
d 9 452
d 9 453
d 9 454
d 9 455
d 9 456
d 9 457
d 9 458
d 9 459
d 9 460
d 9 461
d 9 462
d 9 463
d 9 464
d 9 465
d 9 466
d 9 467
d 9 468
d 9 469
d 9 470
d 9 471
d 9 472
d 9 473
d 9 474
d 9 475
d 9 476
d 9 477
d 9 478
d 9 479
d 9 480
d 9 481
d 9 482
d 9 483
d 9 484
d 9 485
d 9 486
d 9 487
d 9 488
d 9 489
d 9 490
d 9 491
d 9 492
d 9 493
d 9 494
d 9 495
d 9 496
d 9 497
d 9 498
d 9 499
d 9 500
d 9 501
d 9 502
d 9 503
d 9 504
d 9 505
b 506
b 507
b 508
b 509
b 510
b 511
b 512
b 513
b 514
b 515
b 516
b 517
b 518
b 519
b 520
b 521
b 522
b 523
b 524
b 525
b 526
b 527
b 528
b 529
b 530
b 531
b 532
b 533
b 534
b 535
b 536
b 537
b 538
b 539
b 540
b 541
b 542
b 543
b 544
b 545
b 546
b 547
b 548
b 549
b 550
b 551
b 552
b 553
b 554
b 555
b 556
b 557
b 558
b 559
b 560
b 561
b 562
b 563
b 564
b 565
b 566
b 567
b 568
b 569
b 570
b 571
b 572
b 573
b 574
b 575
b 576
b 577
b 578
b 579
b 580
b 581
b 582
b 583
b 584
b 585
b 586
b 587
b 588
b 589
b 590
b 591
b 592
b 593
b 594
b 595
b 596
b 597
b 598
b 599
b 600
b 601
b 602
b 603
b 604
b 605
b 606
d 5 112
d 5 113
d 5 114
d 5 115
d 5 116
d 8 529
d 8 530
d 8 531
d 8 532
d 8 533
d 8 534
d 8 535
d 8 536
d 8 537
d 8 538
d 8 539
d 8 540
d 8 541
d 8 542
d 8 543
d 8 544
d 8 545
d 8 546
d 8 547
d 8 548
d 8 549
d 8 550
d 8 551
d 8 552
d 8 553
d 8 554
d 8 555
d 8 556
d 8 557
d 8 558
d 8 559
d 8 560
d 8 561
d 8 562
d 8 563
d 8 564
d 8 565
d 8 566
d 8 567
d 8 568
d 8 569
d 8 570
d 8 571
d 8 572
d 8 573
d 8 574
d 8 575
d 8 576
d 8 577
d 8 578
d 8 579
d 8 580
d 8 581
d 8 582
d 8 583
d 8 584
d 8 585
d 8 586
d 8 587
d 8 588
d 8 589
d 8 590
d 8 591
d 8 592
d 8 593
d 8 594
d 8 595
d 8 596
d 8 597
d 8 598
d 8 599
d 8 600
d 8 601
d 8 602
d 8 603
d 8 604
d 8 605
d 8 606
d 8 607
d 8 608
d 8 609
d 8 610
d 8 611
d 1 461
d 5 117
d 5 118
d 5 119
d 5 120
d 5 121
d 5 122
d 8 612
d 5 123
d 5 124
d 5 125
d 5 126
d 5 127
d 5 128
d 5 129
d 8 613
d 5 130
d 5 131
d 5 132
d 4 402
d 4 403
d 4 404
d 4 405
d 1 462
d 1 463
d 1 464
d 1 465
d 1 466
d 1 467
d 1 468
d 1 469
d 1 470
d 1 471
d 1 472
d 1 473
d 1 474
d 1 475
d 1 476
d 1 477
d 1 478
d 1 479
d 1 480
d 1 481
d 1 482
d 1 483
d 1 484
d 1 485
d 1 486
d 1 487
d 1 488
d 1 489
d 1 490
d 1 491
d 1 492
d 1 493
d 1 494
d 1 495
d 1 496
d 1 497
d 1 498
d 1 499
d 1 500
d 1 501
d 1 502
d 1 503
d 1 504
d 1 505
d 1 506
d 1 507
d 1 508
d 1 509
d 1 510
d 1 511
d 1 512
d 1 513
d 1 514
d 1 515
d 1 516
d 1 517
d 1 518
d 1 519
d 1 520
d 1 521
d 1 522
d 1 523
d 1 524
d 1 525
d 1 526
d 1 527
d 1 528
d 1 529
d 1 530
d 1 531
d 5 133
d 5 134
d 5 135
d 5 136
d 5 137
d 1 532
d 1 533
d 1 534
d 1 535
d 1 536
d 1 537
d 1 538
d 1 539
d 1 540
d 1 541
d 1 542
d 1 543
d 1 544
d 1 545
d 1 546
d 1 547
d 1 548
d 1 549
d 1 550
d 1 551
d 1 552
d 1 553
d 1 554
d 1 555
d 1 556
d 1 557
d 1 558
d 1 559
d 1 560
d 1 561
d 1 562
d 1 563
d 1 564
d 1 565
d 1 566
d 1 567
d 1 568
d 1 569
d 1 570
d 1 571
d 1 572
d 1 573
d 1 574
d 1 575
d 2 532
d 2 533
d 2 534
d 2 535
d 9 506
d 8 614
d 8 615
d 8 616
d 8 617
d 8 618
d 8 619
d 8 620
d 8 621
d 8 622
d 8 623
d 8 624
d 8 625
d 8 626
d 2 536
d 2 537
d 5 138
d 5 139
d 1 576
d 1 577
d 1 578
d 1 579
d 1 580
d 1 581
d 1 582
d 1 583
d 1 584
d 1 585
d 1 586
d 1 587
d 1 588
d 1 589
d 1 590
d 1 591
d 1 592
d 1 593
d 1 594
d 1 595
d 1 596
d 1 597
d 1 598
d 1 599
d 1 600
d 1 601
d 1 602
d 1 603
d 1 604
d 1 605
d 1 606
d 1 607
d 1 608
d 1 609
d 1 610
d 1 611
d 1 612
d 1 613
d 1 614
d 1 615
d 1 616
d 5 140
d 5 141
d 5 142
d 5 143
d 5 144
d 5 145
d 5 146
d 5 147
d 5 148
d 5 149
d 5 150
d 5 151
d 5 152
d 5 153
d 5 154
d 5 155
d 5 156
d 5 157
d 5 158
d 5 159
d 5 160
d 5 161
d 5 162
d 5 163
d 5 164
d 5 165
d 5 166
d 5 167
d 5 168
d 5 169
d 5 170
d 5 171
d 5 172
d 5 173
d 5 174
d 5 175
d 5 176
d 5 177
d 5 178
d 5 179
d 5 180
d 5 181
d 5 182
d 5 183
d 5 184
d 5 185
d 5 186
d 5 187
d 5 188
d 5 189
d 5 190
d 5 191
d 5 192
d 5 193
d 5 194
d 5 195
d 5 196
d 5 197
d 5 198
d 5 199
d 5 200
d 5 201
d 5 202
d 8 627
d 2 538
d 2 539
d 2 540
d 2 541
d 2 542
d 2 543
d 2 544
d 8 628
d 8 629
d 8 630
d 8 631
d 1 617
d 1 618
d 1 619
d 9 507
d 1 620
d 1 621
d 1 622
d 1 623
d 1 624
d 1 625
d 9 508
d 9 509
d 9 510
d 8 632
d 8 633
d 8 634
d 8 635
d 8 636
d 8 637
d 8 638
d 8 639
d 8 640
d 8 641
d 8 642
d 8 643
d 8 644
d 8 645
d 8 646
d 8 647
d 8 648
d 8 649
d 8 650
d 8 651
d 8 652
d 8 653
d 8 654
d 8 655
d 8 656
d 8 657
d 8 658
d 8 659
d 8 660
d 8 661
d 8 662
d 8 663
d 8 664
d 8 665
d 8 666
d 8 667
d 8 668
d 8 669
d 8 670
d 8 671
d 8 672
d 8 673
d 8 674
d 8 675
d 8 676
d 8 677
d 8 678
d 8 679
d 8 680
d 8 681
d 8 682
d 8 683
d 8 684
d 8 685
d 8 686
d 8 687
d 8 688
d 8 689
d 8 690
d 8 691
d 8 692
d 8 693
d 8 694
d 8 695
d 8 696
d 8 697
d 8 698
d 8 699
d 8 700
d 8 701
d 8 702
d 8 703
d 8 704
d 8 705
d 8 706
d 8 707
d 8 708
d 8 709
d 4 406
d 4 407
d 4 408
d 4 409
d 2 545
d 2 546
d 2 547
d 2 548
d 2 549
d 2 550
d 2 551
d 2 552
d 2 553
d 2 554
d 2 555
d 2 556
d 2 557
d 2 558
d 2 559
d 2 560
d 2 561
d 2 562
d 2 563
d 2 564
d 2 565
d 2 566
d 2 567
d 2 568
d 2 569
d 2 570
d 2 571
d 2 572
d 2 573
d 2 574
d 2 575
d 2 576
d 2 577
d 2 578
d 2 579
d 2 580
d 2 581
d 2 582
d 2 583
d 2 584
d 2 585
d 2 586
d 2 587
d 2 588
d 2 589
d 2 590
d 2 591
d 2 592
d 2 593
d 2 594
d 2 595
d 2 596
d 2 597
d 2 598
d 2 599
d 2 600
d 2 601
d 2 602
d 2 603
d 2 604
d 2 605
d 2 606
d 9 511
d 8 710
d 8 711
d 4 410
d 1 626
d 9 512
d 9 513
d 9 514
d 1 627
d 1 628
d 1 629
d 8 712
d 9 515
d 9 516
d 9 517
d 9 518
d 9 519
d 1 630
d 1 631
d 1 632
d 8 713
d 8 714
d 8 715
d 8 716
d 8 717
d 8 718
d 8 719
d 9 520
d 4 411
d 4 412
d 4 413
d 9 521
d 1 633
d 1 634
d 1 635
d 9 522
d 9 523
d 9 524
d 9 525
d 9 526
d 9 527
d 9 528
d 9 529
d 9 530
d 9 531
d 9 532
d 9 533
d 9 534
d 9 535
d 9 536
d 9 537
d 9 538
d 9 539
d 9 540
d 9 541
d 9 542
d 9 543
d 9 544
d 9 545
d 9 546
d 9 547
d 9 548
d 9 549
d 9 550
d 9 551
d 9 552
d 9 553
d 9 554
d 9 555
d 9 556
d 9 557
d 9 558
d 9 559
d 9 560
d 9 561
d 9 562
d 9 563
d 9 564
d 9 565
d 9 566
d 9 567
d 9 568
d 9 569
d 9 570
d 9 571
d 9 572
d 8 720
d 8 721
d 5 203
d 5 204
d 5 205
d 5 206
d 1 636
d 1 637
d 1 638
d 5 207
d 1 639
d 5 208
d 5 209
d 5 210
d 5 211
d 5 212
d 5 213
d 5 214
d 1 640
d 9 573
d 9 574
d 9 575
d 9 576
d 9 577
d 9 578
d 9 579
d 9 580
d 9 581
d 9 582
d 9 583
d 9 584
d 9 585
d 9 586
d 9 587
d 9 588
d 9 589
d 9 590
d 9 591
d 9 592
d 9 593
d 9 594
d 9 595
d 9 596
d 9 597
d 9 598
d 9 599
d 9 600
d 9 601
d 9 602
d 9 603
d 9 604
d 9 605
d 9 606
b 607
b 608
b 609
b 610
b 611
b 612
b 613
b 614
b 615
b 616
b 617
b 618
b 619
b 620
b 621
b 622
b 623
b 624
b 625
b 626
b 627
b 628
b 629
b 630
b 631
b 632
b 633
b 634
b 635
b 636
b 637
b 638
b 639
b 640
b 641
b 642
b 643
b 644
b 645
b 646
b 647
b 648
b 649
b 650
b 651
b 652
b 653
b 654
b 655
b 656
b 657
b 658
b 659
b 660
b 661
b 662
b 663
b 664
b 665
b 666
b 667
b 668
b 669
b 670
b 671
b 672
b 673
b 674
b 675
b 676
b 677
b 678
b 679
b 680
b 681
b 682
b 683
b 684
b 685
b 686
b 687
b 688
b 689
b 690
b 691
b 692
b 693
b 694
b 695
b 696
b 697
b 698
b 699
b 700
b 701
b 702
b 703
b 704
b 705
b 706
b 707
d 4 414
d 4 415
d 5 215
d 4 416
d 4 417
d 1 641
d 1 642
d 1 643
d 1 644
d 1 645
d 1 646
d 1 647
d 1 648
d 1 649
d 1 650
d 1 651
d 1 652
d 1 653
d 1 654
d 1 655
d 1 656
d 1 657
d 1 658
d 1 659
d 1 660
d 1 661
d 1 662
d 1 663
d 1 664
d 1 665
d 1 666
d 1 667
d 1 668
d 1 669
d 1 670
d 1 671
d 1 672
d 1 673
d 1 674
d 1 675
d 1 676
d 1 677
d 1 678
d 1 679
d 1 680
d 1 681
d 1 682
d 1 683
d 1 684
d 1 685
d 1 686
d 1 687
d 1 688
d 1 689
d 1 690
d 1 691
d 1 692
d 1 693
d 1 694
d 1 695
d 1 696
d 1 697
d 1 698
d 1 699
d 1 700
d 1 701
d 1 702
d 1 703
d 1 704
d 1 705
d 1 706
d 1 707
d 1 708
d 5 216
d 5 217
d 5 218
d 5 219
d 4 418
d 4 419
d 4 420
d 4 421
d 4 422
d 4 423
d 4 424
d 4 425
d 4 426
d 4 427
d 4 428
d 4 429
d 4 430
d 4 431
d 4 432
d 4 433
d 4 434
d 4 435
d 4 436
d 4 437
d 4 438
d 4 439
d 4 440
d 4 441
d 4 442
d 4 443
d 4 444
d 4 445
d 4 446
d 4 447
d 4 448
d 4 449
d 4 450
d 4 451
d 4 452
d 4 453
d 4 454
d 4 455
d 4 456
d 4 457
d 4 458
d 4 459
d 4 460
d 4 461
d 4 462
d 4 463
d 4 464
d 4 465
d 4 466
d 4 467
d 4 468
d 4 469
d 4 470
d 4 471
d 4 472
d 4 473
d 4 474
d 4 475
d 4 476
d 4 477
d 4 478
d 4 479
d 4 480
d 4 481
d 4 482
d 4 483
d 4 484
d 4 485
d 4 486
d 4 487
d 4 488
d 4 489
d 4 490
d 4 491
d 4 492
d 4 493
d 4 494
d 4 495
d 4 496
d 4 497
d 4 498
d 4 499
d 4 500
d 4 501
d 4 502
d 4 503
d 4 504
d 4 505
d 4 506
d 5 220
d 5 221
d 5 222
d 8 722
d 8 723
d 8 724
d 8 725
d 4 507
d 5 223
d 5 224
d 5 225
d 5 226
d 5 227
d 5 228
d 5 229
d 5 230
d 5 231
d 5 232
d 5 233
d 5 234
d 5 235
d 5 236
d 9 607
d 9 608
d 9 609
d 9 610
d 9 611
d 9 612
d 9 613
d 9 614
d 9 615
d 9 616
d 9 617
d 9 618
d 9 619
d 9 620
d 9 621
d 9 622
d 9 623
d 9 624
d 9 625
d 9 626
d 9 627
d 9 628
d 9 629
d 9 630
d 9 631
d 9 632
d 9 633
d 9 634
d 9 635
d 9 636
d 9 637
d 9 638
d 9 639
d 9 640
d 9 641
d 1 709
d 9 642
d 9 643
d 9 644
d 9 645
d 9 646
d 9 647
d 5 237
d 9 648
d 5 238
d 5 239
d 9 649
d 5 240
d 5 241
d 5 242
d 5 243
d 9 650
d 8 726
d 8 727
d 8 728
d 5 244
d 9 651
d 9 652
d 9 653
d 9 654
d 9 655
d 9 656
d 9 657
d 9 658
d 9 659
d 9 660
d 9 661
d 9 662
d 9 663
d 9 664
d 9 665
d 9 666
d 9 667
d 9 668
d 9 669
d 9 670
d 9 671
d 9 672
d 9 673
d 9 674
d 9 675
d 9 676
d 9 677
d 9 678
d 9 679
d 9 680
d 9 681
d 9 682
d 9 683
d 9 684
d 9 685
d 9 686
d 9 687
d 9 688
d 9 689
d 9 690
d 9 691
d 9 692
d 9 693
d 9 694
d 9 695
d 9 696
d 9 697
d 9 698
d 9 699
d 9 700
d 9 701
d 9 702
d 9 703
d 9 704
d 9 705
d 9 706
d 9 707
b 708
b 709
b 710
b 711
b 712
b 713
b 714
b 715
b 716
b 717
b 718
b 719
b 720
b 721
b 722
b 723
b 724
b 725
b 726
b 727
b 728
b 729
b 730
b 731
b 732
b 733
b 734
b 735
b 736
b 737
b 738
b 739
b 740
b 741
b 742
b 743
b 744
b 745
b 746
b 747
b 748
b 749
b 750
b 751
b 752
b 753
b 754
b 755
b 756
b 757
b 758
b 759
b 760
b 761
b 762
b 763
b 764
b 765
b 766
b 767
b 768
b 769
b 770
b 771
b 772
b 773
b 774
b 775
b 776
b 777
b 778
b 779
b 780
b 781
b 782
b 783
b 784
b 785
b 786
b 787
b 788
b 789
b 790
b 791
b 792
b 793
b 794
b 795
b 796
b 797
b 798
b 799
b 800
b 801
b 802
b 803
b 804
b 805
b 806
b 807
b 808
d 5 245
d 5 246
d 2 607
d 8 729
d 8 730
d 2 608
d 5 247
d 5 248
d 4 508
d 9 708
d 4 509
d 4 510
d 4 511
d 9 709
d 8 731
d 8 732
d 8 733
d 8 734
d 8 735
d 8 736
d 8 737
d 8 738
d 8 739
d 8 740
d 8 741
d 8 742
d 8 743
d 8 744
d 8 745
d 8 746
d 8 747
d 8 748
d 8 749
d 8 750
d 8 751
d 8 752
d 8 753
d 8 754
d 8 755
d 8 756
d 8 757
d 8 758
d 8 759
d 8 760
d 8 761
d 8 762
d 8 763
d 8 764
d 8 765
d 8 766
d 8 767
d 8 768
d 8 769
d 8 770
d 8 771
d 8 772
d 8 773
d 8 774
d 8 775
d 8 776
d 8 777
d 8 778
d 8 779
d 8 780
d 8 781
d 8 782
d 9 710
d 4 512
d 4 513
d 4 514
d 4 515
d 4 516
d 4 517
d 4 518
d 4 519
d 4 520
d 4 521
d 4 522
d 4 523
d 4 524
d 4 525
d 4 526
d 4 527
d 4 528
d 4 529
d 4 530
d 4 531
d 4 532
d 4 533
d 4 534
d 4 535
d 4 536
d 4 537
d 4 538
d 4 539
d 4 540
d 4 541
d 4 542
d 4 543
d 4 544
d 4 545
d 4 546
d 4 547
d 4 548
d 4 549
d 4 550
d 4 551
d 4 552
d 4 553
d 4 554
d 4 555
d 4 556
d 4 557
d 4 558
d 4 559
d 4 560
d 4 561
d 4 562
d 4 563
d 4 564
d 4 565
d 4 566
d 4 567
d 4 568
d 4 569
d 4 570
d 4 571
d 4 572
d 4 573
d 4 574
d 4 575
d 4 576
d 4 577
d 4 578
d 4 579
d 4 580
d 4 581
d 4 582
d 4 583
d 4 584
d 4 585
d 4 586
d 4 587
d 4 588
d 4 589
d 4 590
d 4 591
d 4 592
d 4 593
d 4 594
d 4 595
d 4 596
d 4 597
d 4 598
d 4 599
d 4 600
d 4 601
d 4 602
d 4 603
d 4 604
d 4 605
d 4 606
d 9 711
d 5 249
d 5 250
d 5 251
d 5 252
d 5 253
d 5 254
d 5 255
d 5 256
d 5 257
d 5 258
d 5 259
d 5 260
d 5 261
d 5 262
d 5 263
d 5 264
d 5 265
d 5 266
d 5 267
d 5 268
d 5 269
d 5 270
d 5 271
d 5 272
d 5 273
d 5 274
d 5 275
d 5 276
d 5 277
d 5 278
d 5 279
d 5 280
d 5 281
d 5 282
d 5 283
d 5 284
d 5 285
d 5 286
d 5 287
d 5 288
d 5 289
d 5 290
d 5 291
d 5 292
d 5 293
d 5 294
d 5 295
d 5 296
d 5 297
d 5 298
d 5 299
d 5 300
d 9 712
d 9 713
d 5 301
d 5 302
d 5 303
d 5 304
d 9 714
d 9 715
d 9 716
d 9 717
d 4 607
d 4 608
d 4 609
d 4 610
d 4 611
d 9 718
d 9 719
d 9 720
d 9 721
d 9 722
d 9 723
d 4 612
d 4 613
d 4 614
d 4 615
d 4 616
d 9 724
d 9 725
d 9 726
d 9 727
d 9 728
d 9 729
d 4 617
d 4 618
d 9 730
d 4 619
d 4 620
d 9 731
d 9 732
d 9 733
d 9 734
d 9 735
d 5 305
d 5 306
d 5 307
d 2 609
d 5 308
d 5 309
d 5 310
d 5 311
d 5 312
d 5 313
d 5 314
d 5 315
d 5 316
d 5 317
d 5 318
d 5 319
d 5 320
d 5 321
d 5 322
d 5 323
d 5 324
d 5 325
d 5 326
d 5 327
d 5 328
d 5 329
d 5 330
d 5 331
d 5 332
d 5 333
d 5 334
d 5 335
d 5 336
d 5 337
d 5 338
d 5 339
d 5 340
d 5 341
d 5 342
d 5 343
d 5 344
d 5 345
d 5 346
d 5 347
d 5 348
d 5 349
d 5 350
d 5 351
d 5 352
d 5 353
d 5 354
d 5 355
d 5 356
d 5 357
d 5 358
d 5 359
d 5 360
d 5 361
d 5 362
d 5 363
d 9 736
d 9 737
d 9 738
d 9 739
d 9 740
d 9 741
d 2 610
d 5 364
d 5 365
d 5 366
d 4 621
d 2 611
d 2 612
d 5 367
d 5 368
d 5 369
d 5 370
d 5 371
d 5 372
d 5 373
d 5 374
d 5 375
d 5 376
d 5 377
d 5 378
d 5 379
d 5 380
d 5 381
d 5 382
d 5 383
d 5 384
d 5 385
d 5 386
d 5 387
d 5 388
d 5 389
d 5 390
d 5 391
d 5 392
d 5 393
d 5 394
d 5 395
d 5 396
d 5 397
d 5 398
d 5 399
d 5 400
d 5 401
d 5 402
d 5 403
d 5 404
d 8 783
d 8 784
d 8 785
d 8 786
d 8 787
d 8 788
d 8 789
d 8 790
d 8 791
d 8 792
d 8 793
d 8 794
d 8 795
d 8 796
d 8 797
d 8 798
d 8 799
d 8 800
d 8 801
d 8 802
d 8 803
d 8 804
d 8 805
d 8 806
d 8 807
d 8 808
d 8 809
d 8 810
d 8 811
d 8 812
d 8 813
d 8 814
d 8 815
d 8 816
d 8 817
d 8 818
d 8 819
d 8 820
d 8 821
d 8 822
d 8 823
d 8 824
d 8 825
d 8 826
d 8 827
d 8 828
d 8 829
d 8 830
d 8 831
d 8 832
d 8 833
d 8 834
d 8 835
d 8 836
d 8 837
d 8 838
d 8 839
d 8 840
d 8 841
d 8 842
d 8 843
d 8 844
d 8 845
d 8 846
d 8 847
d 8 848
d 8 849
d 8 850
d 8 851
d 8 852
d 8 853
d 8 854
d 8 855
d 8 856
d 8 857
d 8 858
d 8 859
d 8 860
d 8 861
d 8 862
d 8 863
d 8 864
d 8 865
d 8 866
d 8 867
d 8 868
d 8 869
d 8 870
d 8 871
d 8 872
d 8 873
d 8 874
d 8 875
d 8 876
d 8 877
d 8 878
d 8 879
d 8 880
d 8 881
d 8 882
d 8 883
d 8 884
d 8 885
d 8 886
d 8 887
d 8 888
d 8 889
d 8 890
d 8 891
d 8 892
d 8 893
d 8 894
d 8 895
d 8 896
d 8 897
d 8 898
d 8 899
d 8 900
d 8 901
d 8 902
d 8 903
d 8 904
d 8 905
d 8 906
d 8 907
d 8 908
d 8 909
d 1 710
d 1 711
d 1 712
d 1 713
d 1 714
d 1 715
d 1 716
d 1 717
d 1 718
d 1 719
d 1 720
d 1 721
d 1 722
d 1 723
d 1 724
d 1 725
d 1 726
d 1 727
d 1 728
d 1 729
d 1 730
d 1 731
d 1 732
d 1 733
d 1 734
d 1 735
d 1 736
d 1 737
d 1 738
d 1 739
d 1 740
d 1 741
d 1 742
d 1 743
d 1 744
d 1 745
d 1 746
d 1 747
d 1 748
d 1 749
d 4 622
d 9 742
d 9 743
d 4 623
d 4 624
d 4 625
d 8 910
d 9 744
d 9 745
d 9 746
d 9 747
d 8 911
d 2 613
d 2 614
d 2 615
d 2 616
d 2 617
d 2 618
d 2 619
d 2 620
d 2 621
d 2 622
d 2 623
d 2 624
d 2 625
d 2 626
d 2 627
d 2 628
d 2 629
d 2 630
d 2 631
d 2 632
d 2 633
d 2 634
d 2 635
d 2 636
d 2 637
d 2 638
d 2 639
d 2 640
d 2 641
d 2 642
d 2 643
d 2 644
d 2 645
d 2 646
d 2 647
d 2 648
d 2 649
d 2 650
d 2 651
d 2 652
d 2 653
d 2 654
d 2 655
d 2 656
d 2 657
d 2 658
d 2 659
d 2 660
d 2 661
d 2 662
d 1 750
d 1 751
d 1 752
d 1 753
d 1 754
d 1 755
d 1 756
d 1 757
d 1 758
d 1 759
d 1 760
d 1 761
d 1 762
d 1 763
d 1 764
d 1 765
d 1 766
d 1 767
d 1 768
d 1 769
d 1 770
d 1 771
d 1 772
d 1 773
d 1 774
d 1 775
d 1 776
d 1 777
d 1 778
d 1 779
d 1 780
d 1 781
d 1 782
d 1 783
d 1 784
d 1 785
d 1 786
d 1 787
d 1 788
d 1 789
d 1 790
d 1 791
d 1 792
d 1 793
d 1 794
d 1 795
d 1 796
d 1 797
d 1 798
d 1 799
d 1 800
d 1 801
d 1 802
d 1 803
d 1 804
d 1 805
d 1 806
d 1 807
d 1 808
d 1 809
d 1 810
d 1 811
d 1 812
d 1 813
d 1 814
d 1 815
d 1 816
d 1 817
d 1 818
d 1 819
d 1 820
d 1 821
d 1 822
d 1 823
d 1 824
d 1 825
d 1 826
d 1 827
d 1 828
d 1 829
d 1 830
d 1 831
d 1 832
d 1 833
d 1 834
d 1 835
d 1 836
d 1 837
d 1 838
d 1 839
d 1 840
d 1 841
d 1 842
d 1 843
d 1 844
d 1 845
d 1 846
d 1 847
d 1 848
d 1 849
d 1 850
d 1 851
d 1 852
d 2 663
d 2 664
d 2 665
d 2 666
d 2 667
d 2 668
d 2 669
d 2 670
d 2 671
d 2 672
d 2 673
d 2 674
d 2 675
d 2 676
d 2 677
d 2 678
d 2 679
d 2 680
d 2 681
d 2 682
d 2 683
d 2 684
d 2 685
d 2 686
d 2 687
d 2 688
d 2 689
d 2 690
d 2 691
d 2 692
d 2 693
d 2 694
d 2 695
d 2 696
d 2 697
d 2 698
d 2 699
d 2 700
d 2 701
d 2 702
d 2 703
d 2 704
d 2 705
d 2 706
d 2 707
d 8 912
d 4 626
d 4 627
d 4 628
d 4 629
d 4 630
d 4 631
d 4 632
d 4 633
d 4 634
d 4 635
d 4 636
d 9 748
d 9 749
d 9 750
d 9 751
d 9 752
d 9 753
d 9 754
d 9 755
d 9 756
d 9 757
d 9 758
d 9 759
d 9 760
d 9 761
d 9 762
d 9 763
d 9 764
d 9 765
d 9 766
d 9 767
d 9 768
d 9 769
d 9 770
d 9 771
d 9 772
d 9 773
d 9 774
d 9 775
d 9 776
d 9 777
d 9 778
d 9 779
d 9 780
d 9 781
d 9 782
d 9 783
d 9 784
d 9 785
d 9 786
d 9 787
d 9 788
d 9 789
d 9 790
d 9 791
d 9 792
d 9 793
d 9 794
d 9 795
d 9 796
d 9 797
d 9 798
d 9 799
d 9 800
d 9 801
d 9 802
d 9 803
d 9 804
d 9 805
d 9 806
d 9 807
d 9 808
b 809
b 810
b 811
b 812
b 813
b 814
b 815
b 816
b 817
b 818
b 819
b 820
b 821
b 822
b 823
b 824
b 825
b 826
b 827
b 828
b 829
b 830
b 831
b 832
b 833
b 834
b 835
b 836
b 837
b 838
b 839
b 840
b 841
b 842
b 843
b 844
b 845
b 846
b 847
b 848
b 849
b 850
b 851
b 852
b 853
b 854
b 855
b 856
b 857
b 858
b 859
b 860
b 861
b 862
b 863
b 864
b 865
b 866
b 867
b 868
b 869
b 870
b 871
b 872
b 873
b 874
b 875
b 876
b 877
b 878
b 879
b 880
b 881
b 882
b 883
b 884
b 885
b 886
b 887
b 888
b 889
b 890
b 891
b 892
b 893
b 894
b 895
b 896
b 897
b 898
b 899
b 900
b 901
b 902
b 903
b 904
b 905
b 906
b 907
b 908
b 909
d 8 913
d 8 914
d 8 915
d 8 916
d 8 917
d 8 918
d 8 919
d 8 920
d 4 637
d 1 853
d 1 854
d 8 921
d 8 922
d 8 923
d 8 924
d 8 925
d 8 926
d 8 927
d 8 928
d 8 929
d 1 855
d 1 856
d 1 857
d 1 858
d 9 809
d 8 930
d 8 931
d 8 932
d 8 933
d 8 934
d 9 810
d 1 859
d 8 935
d 8 936
d 8 937
d 8 938
d 8 939
d 8 940
d 8 941
d 8 942
d 8 943
d 8 944
d 8 945
d 8 946
d 8 947
d 8 948
d 8 949
d 8 950
d 8 951
d 8 952
d 8 953
d 8 954
d 8 955
d 8 956
d 9 811
d 1 860
d 1 861
d 1 862
d 1 863
d 9 812
d 9 813
d 9 814
d 9 815
d 9 816
d 9 817
d 8 957
d 8 958
d 2 708
d 2 709
d 1 864
d 9 818
d 8 959
d 8 960
d 9 819
d 9 820
d 9 821
d 9 822
d 9 823
d 8 961
d 8 962
d 8 963
d 8 964
d 8 965
d 8 966
d 8 967
d 8 968
d 8 969
d 8 970
d 8 971
d 8 972
d 8 973
d 8 974
d 8 975
d 8 976
d 8 977
d 8 978
d 8 979
d 8 980
d 8 981
d 8 982
d 8 983
d 8 984
d 8 985
d 8 986
d 8 987
d 8 988
d 8 989
d 8 990
d 8 991
d 8 992
d 8 993
d 8 994
d 8 995
d 8 996
d 8 997
d 8 998
d 8 999
d 8 1000
d 9 824
d 9 825
d 9 826
d 4 638
d 4 639
d 4 640
d 4 641
d 4 642
d 4 643
d 4 644
d 4 645
d 4 646
d 4 647
d 4 648
d 4 649
d 4 650
d 4 651
d 4 652
d 4 653
d 4 654
d 4 655
d 4 656
d 4 657
d 4 658
d 4 659
d 4 660
d 4 661
d 4 662
d 4 663
d 4 664
d 4 665
d 4 666
d 4 667
d 4 668
d 4 669
d 4 670
d 4 671
d 4 672
d 4 673
d 4 674
d 4 675
d 4 676
d 4 677
d 4 678
d 4 679
d 4 680
d 4 681
d 4 682
d 4 683
d 4 684
d 4 685
d 4 686
d 4 687
d 4 688
d 4 689
d 4 690
d 4 691
d 4 692
d 4 693
d 4 694
d 4 695
d 4 696
d 4 697
d 4 698
d 4 699
d 4 700
d 4 701
d 4 702
d 4 703
d 4 704
d 4 705
d 4 706
d 4 707
d 4 708
d 4 709
d 4 710
d 4 711
d 4 712
d 4 713
d 4 714
d 4 715
d 4 716
d 4 717
d 4 718
d 9 827
d 9 828
d 9 829
d 9 830
d 9 831
d 2 710
d 2 711
d 2 712
d 2 713
d 2 714
d 2 715
d 2 716
d 2 717
d 2 718
d 1 865
d 1 866
d 1 867
d 1 868
d 1 869
d 1 870
d 9 832
d 9 833
d 9 834
d 9 835
d 9 836
d 4 719
d 2 719
d 2 720
d 2 721
d 2 722
d 2 723
d 4 720
d 4 721
d 4 722
d 1 871
d 1 872
d 1 873
d 1 874
d 1 875
d 1 876
d 1 877
d 9 837
d 9 838
d 9 839
d 9 840
d 9 841
d 9 842
d 9 843
d 9 844
d 9 845
d 9 846
d 9 847
d 9 848
d 9 849
d 9 850
d 9 851
d 9 852
d 9 853
d 9 854
d 9 855
d 9 856
d 9 857
d 9 858
d 9 859
d 9 860
d 9 861
d 9 862
d 9 863
d 9 864
d 9 865
d 9 866
d 9 867
d 9 868
d 9 869
d 9 870
d 9 871
d 9 872
d 9 873
d 9 874
d 9 875
d 9 876
d 9 877
d 9 878
d 9 879
d 9 880
d 9 881
d 9 882
d 9 883
d 9 884
d 9 885
d 9 886
d 9 887
d 9 888
d 9 889
d 9 890
d 9 891
d 9 892
d 9 893
d 9 894
d 9 895
d 9 896
d 9 897
d 4 723
d 4 724
d 4 725
d 4 726
d 4 727
d 4 728
d 1 878
d 1 879
d 1 880
d 1 881
d 1 882
d 1 883
d 1 884
d 1 885
d 1 886
d 1 887
d 1 888
d 1 889
d 1 890
d 1 891
d 1 892
d 1 893
d 1 894
d 1 895
d 1 896
d 1 897
d 1 898
d 1 899
d 1 900
d 1 901
d 1 902
d 1 903
d 1 904
d 1 905
d 1 906
d 1 907
d 1 908
d 1 909
d 1 910
d 1 911
d 1 912
d 1 913
d 1 914
d 1 915
d 1 916
d 1 917
d 1 918
d 1 919
d 1 920
d 1 921
d 1 922
d 1 923
d 1 924
d 1 925
d 1 926
d 1 927
d 1 928
d 1 929
d 1 930
d 1 931
d 1 932
d 1 933
d 1 934
d 1 935
d 1 936
d 1 937
d 1 938
d 1 939
d 1 940
d 1 941
d 2 724
d 2 725
d 2 726
d 2 727
d 2 728
d 2 729
d 2 730
d 2 731
d 2 732
d 2 733
d 2 734
d 2 735
d 2 736
d 2 737
d 2 738
d 2 739
d 2 740
d 2 741
d 2 742
d 2 743
d 2 744
d 2 745
d 2 746
d 2 747
d 2 748
d 2 749
d 2 750
d 2 751
d 2 752
d 2 753
d 2 754
d 2 755
d 2 756
d 2 757
d 2 758
d 2 759
d 2 760
d 2 761
d 2 762
d 2 763
d 2 764
d 2 765
d 2 766
d 2 767
d 2 768
d 2 769
d 2 770
d 2 771
d 2 772
d 2 773
d 2 774
d 2 775
d 2 776
d 2 777
d 2 778
d 2 779
d 2 780
d 2 781
d 2 782
d 2 783
d 2 784
d 2 785
d 2 786
d 2 787
d 2 788
d 2 789
d 2 790
d 2 791
d 2 792
d 2 793
d 2 794
d 2 795
d 2 796
d 2 797
d 2 798
d 2 799
d 2 800
d 2 801
d 2 802
d 2 803
d 2 804
d 2 805
d 2 806
d 2 807
d 2 808
d 4 729
d 4 730
d 4 731
d 4 732
d 4 733
d 4 734
d 4 735
d 4 736
d 4 737
d 4 738
d 4 739
d 4 740
d 4 741
d 4 742
d 4 743
d 4 744
d 4 745
d 4 746
d 4 747
d 4 748
d 9 898
d 9 899
d 9 900
d 9 901
d 9 902
d 9 903
d 9 904
d 9 905
d 9 906
d 9 907
d 9 908
d 9 909
b 910
b 911
b 912
b 913
b 914
b 915
b 916
b 917
b 918
b 919
b 920
b 921
b 922
b 923
b 924
b 925
b 926
b 927
b 928
b 929
b 930
b 931
b 932
b 933
b 934
b 935
b 936
b 937
b 938
b 939
b 940
b 941
b 942
b 943
b 944
b 945
b 946
b 947
b 948
b 949
b 950
b 951
b 952
b 953
b 954
b 955
b 956
b 957
b 958
b 959
b 960
b 961
b 962
b 963
b 964
b 965
b 966
b 967
b 968
b 969
b 970
b 971
b 972
b 973
b 974
b 975
b 976
b 977
b 978
b 979
b 980
b 981
b 982
b 983
b 984
b 985
b 986
b 987
b 988
b 989
b 990
b 991
b 992
b 993
b 994
b 995
b 996
b 997
b 998
b 999
b 1000
d 1 942
d 4 749
d 4 750
d 4 751
d 4 752
d 4 753
d 4 754
d 4 755
d 4 756
d 4 757
d 4 758
d 4 759
d 4 760
d 4 761
d 4 762
d 4 763
d 4 764
d 4 765
d 4 766
d 4 767
d 4 768
d 4 769
d 4 770
d 4 771
d 4 772
d 4 773
d 4 774
d 4 775
d 4 776
d 4 777
d 4 778
d 4 779
d 4 780
d 4 781
d 4 782
d 4 783
d 4 784
d 4 785
d 4 786
d 4 787
d 4 788
d 4 789
d 4 790
d 4 791
d 4 792
d 4 793
d 4 794
d 4 795
d 4 796
d 4 797
d 4 798
d 4 799
d 4 800
d 4 801
d 4 802
d 4 803
d 4 804
d 4 805
d 4 806
d 4 807
d 4 808
d 1 943
d 1 944
d 1 945
d 1 946
d 1 947
d 1 948
d 1 949
d 1 950
d 1 951
d 1 952
d 1 953
d 1 954
d 1 955
d 1 956
d 1 957
d 1 958
d 9 910
d 5 405
d 9 911
d 9 912
d 9 913
d 1 959
d 9 914
d 9 915
d 9 916
d 9 917
d 9 918
d 5 406
d 5 407
d 9 919
d 9 920
d 9 921
d 9 922
d 9 923
d 9 924
d 9 925
d 9 926
d 1 960
d 1 961
d 1 962
d 1 963
d 1 964
d 1 965
d 1 966
d 1 967
d 1 968
d 1 969
d 1 970
d 1 971
d 1 972
d 1 973
d 1 974
d 1 975
d 1 976
d 1 977
d 1 978
d 1 979
d 1 980
d 1 981
d 1 982
d 1 983
d 1 984
d 1 985
d 1 986
d 1 987
d 1 988
d 1 989
d 1 990
d 1 991
d 1 992
d 1 993
d 1 994
d 1 995
d 1 996
d 1 997
d 1 998
d 1 999
d 1 1000
d 9 927
d 9 928
d 9 929
d 5 408
d 5 409
d 5 410
d 5 411
d 5 412
d 5 413
d 5 414
d 5 415
d 5 416
d 5 417
d 5 418
d 5 419
d 5 420
d 5 421
d 9 930
d 9 931
d 9 932
d 9 933
d 9 934
d 9 935
d 9 936
d 9 937
d 9 938
d 9 939
d 4 809
d 4 810
d 4 811
d 9 940
d 9 941
d 5 422
d 5 423
d 9 942
d 9 943
d 9 944
d 9 945
d 9 946
d 9 947
d 9 948
d 9 949
d 9 950
d 9 951
d 9 952
d 9 953
d 9 954
d 9 955
d 9 956
d 9 957
d 9 958
d 9 959
d 9 960
d 9 961
d 5 424
d 5 425
d 5 426
d 5 427
d 5 428
d 5 429
d 5 430
d 5 431
d 5 432
d 5 433
d 5 434
d 5 435
d 5 436
d 5 437
d 5 438
d 5 439
d 5 440
d 5 441
d 5 442
d 5 443
d 9 962
d 9 963
d 9 964
d 9 965
d 9 966
d 9 967
d 9 968
d 9 969
d 9 970
d 9 971
d 9 972
d 9 973
d 9 974
d 9 975
d 9 976
d 9 977
d 9 978
d 9 979
d 9 980
d 9 981
d 9 982
d 9 983
d 9 984
d 9 985
d 9 986
d 9 987
d 9 988
d 9 989
d 9 990
d 9 991
d 9 992
d 9 993
d 9 994
d 9 995
d 9 996
d 9 997
d 9 998
d 9 999
d 9 1000
d 4 812
d 4 813
d 4 814
d 4 815
d 4 816
d 4 817
d 4 818
d 4 819
d 4 820
d 4 821
d 4 822
d 4 823
d 4 824
d 4 825
d 4 826
d 4 827
d 4 828
d 4 829
d 4 830
d 4 831
d 4 832
d 4 833
d 4 834
d 4 835
d 4 836
d 4 837
d 4 838
d 4 839
d 4 840
d 4 841
d 4 842
d 4 843
d 4 844
d 4 845
d 4 846
d 4 847
d 4 848
d 4 849
d 4 850
d 4 851
d 4 852
d 4 853
d 4 854
d 4 855
d 4 856
d 4 857
d 4 858
d 4 859
d 4 860
d 4 861
d 4 862
d 4 863
d 4 864
d 4 865
d 4 866
d 4 867
d 4 868
d 4 869
d 4 870
d 4 871
d 4 872
d 4 873
d 4 874
d 4 875
d 4 876
d 4 877
d 4 878
d 4 879
d 4 880
d 4 881
d 4 882
d 4 883
d 4 884
d 4 885
d 4 886
d 4 887
d 4 888
d 4 889
d 4 890
d 4 891
d 4 892
d 4 893
d 4 894
d 4 895
d 4 896
d 4 897
d 4 898
d 4 899
d 4 900
d 4 901
d 4 902
d 4 903
d 4 904
d 4 905
d 4 906
d 4 907
d 4 908
d 4 909
d 5 444
d 5 445
d 5 446
d 5 447
d 5 448
d 5 449
d 5 450
d 5 451
d 5 452
d 5 453
d 5 454
d 5 455
d 5 456
d 5 457
d 5 458
d 5 459
d 5 460
d 5 461
d 5 462
d 5 463
d 5 464
d 5 465
d 5 466
d 5 467
d 5 468
d 5 469
d 5 470
d 5 471
d 5 472
d 5 473
d 5 474
d 5 475
d 5 476
d 5 477
d 5 478
d 5 479
d 5 480
d 5 481
d 5 482
d 5 483
d 5 484
d 5 485
d 5 486
d 5 487
d 5 488
d 5 489
d 5 490
d 5 491
d 5 492
d 5 493
d 5 494
d 5 495
d 5 496
d 5 497
d 5 498
d 5 499
d 5 500
d 5 501
d 5 502
d 5 503
d 5 504
d 5 505
d 4 910
d 4 911
d 4 912
d 4 913
d 5 506
d 5 507
d 5 508
d 5 509
d 5 510
d 5 511
d 5 512
d 5 513
d 5 514
d 4 914
d 5 515
d 5 516
d 5 517
d 5 518
d 5 519
d 5 520
d 5 521
d 5 522
d 5 523
d 5 524
d 2 809
d 2 810
d 2 811
d 2 812
d 2 813
d 2 814
d 2 815
d 2 816
d 4 915
d 4 916
d 4 917
d 4 918
d 4 919
d 4 920
d 4 921
d 4 922
d 4 923
d 4 924
d 4 925
d 4 926
d 4 927
d 4 928
d 4 929
d 4 930
d 4 931
d 4 932
d 4 933
d 4 934
d 4 935
d 4 936
d 4 937
d 4 938
d 4 939
d 4 940
d 4 941
d 4 942
d 4 943
d 4 944
d 4 945
d 4 946
d 4 947
d 4 948
d 4 949
d 4 950
d 4 951
d 4 952
d 4 953
d 4 954
d 4 955
d 4 956
d 4 957
d 4 958
d 4 959
d 4 960
d 4 961
d 4 962
d 4 963
d 4 964
d 4 965
d 4 966
d 4 967
d 4 968
d 4 969
d 4 970
d 4 971
d 4 972
d 4 973
d 4 974
d 4 975
d 4 976
d 4 977
d 4 978
d 4 979
d 4 980
d 4 981
d 4 982
d 4 983
d 4 984
d 4 985
d 4 986
d 4 987
d 4 988
d 4 989
d 4 990
d 4 991
d 4 992
d 4 993
d 4 994
d 4 995
d 4 996
d 4 997
d 4 998
d 4 999
d 4 1000
d 5 525
d 5 526
d 5 527
d 5 528
d 5 529
d 5 530
d 5 531
d 5 532
d 5 533
d 5 534
d 5 535
d 5 536
d 5 537
d 5 538
d 5 539
d 5 540
d 5 541
d 5 542
d 5 543
d 5 544
d 5 545
d 5 546
d 5 547
d 5 548
d 5 549
d 5 550
d 5 551
d 5 552
d 5 553
d 5 554
d 5 555
d 5 556
d 5 557
d 5 558
d 5 559
d 5 560
d 5 561
d 5 562
d 5 563
d 5 564
d 5 565
d 5 566
d 5 567
d 5 568
d 5 569
d 5 570
d 5 571
d 5 572
d 5 573
d 5 574
d 5 575
d 5 576
d 5 577
d 5 578
d 5 579
d 5 580
d 5 581
d 5 582
d 5 583
d 5 584
d 5 585
d 5 586
d 5 587
d 5 588
d 5 589
d 5 590
d 5 591
d 5 592
d 5 593
d 5 594
d 5 595
d 5 596
d 5 597
d 5 598
d 5 599
d 5 600
d 5 601
d 5 602
d 5 603
d 5 604
d 5 605
d 5 606
d 2 817
d 2 818
d 2 819
d 2 820
d 2 821
d 2 822
d 2 823
d 2 824
d 2 825
d 2 826
d 2 827
d 2 828
d 2 829
d 2 830
d 2 831
d 2 832
d 2 833
d 2 834
d 2 835
d 2 836
d 2 837
d 2 838
d 2 839
d 2 840
d 2 841
d 2 842
d 2 843
d 2 844
d 2 845
d 2 846
d 2 847
d 2 848
d 2 849
d 2 850
d 2 851
d 2 852
d 2 853
d 2 854
d 2 855
d 2 856
d 2 857
d 2 858
d 2 859
d 2 860
d 2 861
d 2 862
d 2 863
d 2 864
d 2 865
d 2 866
d 2 867
d 2 868
d 2 869
d 2 870
d 2 871
d 2 872
d 2 873
d 2 874
d 2 875
d 2 876
d 2 877
d 2 878
d 2 879
d 2 880
d 2 881
d 2 882
d 2 883
d 2 884
d 2 885
d 2 886
d 2 887
d 2 888
d 2 889
d 2 890
d 2 891
d 2 892
d 2 893
d 2 894
d 2 895
d 2 896
d 2 897
d 2 898
d 2 899
d 2 900
d 2 901
d 2 902
d 2 903
d 2 904
d 2 905
d 2 906
d 2 907
d 2 908
d 2 909
d 2 910
d 2 911
d 2 912
d 2 913
d 2 914
d 2 915
d 2 916
d 2 917
d 2 918
d 2 919
d 2 920
d 2 921
d 2 922
d 2 923
d 2 924
d 2 925
d 5 607
d 5 608
d 5 609
d 5 610
d 5 611
d 5 612
d 5 613
d 5 614
d 5 615
d 5 616
d 5 617
d 5 618
d 5 619
d 5 620
d 5 621
d 5 622
d 5 623
d 5 624
d 5 625
d 5 626
d 5 627
d 5 628
d 2 926
d 5 629
d 5 630
d 5 631
d 5 632
d 5 633
d 2 927
d 2 928
d 2 929
d 5 634
d 2 930
d 2 931
d 2 932
d 2 933
d 2 934
d 2 935
d 2 936
d 2 937
d 2 938
d 2 939
d 5 635
d 5 636
d 5 637
d 5 638
d 5 639
d 5 640
d 5 641
d 5 642
d 5 643
d 5 644
d 2 940
d 5 645
d 5 646
d 5 647
d 5 648
d 5 649
d 5 650
d 5 651
d 5 652
d 5 653
d 5 654
d 5 655
d 5 656
d 5 657
d 5 658
d 5 659
d 5 660
d 5 661
d 5 662
d 5 663
d 5 664
d 5 665
d 5 666
d 5 667
d 5 668
d 5 669
d 5 670
d 5 671
d 5 672
d 5 673
d 5 674
d 5 675
d 5 676
d 5 677
d 5 678
d 5 679
d 5 680
d 5 681
d 5 682
d 5 683
d 5 684
d 5 685
d 5 686
d 5 687
d 5 688
d 5 689
d 5 690
d 5 691
d 5 692
d 5 693
d 5 694
d 5 695
d 5 696
d 5 697
d 5 698
d 5 699
d 5 700
d 5 701
d 5 702
d 5 703
d 5 704
d 5 705
d 5 706
d 5 707
d 2 941
d 2 942
d 2 943
d 2 944
d 2 945
d 2 946
d 2 947
d 2 948
d 2 949
d 2 950
d 2 951
d 2 952
d 2 953
d 2 954
d 2 955
d 2 956
d 2 957
d 2 958
d 2 959
d 2 960
d 2 961
d 2 962
d 2 963
d 2 964
d 2 965
d 2 966
d 2 967
d 2 968
d 2 969
d 2 970
d 2 971
d 2 972
d 2 973
d 2 974
d 2 975
d 2 976
d 2 977
d 2 978
d 2 979
d 2 980
d 2 981
d 2 982
d 2 983
d 2 984
d 2 985
d 2 986
d 2 987
d 2 988
d 2 989
d 2 990
d 2 991
d 2 992
d 2 993
d 2 994
d 2 995
d 2 996
d 2 997
d 2 998
d 2 999
d 2 1000
d 5 708
d 5 709
d 5 710
d 5 711
d 5 712
d 5 713
d 5 714
d 5 715
d 5 716
d 5 717
d 5 718
d 5 719
d 5 720
d 5 721
d 5 722
d 5 723
d 5 724
d 5 725
d 5 726
d 5 727
d 5 728
d 5 729
d 5 730
d 5 731
d 5 732
d 5 733
d 5 734
d 5 735
d 5 736
d 5 737
d 5 738
d 5 739
d 5 740
d 5 741
d 5 742
d 5 743
d 5 744
d 5 745
d 5 746
d 5 747
d 5 748
d 5 749
d 5 750
d 5 751
d 5 752
d 5 753
d 5 754
d 5 755
d 5 756
d 5 757
d 5 758
d 5 759
d 5 760
d 5 761
d 5 762
d 5 763
d 5 764
d 5 765
d 5 766
d 5 767
d 5 768
d 5 769
d 5 770
d 5 771
d 5 772
d 5 773
d 5 774
d 5 775
d 5 776
d 5 777
d 5 778
d 5 779
d 5 780
d 5 781
d 5 782
d 5 783
d 5 784
d 5 785
d 5 786
d 5 787
d 5 788
d 5 789
d 5 790
d 5 791
d 5 792
d 5 793
d 5 794
d 5 795
d 5 796
d 5 797
d 5 798
d 5 799
d 5 800
d 5 801
d 5 802
d 5 803
d 5 804
d 5 805
d 5 806
d 5 807
d 5 808
d 5 809
d 5 810
d 5 811
d 5 812
d 5 813
d 5 814
d 5 815
d 5 816
d 5 817
d 5 818
d 5 819
d 5 820
d 5 821
d 5 822
d 5 823
d 5 824
d 5 825
d 5 826
d 5 827
d 5 828
d 5 829
d 5 830
d 5 831
d 5 832
d 5 833
d 5 834
d 5 835
d 5 836
d 5 837
d 5 838
d 5 839
d 5 840
d 5 841
d 5 842
d 5 843
d 5 844
d 5 845
d 5 846
d 5 847
d 5 848
d 5 849
d 5 850
d 5 851
d 5 852
d 5 853
d 5 854
d 5 855
d 5 856
d 5 857
d 5 858
d 5 859
d 5 860
d 5 861
d 5 862
d 5 863
d 5 864
d 5 865
d 5 866
d 5 867
d 5 868
d 5 869
d 5 870
d 5 871
d 5 872
d 5 873
d 5 874
d 5 875
d 5 876
d 5 877
d 5 878
d 5 879
d 5 880
d 5 881
d 5 882
d 5 883
d 5 884
d 5 885
d 5 886
d 5 887
d 5 888
d 5 889
d 5 890
d 5 891
d 5 892
d 5 893
d 5 894
d 5 895
d 5 896
d 5 897
d 5 898
d 5 899
d 5 900
d 5 901
d 5 902
d 5 903
d 5 904
d 5 905
d 5 906
d 5 907
d 5 908
d 5 909
d 5 910
d 5 911
d 5 912
d 5 913
d 5 914
d 5 915
d 5 916
d 5 917
d 5 918
d 5 919
d 5 920
d 5 921
d 5 922
d 5 923
d 5 924
d 5 925
d 5 926
d 5 927
d 5 928
d 5 929
d 5 930
d 5 931
d 5 932
d 5 933
d 5 934
d 5 935
d 5 936
d 5 937
d 5 938
d 5 939
d 5 940
d 5 941
d 5 942
d 5 943
d 5 944
d 5 945
d 5 946
d 5 947
d 5 948
d 5 949
d 5 950
d 5 951
d 5 952
d 5 953
d 5 954
d 5 955
d 5 956
d 5 957
d 5 958
d 5 959
d 5 960
d 5 961
d 5 962
d 5 963
d 5 964
d 5 965
d 5 966
d 5 967
d 5 968
d 5 969
d 5 970
d 5 971
d 5 972
d 5 973
d 5 974
d 5 975
d 5 976
d 5 977
d 5 978
d 5 979
d 5 980
d 5 981
d 5 982
d 5 983
d 5 984
d 5 985
d 5 986
d 5 987
d 5 988
d 5 989
d 5 990
d 5 991
d 5 992
d 5 993
d 5 994
d 5 995
d 5 996
d 5 997
d 5 998
d 5 999
d 5 1000
