b 1
b 2
b 3
b 4
b 5
b 6
b 7
b 8
b 9
b 10
b 11
b 12
b 13
b 14
b 15
b 16
b 17
b 18
b 19
b 20
b 21
b 22
b 23
b 24
b 25
b 26
b 27
b 28
b 29
b 30
b 31
b 32
b 33
b 34
b 35
b 36
b 37
b 38
b 39
b 40
b 41
b 42
b 43
b 44
b 45
b 46
b 47
b 48
b 49
b 50
b 51
b 52
b 53
b 54
b 55
b 56
b 57
b 58
b 59
b 60
b 61
b 62
b 63
b 64
b 65
b 66
b 67
b 68
b 69
b 70
b 71
b 72
b 73
b 74
b 75
b 76
b 77
b 78
b 79
b 80
b 81
b 82
b 83
b 84
b 85
b 86
b 87
b 88
b 89
b 90
b 91
b 92
b 93
b 94
b 95
b 96
b 97
b 98
b 99
b 100
b 101
d 1 1
d 7 1
d 6 1
d 1 2
d 3 1
d 3 2
d 6 2
d 7 2
d 6 3
d 6 4
d 7 3
d 7 4
d 8 1
d 8 2
d 3 3
d 3 4
d 1 3
d 6 5
d 6 6
d 6 7
d 6 8
d 6 9
d 6 10
d 6 11
d 3 5
d 3 6
d 3 7
d 3 8
d 3 9
d 3 10
d 3 11
d 3 12
d 2 1
d 8 3
d 8 4
d 6 12
d 6 13
d 6 14
d 6 15
d 6 16
d 8 5
d 1 4
d 1 5
d 1 6
d 1 7
d 1 8
d 6 17
d 1 9
d 1 10
d 6 18
d 6 19
d 6 20
d 3 13
d 6 21
d 2 2
d 7 5
d 6 22
d 6 23
d 1 11
d 1 12
d 1 13
d 2 3
d 2 4
d 6 24
d 6 25
d 6 26
d 6 27
d 6 28
d 6 29
d 6 30
d 4 1
d 4 2
d 4 3
d 1 14
d 1 15
d 1 16
d 6 31
d 6 32
d 6 33
d 6 34
d 1 17
d 6 35
d 1 18
d 4 4
d 3 14
d 3 15
d 3 16
d 3 17
d 3 18
d 3 19
d 3 20
d 3 21
d 3 22
d 3 23
d 3 24
d 1 19
d 4 5
d 4 6
d 4 7
d 4 8
d 4 9
d 4 10
d 2 5
d 6 36
d 6 37
d 6 38
d 6 39
d 6 40
d 6 41
d 6 42
d 6 43
d 8 6
d 2 6
d 2 7
d 2 8
d 6 44
d 2 9
d 1 20
d 1 21
d 1 22
d 1 23
d 2 10
d 6 45
d 6 46
d 6 47
d 6 48
d 6 49
d 6 50
d 6 51
d 6 52
d 6 53
d 6 54
d 6 55
d 3 25
d 3 26
d 3 27
d 3 28
d 3 29
d 3 30
d 3 31
d 1 24
d 6 56
d 6 57
d 4 11
d 4 12
d 4 13
d 1 25
d 1 26
d 8 7
d 8 8
d 8 9
d 8 10
d 8 11
d 8 12
d 8 13
d 8 14
d 8 15
d 8 16
d 8 17
d 8 18
d 8 19
d 8 20
d 8 21
d 8 22
d 8 23
d 8 24
d 8 25
d 8 26
d 8 27
d 4 14
d 4 15
d 4 16
d 4 17
d 4 18
d 8 28
d 1 27
d 1 28
d 1 29
d 1 30
d 6 58
d 6 59
d 6 60
d 6 61
d 6 62
d 6 63
d 6 64
d 1 31
d 1 32
d 1 33
d 1 34
d 8 29
d 8 30
d 8 31
d 8 32
d 8 33
d 8 34
d 8 35
d 8 36
d 8 37
d 8 38
d 8 39
d 8 40
d 8 41
d 8 42
d 8 43
d 7 6
d 7 7
d 7 8
d 7 9
d 7 10
d 7 11
d 4 19
d 6 65
d 6 66
d 3 32
d 3 33
d 3 34
d 3 35
d 1 35
d 1 36
d 1 37
d 1 38
d 1 39
d 1 40
d 1 41
d 1 42
d 1 43
d 1 44
d 1 45
d 5 1
d 5 2
d 4 20
d 4 21
d 4 22
d 4 23
d 4 24
d 4 25
d 4 26
d 4 27
d 4 28
d 8 44
d 7 12
d 7 13
d 7 14
d 7 15
d 7 16
d 7 17
d 7 18
d 7 19
d 7 20
d 7 21
d 8 45
d 8 46
d 8 47
d 8 48
d 8 49
d 2 11
d 2 12
d 2 13
d 2 14
d 5 3
d 5 4
d 8 50
d 8 51
d 8 52
d 1 46
d 1 47
d 1 48
d 1 49
d 1 50
d 1 51
d 1 52
d 1 53
d 1 54
d 1 55
d 1 56
d 1 57
d 2 15
d 2 16
d 5 5
d 7 22
d 7 23
d 7 24
d 2 17
d 4 29
d 4 30
d 4 31
d 4 32
d 7 25
d 7 26
d 7 27
d 7 28
d 7 29
d 7 30
d 7 31
d 7 32
d 7 33
d 7 34
d 7 35
d 7 36
d 7 37
d 7 38
d 7 39
d 7 40
d 7 41
d 2 18
d 2 19
d 2 20
d 2 21
d 2 22
d 2 23
d 2 24
d 2 25
d 2 26
d 2 27
d 2 28
d 2 29
d 2 30
d 2 31
d 2 32
d 2 33
d 2 34
d 2 35
d 2 36
d 2 37
d 2 38
d 2 39
d 8 53
d 8 54
d 8 55
d 8 56
d 8 57
d 8 58
d 8 59
d 8 60
d 8 61
d 8 62
d 8 63
d 8 64
d 8 65
d 8 66
d 8 67
d 8 68
d 8 69
d 8 70
d 8 71
d 8 72
d 8 73
d 8 74
d 8 75
d 8 76
d 8 77
d 8 78
d 8 79
d 8 80
d 8 81
d 8 82
d 8 83
d 8 84
d 8 85
d 8 86
d 8 87
d 8 88
d 8 89
d 8 90
d 8 91
d 8 92
d 8 93
d 8 94
d 8 95
d 8 96
d 8 97
d 8 98
d 8 99
d 8 100
d 8 101
d 5 6
d 5 7
d 5 8
d 5 9
d 5 10
d 5 11
d 5 12
d 5 13
d 5 14
d 5 15
d 5 16
d 5 17
d 5 18
d 5 19
d 5 20
d 5 21
d 7 42
d 7 43
d 7 44
d 5 22
d 4 33
d 4 34
